4.5346 	WARNING 	User requested fullscreen with size [1536  864], but screen is actually [1920, 1080]. Using actual size
5.2585 	EXP 	Created window1 = Window(allowGUI=True, allowStencil=False, autoLog=True, backendConf=UNKNOWN, backgroundFit=<method-wrapper '__getattribute__' of attributeSetter object at 0x00000232DA430580>, backgroundImage=<method-wrapper '__getattribute__' of attributeSetter object at 0x00000232DA430520>, bitsMode=UNKNOWN, blendMode='avg', bpc=(8, 8, 8), color=array([-1., -1., -1.]), colorSpace='rgb', depthBits=8, fullscr=<method-wrapper '__getattribute__' of attributeSetter object at 0x00000232DA4303A0>, gamma=None, gammaErrorPolicy='raise', lms=UNKNOWN, monitor=<psychopy.monitors.calibTools.Monitor object at 0x00000232DA5F6FD0>, multiSample=False, name='window1', numSamples=2, pos=(0, 0), screen=0, size=array([1920, 1080]), stencilBits=0, stereo=False, title='PsychoPy', units='height', useFBO=True, useRetina=False, viewOri=0.0, viewPos=None, viewScale=None, waitBlanking=True, winType='pyglet')
5.2586 	EXP 	window1: mouseVisible = True
5.2586 	EXP 	window1: backgroundImage = ''
5.2587 	EXP 	window1: backgroundFit = 'none'
5.2614 	EXP 	window1: Attempting to measure frame rate of screen (0) ...
5.2614 	EXP 	window1: recordFrameIntervals = False
5.4231 	EXP 	window1: recordFrameIntervals = True
5.6077 	EXP 	Screen (0) actual frame rate measured at 59.76Hz
5.6077 	EXP 	window1: recordFrameIntervals = False
5.6080 	EXP 	window1: mouseVisible = False
7.4009 	EXP 	Trial_mult: status = STARTED
7.4012 	EXP 	window1: mouseVisible = True
7.4497 	EXP 	Created Instructions = TextStim(__class__=<class 'psychopy.visual.text.TextStim'>, alignHoriz=method-wrapper(...), alignText='center', alignVert=method-wrapper(...), anchorHoriz='center', anchorVert='center', antialias=True, autoDraw=False, autoLog=True, bold=False, color=array([1., 1., 1.]), colorSpace='rgb', contrast=1.0, depth=0.0, draggable=False, flipHoriz=False, flipVert=False, font='Open Sans', fontFiles=[], height=0.05, italic=False, languageStyle='LTR', name='Instructions', opacity=1.0, ori=0.0, pos=array([0., 0.]), rgb=UNKNOWN, text=str(...), units='height', win=Window(...), wrapWidth=1)
7.4498 	EXP 	window1: mouseVisible = True
7.4530 	EXP 	Created cross = TextStim(__class__=<class 'psychopy.visual.text.TextStim'>, alignHoriz=method-wrapper(...), alignText='center', alignVert=method-wrapper(...), anchorHoriz='center', anchorVert='center', antialias=True, autoDraw=False, autoLog=True, bold=False, color=array([1., 1., 1.]), colorSpace='rgb', contrast=1.0, depth=0.0, draggable=False, flipHoriz=False, flipVert=False, font='Open Sans', fontFiles=[], height=0.05, italic=False, languageStyle='LTR', name='cross', opacity=1.0, ori=0.0, pos=array([0., 0.]), rgb=UNKNOWN, text='+', units='height', win=Window(...), wrapWidth=1)
7.9667 	EXP 	Sound sound_1 set volume 1.000
7.9669 	EXP 	window1: mouseVisible = True
7.9727 	EXP 	Created Rest = TextStim(__class__=<class 'psychopy.visual.text.TextStim'>, alignHoriz=method-wrapper(...), alignText='center', alignVert=method-wrapper(...), anchorHoriz='center', anchorVert='center', antialias=True, autoDraw=False, autoLog=True, bold=False, color=array([1., 1., 1.]), colorSpace='rgb', contrast=1.0, depth=0.0, draggable=False, flipHoriz=False, flipVert=False, font='Open Sans', fontFiles=[], height=0.05, italic=False, languageStyle='LTR', name='Rest', opacity=1.0, ori=0.0, pos=array([0., 0.]), rgb=UNKNOWN, text='Take a break!\n\nPress any key to continue.', units='height', win=Window(...), wrapWidth=1)
7.9728 	EXP 	window1: mouseVisible = True
7.9846 	EXP 	Created respp = TextStim(__class__=<class 'psychopy.visual.text.TextStim'>, alignHoriz=method-wrapper(...), alignText='center', alignVert=method-wrapper(...), anchorHoriz='center', anchorVert='center', antialias=True, autoDraw=False, autoLog=True, bold=False, color=array([1., 1., 1.]), colorSpace='rgb', contrast=1.0, depth=0.0, draggable=False, flipHoriz=False, flipVert=False, font='Open Sans', fontFiles=[], height=0.05, italic=False, languageStyle='LTR', name='respp', opacity=1.0, ori=0.0, pos=array([0., 0.]), rgb=UNKNOWN, text=str(...), units='height', win=Window(...), wrapWidth=1)
0.0103 	EXP 	Instructions: autoDraw = True
10.0202 	EXP 	Instructions: autoDraw = False
11.4572 	EXP 	Imported audio_file_paths.csv as conditions, 400 conditions, 1 params
11.4581 	EXP 	Created sequence: sequential, trialTypes=400, nReps=1, seed=None
11.4582 	EXP 	New trial (rep=0, index=0): OrderedDict([('audio', 'block1_trial1_attendright_leadtarget.wav')])
11.4698 	EXP 	Instructions: autoDraw = False
11.4698 	EXP 	cross: autoDraw = True
13.4612 	EXP 	Sound  started
17.2341 	EXP 	cross: autoDraw = False
22.9689 	EXP 	respp: autoDraw = True
24.9478 	EXP 	Trial_mult: status = STOPPED
24.9633 	EXP 	respp: autoDraw = False
24.9635 	EXP 	Trial_mult: status = STOPPED
25.0813 	EXP 	window1: mouseVisible = True
