5.2080 	WARNING 	User requested fullscreen with size [1536  864], but screen is actually [1920, 1080]. Using actual size
5.8155 	EXP 	Created window1 = Window(allowGUI=True, allowStencil=False, autoLog=True, backendConf=UNKNOWN, backgroundFit=<method-wrapper '__getattribute__' of attributeSetter object at 0x000001E661540550>, backgroundImage=<method-wrapper '__getattribute__' of attributeSetter object at 0x000001E6615404F0>, bitsMode=UNKNOWN, blendMode='avg', bpc=(8, 8, 8), color=array([-1., -1., -1.]), colorSpace='rgb', depthBits=8, fullscr=<method-wrapper '__getattribute__' of attributeSetter object at 0x000001E661540370>, gamma=None, gammaErrorPolicy='raise', lms=UNKNOWN, monitor=<psychopy.monitors.calibTools.Monitor object at 0x000001E661747FA0>, multiSample=False, name='window1', numSamples=2, pos=(0, 0), screen=0, size=array([1920, 1080]), stencilBits=0, stereo=False, title='PsychoPy', units='height', useFBO=True, useRetina=False, viewOri=0.0, viewPos=None, viewScale=None, waitBlanking=True, winType='pyglet')
5.8156 	EXP 	window1: mouseVisible = True
5.8157 	EXP 	window1: backgroundImage = ''
5.8157 	EXP 	window1: backgroundFit = 'none'
5.8183 	EXP 	window1: Attempting to measure frame rate of screen (0) ...
5.8183 	EXP 	window1: recordFrameIntervals = False
5.9811 	EXP 	window1: recordFrameIntervals = True
6.1643 	EXP 	Screen (0) actual frame rate measured at 60.19Hz
6.1644 	EXP 	window1: recordFrameIntervals = False
6.1647 	EXP 	window1: mouseVisible = False
8.0473 	EXP 	Trial_mult: status = STARTED
8.0477 	EXP 	window1: mouseVisible = True
8.0969 	EXP 	Created Instructions = TextStim(__class__=<class 'psychopy.visual.text.TextStim'>, alignHoriz=method-wrapper(...), alignText='center', alignVert=method-wrapper(...), anchorHoriz='center', anchorVert='center', antialias=True, autoDraw=False, autoLog=True, bold=False, color=array([1., 1., 1.]), colorSpace='rgb', contrast=1.0, depth=0.0, draggable=False, flipHoriz=False, flipVert=False, font='Open Sans', fontFiles=[], height=0.05, italic=False, languageStyle='LTR', name='Instructions', opacity=1.0, ori=0.0, pos=array([0., 0.]), rgb=UNKNOWN, text=str(...), units='height', win=Window(...), wrapWidth=1)
8.0970 	EXP 	window1: mouseVisible = True
8.0996 	EXP 	Created cross = TextStim(__class__=<class 'psychopy.visual.text.TextStim'>, alignHoriz=method-wrapper(...), alignText='center', alignVert=method-wrapper(...), anchorHoriz='center', anchorVert='center', antialias=True, autoDraw=False, autoLog=True, bold=False, color=array([1., 1., 1.]), colorSpace='rgb', contrast=1.0, depth=0.0, draggable=False, flipHoriz=False, flipVert=False, font='Open Sans', fontFiles=[], height=0.05, italic=False, languageStyle='LTR', name='cross', opacity=1.0, ori=0.0, pos=array([0., 0.]), rgb=UNKNOWN, text='+', units='height', win=Window(...), wrapWidth=1)
8.7096 	EXP 	Sound sound_1 set volume 1.000
8.7098 	EXP 	window1: mouseVisible = True
8.7152 	EXP 	Created Rest = TextStim(__class__=<class 'psychopy.visual.text.TextStim'>, alignHoriz=method-wrapper(...), alignText='center', alignVert=method-wrapper(...), anchorHoriz='center', anchorVert='center', antialias=True, autoDraw=False, autoLog=True, bold=False, color=array([1., 1., 1.]), colorSpace='rgb', contrast=1.0, depth=0.0, draggable=False, flipHoriz=False, flipVert=False, font='Open Sans', fontFiles=[], height=0.05, italic=False, languageStyle='LTR', name='Rest', opacity=1.0, ori=0.0, pos=array([0., 0.]), rgb=UNKNOWN, text='Take a break!\n\nPress any key to continue.', units='height', win=Window(...), wrapWidth=1)
8.7153 	EXP 	window1: mouseVisible = True
8.7275 	EXP 	Created respp = TextStim(__class__=<class 'psychopy.visual.text.TextStim'>, alignHoriz=method-wrapper(...), alignText='center', alignVert=method-wrapper(...), anchorHoriz='center', anchorVert='center', antialias=True, autoDraw=False, autoLog=True, bold=False, color=array([1., 1., 1.]), colorSpace='rgb', contrast=1.0, depth=0.0, draggable=False, flipHoriz=False, flipVert=False, font='Open Sans', fontFiles=[], height=0.05, italic=False, languageStyle='LTR', name='respp', opacity=1.0, ori=0.0, pos=array([0., 0.]), rgb=UNKNOWN, text=str(...), units='height', win=Window(...), wrapWidth=1)
0.0136 	EXP 	Instructions: autoDraw = True
4.2399 	EXP 	Imported audio_file_paths.csv as conditions, 400 conditions, 1 params
4.2414 	EXP 	Created sequence: sequential, trialTypes=400, nReps=1, seed=None
4.2416 	EXP 	New trial (rep=0, index=0): OrderedDict([('audio', 'block1_trial1_attendright_leadtarget.wav')])
4.2502 	EXP 	Instructions: autoDraw = False
4.2502 	EXP 	cross: autoDraw = True
6.2457 	EXP 	Sound  started
10.0018 	EXP 	cross: autoDraw = False
10.0018 	EXP 	respp: autoDraw = True
11.8341 	EXP 	New trial (rep=0, index=1): OrderedDict([('audio', 'block1_trial2_attendright_leadmasker.wav')])
11.8463 	EXP 	respp: autoDraw = False
11.8463 	EXP 	cross: autoDraw = True
13.8416 	EXP 	Sound  started
17.5974 	EXP 	cross: autoDraw = False
17.6139 	EXP 	cross: autoDraw = False
17.6139 	EXP 	respp: autoDraw = True
21.4581 	DATA 	Mouse: wheel shift=(0,0), pos=(1210,230)
21.4753 	DATA 	Mouse: wheel shift=(0,0), pos=(1210,230)
21.4916 	DATA 	Mouse: wheel shift=(0,0), pos=(1210,230)
21.5096 	DATA 	Mouse: wheel shift=(0,0), pos=(1210,230)
21.5254 	DATA 	Mouse: wheel shift=(0,0), pos=(1210,230)
21.5422 	DATA 	Mouse: wheel shift=(0,0), pos=(1210,230)
21.5580 	DATA 	Mouse: wheel shift=(0,0), pos=(1210,230)
21.5734 	DATA 	Mouse: wheel shift=(0,0), pos=(1210,230)
21.5899 	DATA 	Mouse: wheel shift=(0,0), pos=(1210,230)
21.6063 	DATA 	Mouse: wheel shift=(0,0), pos=(1210,230)
21.6224 	DATA 	Mouse: wheel shift=(0,0), pos=(1210,230)
21.6398 	DATA 	Mouse: wheel shift=(0,0), pos=(1210,230)
21.8370 	EXP 	New trial (rep=0, index=2): OrderedDict([('audio', 'block1_trial3_attendleft_leadmasker.wav')])
21.8525 	EXP 	respp: autoDraw = False
22.2083 	EXP 	window1: mouseVisible = True
