4.1800 	WARNING 	User requested fullscreen with size [1536  864], but screen is actually [1920, 1080]. Using actual size
4.8493 	EXP 	Created window1 = Window(allowGUI=True, allowStencil=False, autoLog=True, backendConf=UNKNOWN, backgroundFit=<method-wrapper '__getattribute__' of attributeSetter object at 0x0000026436DA0610>, backgroundImage=<method-wrapper '__getattribute__' of attributeSetter object at 0x0000026436DA05B0>, bitsMode=UNKNOWN, blendMode='avg', bpc=(8, 8, 8), color=array([-1., -1., -1.]), colorSpace='rgb', depthBits=8, fullscr=<method-wrapper '__getattribute__' of attributeSetter object at 0x0000026436DA0430>, gamma=None, gammaErrorPolicy='raise', lms=UNKNOWN, monitor=<psychopy.monitors.calibTools.Monitor object at 0x0000026436FA90A0>, multiSample=False, name='window1', numSamples=2, pos=(0, 0), screen=0, size=array([1920, 1080]), stencilBits=0, stereo=False, title='PsychoPy', units='height', useFBO=True, useRetina=False, viewOri=0.0, viewPos=None, viewScale=None, waitBlanking=True, winType='pyglet')
4.8494 	EXP 	window1: mouseVisible = True
4.8495 	EXP 	window1: backgroundImage = ''
4.8495 	EXP 	window1: backgroundFit = 'none'
4.8522 	EXP 	window1: Attempting to measure frame rate of screen (0) ...
4.8522 	EXP 	window1: recordFrameIntervals = False
5.0141 	EXP 	window1: recordFrameIntervals = True
5.1981 	EXP 	Screen (0) actual frame rate measured at 60.14Hz
5.1982 	EXP 	window1: recordFrameIntervals = False
5.1986 	EXP 	window1: mouseVisible = False
6.9900 	EXP 	Trial_mult: status = STARTED
6.9906 	EXP 	window1: mouseVisible = True
7.0419 	EXP 	Created Instructions = TextStim(__class__=<class 'psychopy.visual.text.TextStim'>, alignHoriz=method-wrapper(...), alignText='center', alignVert=method-wrapper(...), anchorHoriz='center', anchorVert='center', antialias=True, autoDraw=False, autoLog=True, bold=False, color=array([1., 1., 1.]), colorSpace='rgb', contrast=1.0, depth=0.0, draggable=False, flipHoriz=False, flipVert=False, font='Open Sans', fontFiles=[], height=0.05, italic=False, languageStyle='LTR', name='Instructions', opacity=1.0, ori=0.0, pos=array([0., 0.]), rgb=UNKNOWN, text=str(...), units='height', win=Window(...), wrapWidth=1)
7.0420 	EXP 	window1: mouseVisible = True
7.0446 	EXP 	Created cross = TextStim(__class__=<class 'psychopy.visual.text.TextStim'>, alignHoriz=method-wrapper(...), alignText='center', alignVert=method-wrapper(...), anchorHoriz='center', anchorVert='center', antialias=True, autoDraw=False, autoLog=True, bold=False, color=array([1., 1., 1.]), colorSpace='rgb', contrast=1.0, depth=0.0, draggable=False, flipHoriz=False, flipVert=False, font='Open Sans', fontFiles=[], height=0.05, italic=False, languageStyle='LTR', name='cross', opacity=1.0, ori=0.0, pos=array([0., 0.]), rgb=UNKNOWN, text='+', units='height', win=Window(...), wrapWidth=1)
7.6996 	EXP 	Sound sound_1 set volume 1.000
7.6997 	EXP 	window1: mouseVisible = True
7.7045 	EXP 	Created Rest = TextStim(__class__=<class 'psychopy.visual.text.TextStim'>, alignHoriz=method-wrapper(...), alignText='center', alignVert=method-wrapper(...), anchorHoriz='center', anchorVert='center', antialias=True, autoDraw=False, autoLog=True, bold=False, color=array([1., 1., 1.]), colorSpace='rgb', contrast=1.0, depth=0.0, draggable=False, flipHoriz=False, flipVert=False, font='Open Sans', fontFiles=[], height=0.05, italic=False, languageStyle='LTR', name='Rest', opacity=1.0, ori=0.0, pos=array([0., 0.]), rgb=UNKNOWN, text='Take a break!\n\nPress any key to continue.', units='height', win=Window(...), wrapWidth=1)
7.7046 	EXP 	window1: mouseVisible = True
7.7173 	EXP 	Created respp = TextStim(__class__=<class 'psychopy.visual.text.TextStim'>, alignHoriz=method-wrapper(...), alignText='center', alignVert=method-wrapper(...), anchorHoriz='center', anchorVert='center', antialias=True, autoDraw=False, autoLog=True, bold=False, color=array([1., 1., 1.]), colorSpace='rgb', contrast=1.0, depth=0.0, draggable=False, flipHoriz=False, flipVert=False, font='Open Sans', fontFiles=[], height=0.05, italic=False, languageStyle='LTR', name='respp', opacity=1.0, ori=0.0, pos=array([0., 0.]), rgb=UNKNOWN, text=str(...), units='height', win=Window(...), wrapWidth=1)
0.0113 	EXP 	Instructions: autoDraw = True
4.8314 	EXP 	Imported audio_file_paths.csv as conditions, 400 conditions, 1 params
4.8322 	EXP 	Created sequence: sequential, trialTypes=400, nReps=1, seed=None
4.8323 	EXP 	New trial (rep=0, index=0): OrderedDict([('audio', 'block1_trial1_attendright_leadtarget.wav')])
4.8423 	EXP 	Instructions: autoDraw = False
4.8423 	EXP 	cross: autoDraw = True
6.8375 	EXP 	Sound  started
10.5938 	EXP 	cross: autoDraw = False
10.5938 	EXP 	respp: autoDraw = True
13.2561 	EXP 	New trial (rep=0, index=1): OrderedDict([('audio', 'block1_trial2_attendright_leadmasker.wav')])
13.2694 	EXP 	respp: autoDraw = False
13.2694 	EXP 	cross: autoDraw = True
15.2649 	EXP 	Sound  started
19.0206 	EXP 	cross: autoDraw = False
19.0371 	EXP 	cross: autoDraw = False
19.0371 	EXP 	respp: autoDraw = True
20.8678 	EXP 	New trial (rep=0, index=2): OrderedDict([('audio', 'block1_trial3_attendleft_leadmasker.wav')])
20.8821 	EXP 	respp: autoDraw = False
20.8821 	EXP 	cross: autoDraw = True
22.8769 	EXP 	Sound  started
26.6330 	EXP 	cross: autoDraw = False
26.6498 	EXP 	cross: autoDraw = False
26.6498 	EXP 	respp: autoDraw = True
28.0805 	EXP 	New trial (rep=0, index=3): OrderedDict([('audio', 'block1_trial4_attendright_leadtarget.wav')])
28.0955 	EXP 	respp: autoDraw = False
28.0955 	EXP 	cross: autoDraw = True
30.0904 	EXP 	Sound  started
33.8467 	EXP 	cross: autoDraw = False
33.8635 	EXP 	cross: autoDraw = False
33.8635 	EXP 	respp: autoDraw = True
34.7635 	EXP 	New trial (rep=0, index=4): OrderedDict([('audio', 'block1_trial5_attendleft_leadtarget.wav')])
34.7772 	EXP 	respp: autoDraw = False
34.7772 	EXP 	cross: autoDraw = True
35.3764 	EXP 	Trial_mult: status = STOPPED
35.3926 	EXP 	cross: autoDraw = False
35.3929 	EXP 	Trial_mult: status = STOPPED
35.5212 	EXP 	window1: mouseVisible = True
