4.8997 	WARNING 	Requested audio device 'ASIO Fireface USB' that is not available on this hardware. The 'audioDevice' preference should be one of ['3 - DELL U2415 (AMD High Definition Audio Device)', '4 - DELL U2415 (AMD High Definition Audio Device)', 'ADAT (3+4) (RME Fireface UCX II)', 'ADAT (5+6) (RME Fireface UCX II)', 'ADAT (7+8) (RME Fireface UCX II)', 'AES (RME Fireface UCX II)', 'Analog (1+2) (RME Fireface UCX II)', 'Analog (3+4) (RME Fireface UCX II)', 'Analog (5+6) (RME Fireface UCX II)', 'SPDIF coax. (RME Fireface UCX II)', 'SPDIF/ADAT (1+2) (RME Fireface UCX II)', 'Speakers (RME Fireface UCX II)', 'Speakers/Headphones (Realtek(R) Audio)']
10.8776 	WARNING 	User requested fullscreen with size [1536  864], but screen is actually [1920, 1200]. Using actual size
12.7690 	EXP 	Created window1 = Window(allowGUI=True, allowStencil=False, autoLog=True, backendConf=UNKNOWN, backgroundFit=<method-wrapper '__getattribute__' of attributeSetter object at 0x000001CEBF3BBC70>, backgroundImage=<method-wrapper '__getattribute__' of attributeSetter object at 0x000001CEBF3BBC10>, bitsMode=UNKNOWN, blendMode='avg', bpc=(8, 8, 8), color=array([-1., -1., -1.]), colorSpace='rgb', depthBits=8, fullscr=<method-wrapper '__getattribute__' of attributeSetter object at 0x000001CEBF3BBA60>, gamma=None, gammaErrorPolicy='raise', lms=UNKNOWN, monitor=<psychopy.monitors.calibTools.Monitor object at 0x000001CEBF75A1C0>, multiSample=False, name='window1', numSamples=2, pos=(0, 0), screen=0, size=array([1920, 1200]), stencilBits=0, stereo=False, title='PsychoPy', units='height', useFBO=True, useRetina=False, viewOri=0.0, viewPos=None, viewScale=None, waitBlanking=True, winType='pyglet')
12.7691 	EXP 	window1: mouseVisible = True
12.7691 	EXP 	window1: backgroundImage = ''
12.7691 	EXP 	window1: backgroundFit = 'none'
12.7710 	EXP 	window1: Attempting to measure frame rate of screen (0) ...
12.7710 	EXP 	window1: recordFrameIntervals = False
12.9347 	EXP 	window1: recordFrameIntervals = True
13.1184 	EXP 	Screen (0) actual frame rate measured at 59.91Hz
13.1184 	EXP 	window1: recordFrameIntervals = False
13.1185 	EXP 	window1: mouseVisible = False
18.3291 	EXP 	Trial_mult: status = STARTED
18.3296 	EXP 	window1: mouseVisible = True
18.4220 	EXP 	Created Instructions = TextStim(__class__=<class 'psychopy.visual.text.TextStim'>, alignHoriz=method-wrapper(...), alignText='center', alignVert=method-wrapper(...), anchorHoriz='center', anchorVert='center', antialias=True, autoDraw=False, autoLog=True, bold=False, color=array([1., 1., 1.]), colorSpace='rgb', contrast=1.0, depth=0.0, draggable=False, flipHoriz=False, flipVert=False, font='Open Sans', fontFiles=[], height=0.05, italic=False, languageStyle='LTR', name='Instructions', opacity=1.0, ori=0.0, pos=array([0., 0.]), rgb=UNKNOWN, text=str(...), units='height', win=Window(...), wrapWidth=1)
18.4222 	EXP 	window1: mouseVisible = True
18.4260 	EXP 	Created cross = TextStim(__class__=<class 'psychopy.visual.text.TextStim'>, alignHoriz=method-wrapper(...), alignText='center', alignVert=method-wrapper(...), anchorHoriz='center', anchorVert='center', antialias=True, autoDraw=False, autoLog=True, bold=False, color=array([1., 1., 1.]), colorSpace='rgb', contrast=1.0, depth=0.0, draggable=False, flipHoriz=False, flipVert=False, font='Open Sans', fontFiles=[], height=0.05, italic=False, languageStyle='LTR', name='cross', opacity=1.0, ori=0.0, pos=array([0., 0.]), rgb=UNKNOWN, text='+', units='height', win=Window(...), wrapWidth=1)
18.4646 	EXP 	Sound sound_1 set volume 1.000
18.4647 	EXP 	window1: mouseVisible = True
18.4826 	EXP 	Created respp = TextStim(__class__=<class 'psychopy.visual.text.TextStim'>, alignHoriz=method-wrapper(...), alignText='center', alignVert=method-wrapper(...), anchorHoriz='center', anchorVert='center', antialias=True, autoDraw=False, autoLog=True, bold=False, color=array([1., 1., 1.]), colorSpace='rgb', contrast=1.0, depth=0.0, draggable=False, flipHoriz=False, flipVert=False, font='Open Sans', fontFiles=[], height=0.05, italic=False, languageStyle='LTR', name='respp', opacity=1.0, ori=0.0, pos=array([0., 0.]), rgb=UNKNOWN, text=str(...), units='height', win=Window(...), wrapWidth=1)
0.0409 	EXP 	Instructions: autoDraw = True
1.8667 	EXP 	Imported audio_file_paths.csv as conditions, 400 conditions, 1 params
1.8682 	EXP 	Created sequence: sequential, trialTypes=400, nReps=1, seed=None
1.8684 	EXP 	New trial (rep=0, index=0): OrderedDict([('audio', 'block1_trial1_attendright_leadtarget.wav')])
1.8923 	EXP 	Instructions: autoDraw = False
1.8923 	EXP 	cross: autoDraw = True
3.8597 	EXP 	Sound  started
7.6291 	EXP 	cross: autoDraw = False
13.3671 	EXP 	respp: autoDraw = True
15.1886 	EXP 	New trial (rep=0, index=1): OrderedDict([('audio', 'block1_trial2_attendright_leadmasker.wav')])
15.2021 	EXP 	respp: autoDraw = False
15.2021 	EXP 	cross: autoDraw = True
17.2037 	EXP 	Sound  started
20.9565 	EXP 	cross: autoDraw = False
26.6944 	EXP 	respp: autoDraw = True
28.3474 	EXP 	New trial (rep=0, index=2): OrderedDict([('audio', 'block1_trial3_attendleft_leadmasker.wav')])
28.3624 	EXP 	respp: autoDraw = False
28.3624 	EXP 	cross: autoDraw = True
30.3475 	EXP 	Sound  started
34.1179 	EXP 	cross: autoDraw = False
39.8552 	EXP 	respp: autoDraw = True
42.3757 	EXP 	New trial (rep=0, index=3): OrderedDict([('audio', 'block1_trial4_attendright_leadtarget.wav')])
42.3903 	EXP 	respp: autoDraw = False
42.3903 	EXP 	cross: autoDraw = True
44.3756 	EXP 	Sound  started
48.1454 	EXP 	cross: autoDraw = False
49.2303 	EXP 	Trial_mult: status = STOPPED
49.2459 	EXP 	Trial_mult: status = STOPPED
49.2972 	EXP 	window1: mouseVisible = True
