14.0779 	WARNING 	User requested fullscreen with size [1536  864], but screen is actually [1920, 1080]. Using actual size
14.8808 	EXP 	Created window1 = Window(allowGUI=True, allowStencil=False, autoLog=True, backendConf=UNKNOWN, backgroundFit=<method-wrapper '__getattribute__' of attributeSetter object at 0x000001EAFB0616A0>, backgroundImage=<method-wrapper '__getattribute__' of attributeSetter object at 0x000001EAFB061640>, bitsMode=UNKNOWN, blendMode='avg', bpc=(8, 8, 8), color=array([-1., -1., -1.]), colorSpace='rgb', depthBits=8, fullscr=<method-wrapper '__getattribute__' of attributeSetter object at 0x000001EAFB0614C0>, gamma=None, gammaErrorPolicy='raise', lms=UNKNOWN, monitor=<psychopy.monitors.calibTools.Monitor object at 0x000001EAFB269130>, multiSample=False, name='window1', numSamples=2, pos=(0, 0), screen=0, size=array([1920, 1080]), stencilBits=0, stereo=False, title='PsychoPy', units='height', useFBO=True, useRetina=False, viewOri=0.0, viewPos=None, viewScale=None, waitBlanking=True, winType='pyglet')
14.8809 	EXP 	window1: mouseVisible = True
14.8809 	EXP 	window1: backgroundImage = ''
14.8809 	EXP 	window1: backgroundFit = 'none'
14.8819 	EXP 	window1: Attempting to measure frame rate of screen (0) ...
14.8819 	EXP 	window1: recordFrameIntervals = False
15.0473 	EXP 	window1: recordFrameIntervals = True
15.2308 	EXP 	Screen (0) actual frame rate measured at 60.20Hz
15.2309 	EXP 	window1: recordFrameIntervals = False
15.2311 	EXP 	window1: mouseVisible = False
17.1145 	EXP 	Trial_mult: status = STARTED
17.1153 	EXP 	window1: mouseVisible = True
17.2310 	EXP 	Created Instructions = TextStim(__class__=<class 'psychopy.visual.text.TextStim'>, alignHoriz=method-wrapper(...), alignText='center', alignVert=method-wrapper(...), anchorHoriz='center', anchorVert='center', antialias=True, autoDraw=False, autoLog=True, bold=False, color=array([1., 1., 1.]), colorSpace='rgb', contrast=1.0, depth=0.0, draggable=False, flipHoriz=False, flipVert=False, font='Open Sans', fontFiles=[], height=0.05, italic=False, languageStyle='LTR', name='Instructions', opacity=1.0, ori=0.0, pos=array([0., 0.]), rgb=UNKNOWN, text=str(...), units='height', win=Window(...), wrapWidth=1)
17.2311 	EXP 	window1: mouseVisible = True
17.2359 	EXP 	Created cross = TextStim(__class__=<class 'psychopy.visual.text.TextStim'>, alignHoriz=method-wrapper(...), alignText='center', alignVert=method-wrapper(...), anchorHoriz='center', anchorVert='center', antialias=True, autoDraw=False, autoLog=True, bold=False, color=array([1., 1., 1.]), colorSpace='rgb', contrast=1.0, depth=0.0, draggable=False, flipHoriz=False, flipVert=False, font='Open Sans', fontFiles=[], height=0.05, italic=False, languageStyle='LTR', name='cross', opacity=1.0, ori=0.0, pos=array([0., 0.]), rgb=UNKNOWN, text='+', units='height', win=Window(...), wrapWidth=1)
17.7730 	EXP 	Sound sound_1 set volume 1.000
17.7732 	EXP 	window1: mouseVisible = True
17.7867 	EXP 	Created respp = TextStim(__class__=<class 'psychopy.visual.text.TextStim'>, alignHoriz=method-wrapper(...), alignText='center', alignVert=method-wrapper(...), anchorHoriz='center', anchorVert='center', antialias=True, autoDraw=False, autoLog=True, bold=False, color=array([1., 1., 1.]), colorSpace='rgb', contrast=1.0, depth=0.0, draggable=False, flipHoriz=False, flipVert=False, font='Open Sans', fontFiles=[], height=0.05, italic=False, languageStyle='LTR', name='respp', opacity=1.0, ori=0.0, pos=array([0., 0.]), rgb=UNKNOWN, text=str(...), units='height', win=Window(...), wrapWidth=1)
0.0084 	EXP 	Instructions: autoDraw = True
1.2048 	EXP 	Imported audio_file_paths.csv as conditions, 400 conditions, 1 params
1.2061 	EXP 	Created sequence: sequential, trialTypes=400, nReps=1, seed=None
1.2062 	EXP 	New trial (rep=0, index=0): OrderedDict([('audio', 'block1_trial1_attendright_leadtarget.wav')])
1.2167 	EXP 	Instructions: autoDraw = False
1.2167 	EXP 	cross: autoDraw = True
3.1450 	EXP 	Sound  started
6.9170 	EXP 	cross: autoDraw = False
12.6346 	EXP 	respp: autoDraw = True
16.8776 	EXP 	New trial (rep=0, index=1): OrderedDict([('audio', 'block1_trial2_attendright_leadmasker.wav')])
16.8895 	EXP 	respp: autoDraw = False
16.8895 	EXP 	respp: autoDraw = False
16.8895 	EXP 	cross: autoDraw = True
18.8956 	EXP 	Trial_mult: status = STOPPED
18.8979 	EXP 	cross: autoDraw = False
18.8980 	EXP 	Trial_mult: status = STOPPED
19.0193 	EXP 	window1: mouseVisible = True
