4.7909 	WARNING 	Requested audio device 'ASIO Fireface USB' that is not available on this hardware. The 'audioDevice' preference should be one of ['3 - DELL U2415 (AMD High Definition Audio Device)', '4 - DELL U2415 (AMD High Definition Audio Device)', 'ADAT (3+4) (RME Fireface UCX II)', 'ADAT (5+6) (RME Fireface UCX II)', 'ADAT (7+8) (RME Fireface UCX II)', 'AES (RME Fireface UCX II)', 'Analog (1+2) (RME Fireface UCX II)', 'Analog (3+4) (RME Fireface UCX II)', 'Analog (5+6) (RME Fireface UCX II)', 'SPDIF coax. (RME Fireface UCX II)', 'SPDIF/ADAT (1+2) (RME Fireface UCX II)', 'Speakers (RME Fireface UCX II)', 'Speakers/Headphones (Realtek(R) Audio)']
17.9586 	WARNING 	User requested fullscreen with size [1536  864], but screen is actually [1920, 1200]. Using actual size
19.7983 	EXP 	Created window1 = Window(allowGUI=True, allowStencil=False, autoLog=True, backendConf=UNKNOWN, backgroundFit=<method-wrapper '__getattribute__' of attributeSetter object at 0x000001F74D5FAC70>, backgroundImage=<method-wrapper '__getattribute__' of attributeSetter object at 0x000001F74D5FAC10>, bitsMode=UNKNOWN, blendMode='avg', bpc=(8, 8, 8), color=array([-1., -1., -1.]), colorSpace='rgb', depthBits=8, fullscr=<method-wrapper '__getattribute__' of attributeSetter object at 0x000001F74D5FAA60>, gamma=None, gammaErrorPolicy='raise', lms=UNKNOWN, monitor=<psychopy.monitors.calibTools.Monitor object at 0x000001F74D9991C0>, multiSample=False, name='window1', numSamples=2, pos=(0, 0), screen=0, size=array([1920, 1200]), stencilBits=0, stereo=False, title='PsychoPy', units='height', useFBO=True, useRetina=False, viewOri=0.0, viewPos=None, viewScale=None, waitBlanking=True, winType='pyglet')
19.7984 	EXP 	window1: mouseVisible = True
19.7984 	EXP 	window1: backgroundImage = ''
19.7984 	EXP 	window1: backgroundFit = 'none'
19.8002 	EXP 	window1: Attempting to measure frame rate of screen (0) ...
19.8002 	EXP 	window1: recordFrameIntervals = False
19.9651 	EXP 	window1: recordFrameIntervals = True
20.1482 	EXP 	Screen (0) actual frame rate measured at 60.05Hz
20.1482 	EXP 	window1: recordFrameIntervals = False
20.1483 	EXP 	window1: mouseVisible = False
25.2528 	EXP 	Trial_mult: status = STARTED
25.2533 	EXP 	window1: mouseVisible = True
25.3437 	EXP 	Created Instructions = TextStim(__class__=<class 'psychopy.visual.text.TextStim'>, alignHoriz=method-wrapper(...), alignText='center', alignVert=method-wrapper(...), anchorHoriz='center', anchorVert='center', antialias=True, autoDraw=False, autoLog=True, bold=False, color=array([1., 1., 1.]), colorSpace='rgb', contrast=1.0, depth=0.0, draggable=False, flipHoriz=False, flipVert=False, font='Open Sans', fontFiles=[], height=0.05, italic=False, languageStyle='LTR', name='Instructions', opacity=1.0, ori=0.0, pos=array([0., 0.]), rgb=UNKNOWN, text=str(...), units='height', win=Window(...), wrapWidth=1)
25.3439 	EXP 	window1: mouseVisible = True
25.3481 	EXP 	Created cross = TextStim(__class__=<class 'psychopy.visual.text.TextStim'>, alignHoriz=method-wrapper(...), alignText='center', alignVert=method-wrapper(...), anchorHoriz='center', anchorVert='center', antialias=True, autoDraw=False, autoLog=True, bold=False, color=array([1., 1., 1.]), colorSpace='rgb', contrast=1.0, depth=0.0, draggable=False, flipHoriz=False, flipVert=False, font='Open Sans', fontFiles=[], height=0.05, italic=False, languageStyle='LTR', name='cross', opacity=1.0, ori=0.0, pos=array([0., 0.]), rgb=UNKNOWN, text='+', units='height', win=Window(...), wrapWidth=1)
25.3816 	EXP 	Sound sound_1 set volume 1.000
25.3818 	EXP 	window1: mouseVisible = True
25.3991 	EXP 	Created respp = TextStim(__class__=<class 'psychopy.visual.text.TextStim'>, alignHoriz=method-wrapper(...), alignText='center', alignVert=method-wrapper(...), anchorHoriz='center', anchorVert='center', antialias=True, autoDraw=False, autoLog=True, bold=False, color=array([1., 1., 1.]), colorSpace='rgb', contrast=1.0, depth=0.0, draggable=False, flipHoriz=False, flipVert=False, font='Open Sans', fontFiles=[], height=0.05, italic=False, languageStyle='LTR', name='respp', opacity=1.0, ori=0.0, pos=array([0., 0.]), rgb=UNKNOWN, text=str(...), units='height', win=Window(...), wrapWidth=1)
0.0368 	EXP 	Instructions: autoDraw = True
1.4966 	EXP 	Imported audio_file_paths.csv as conditions, 400 conditions, 1 params
1.4982 	EXP 	Created sequence: sequential, trialTypes=400, nReps=1, seed=None
1.4984 	EXP 	New trial (rep=0, index=0): OrderedDict([('audio', 'block1_trial1_attendright_leadtarget.wav')])
1.5055 	DATA 	Keypress: space
1.5212 	EXP 	Instructions: autoDraw = False
1.5212 	EXP 	cross: autoDraw = True
3.4896 	EXP 	Sound  started
7.2592 	EXP 	cross: autoDraw = False
12.9964 	EXP 	respp: autoDraw = True
17.4520 	EXP 	window1: mouseVisible = True
