6.1578 	WARNING 	User requested fullscreen with size [1536  864], but screen is actually [1920, 1080]. Using actual size
6.8702 	EXP 	Created window1 = Window(allowGUI=True, allowStencil=False, autoLog=True, backendConf=UNKNOWN, backgroundFit=<method-wrapper '__getattribute__' of attributeSetter object at 0x00000198D50AF700>, backgroundImage=<method-wrapper '__getattribute__' of attributeSetter object at 0x00000198D50AF6A0>, bitsMode=UNKNOWN, blendMode='avg', bpc=(8, 8, 8), color=array([-1., -1., -1.]), colorSpace='rgb', depthBits=8, fullscr=<method-wrapper '__getattribute__' of attributeSetter object at 0x00000198D50AF520>, gamma=None, gammaErrorPolicy='raise', lms=UNKNOWN, monitor=<psychopy.monitors.calibTools.Monitor object at 0x00000198D52BA190>, multiSample=False, name='window1', numSamples=2, pos=(0, 0), screen=0, size=array([1920, 1080]), stencilBits=0, stereo=False, title='PsychoPy', units='height', useFBO=True, useRetina=False, viewOri=0.0, viewPos=None, viewScale=None, waitBlanking=True, winType='pyglet')
6.8705 	EXP 	window1: mouseVisible = True
6.8705 	EXP 	window1: backgroundImage = ''
6.8705 	EXP 	window1: backgroundFit = 'none'
6.8733 	EXP 	window1: Attempting to measure frame rate of screen (0) ...
6.8733 	EXP 	window1: recordFrameIntervals = False
7.0354 	EXP 	window1: recordFrameIntervals = True
7.2175 	EXP 	Screen (0) actual frame rate measured at 60.20Hz
7.2176 	EXP 	window1: recordFrameIntervals = False
7.2177 	EXP 	window1: mouseVisible = False
9.2067 	EXP 	Trial_mult: status = STARTED
9.2071 	EXP 	window1: mouseVisible = True
9.2653 	EXP 	Created Instructions = TextStim(__class__=<class 'psychopy.visual.text.TextStim'>, alignHoriz=method-wrapper(...), alignText='center', alignVert=method-wrapper(...), anchorHoriz='center', anchorVert='center', antialias=True, autoDraw=False, autoLog=True, bold=False, color=array([1., 1., 1.]), colorSpace='rgb', contrast=1.0, depth=0.0, draggable=False, flipHoriz=False, flipVert=False, font='Open Sans', fontFiles=[], height=0.05, italic=False, languageStyle='LTR', name='Instructions', opacity=1.0, ori=0.0, pos=array([0., 0.]), rgb=UNKNOWN, text=str(...), units='height', win=Window(...), wrapWidth=1)
9.2655 	EXP 	window1: mouseVisible = True
9.2678 	EXP 	Created cross = TextStim(__class__=<class 'psychopy.visual.text.TextStim'>, alignHoriz=method-wrapper(...), alignText='center', alignVert=method-wrapper(...), anchorHoriz='center', anchorVert='center', antialias=True, autoDraw=False, autoLog=True, bold=False, color=array([1., 1., 1.]), colorSpace='rgb', contrast=1.0, depth=0.0, draggable=False, flipHoriz=False, flipVert=False, font='Open Sans', fontFiles=[], height=0.05, italic=False, languageStyle='LTR', name='cross', opacity=1.0, ori=0.0, pos=array([0., 0.]), rgb=UNKNOWN, text='+', units='height', win=Window(...), wrapWidth=1)
9.9400 	EXP 	Sound sound_1 set volume 1.000
9.9401 	EXP 	window1: mouseVisible = True
9.9471 	EXP 	Created breakk = TextStim(__class__=<class 'psychopy.visual.text.TextStim'>, alignHoriz=method-wrapper(...), alignText='center', alignVert=method-wrapper(...), anchorHoriz='center', anchorVert='center', antialias=True, autoDraw=False, autoLog=True, bold=False, color=array([1., 1., 1.]), colorSpace='rgb', contrast=1.0, depth=0.0, draggable=False, flipHoriz=False, flipVert=False, font='Open Sans', fontFiles=[], height=0.05, italic=False, languageStyle='LTR', name='breakk', opacity=1.0, ori=0.0, pos=array([0., 0.]), rgb=UNKNOWN, text=str(...), units='height', win=Window(...), wrapWidth=1)
9.9472 	EXP 	window1: mouseVisible = True
9.9598 	EXP 	Created respp = TextStim(__class__=<class 'psychopy.visual.text.TextStim'>, alignHoriz=method-wrapper(...), alignText='center', alignVert=method-wrapper(...), anchorHoriz='center', anchorVert='center', antialias=True, autoDraw=False, autoLog=True, bold=False, color=array([1., 1., 1.]), colorSpace='rgb', contrast=1.0, depth=0.0, draggable=False, flipHoriz=False, flipVert=False, font='Open Sans', fontFiles=[], height=0.05, italic=False, languageStyle='LTR', name='respp', opacity=1.0, ori=0.0, pos=array([0., 0.]), rgb=UNKNOWN, text=str(...), units='height', win=Window(...), wrapWidth=1)
0.0179 	EXP 	Instructions: autoDraw = True
1.6146 	EXP 	Imported audio_file_paths.csv as conditions, 400 conditions, 1 params
1.6155 	EXP 	Created sequence: sequential, trialTypes=400, nReps=1, seed=None
1.6156 	EXP 	New trial (rep=0, index=0): OrderedDict([('audio', 'block1_trial1_attendright_leadtarget.wav')])
1.6157 	EXP 	New trial (rep=0, index=1): OrderedDict([('audio', 'block1_trial2_attendright_leadmasker.wav')])
1.6157 	EXP 	New trial (rep=0, index=2): OrderedDict([('audio', 'block1_trial3_attendleft_leadmasker.wav')])
1.6157 	EXP 	New trial (rep=0, index=3): OrderedDict([('audio', 'block1_trial4_attendright_leadtarget.wav')])
1.6158 	EXP 	New trial (rep=0, index=4): OrderedDict([('audio', 'block1_trial5_attendleft_leadtarget.wav')])
1.6158 	EXP 	New trial (rep=0, index=5): OrderedDict([('audio', 'block1_trial6_attendright_leadtarget.wav')])
1.6158 	EXP 	New trial (rep=0, index=6): OrderedDict([('audio', 'block1_trial7_attendleft_leadtarget.wav')])
1.6159 	EXP 	New trial (rep=0, index=7): OrderedDict([('audio', 'block1_trial8_attendleft_leadtarget.wav')])
1.6159 	EXP 	New trial (rep=0, index=8): OrderedDict([('audio', 'block1_trial9_attendleft_leadmasker.wav')])
1.6159 	EXP 	New trial (rep=0, index=9): OrderedDict([('audio', 'block1_trial10_attendright_leadmasker.wav')])
1.6160 	EXP 	New trial (rep=0, index=10): OrderedDict([('audio', 'block1_trial11_attendleft_leadtarget.wav')])
1.6160 	EXP 	New trial (rep=0, index=11): OrderedDict([('audio', 'block1_trial12_attendright_leadtarget.wav')])
1.6160 	EXP 	New trial (rep=0, index=12): OrderedDict([('audio', 'block1_trial13_attendleft_leadmasker.wav')])
1.6161 	EXP 	New trial (rep=0, index=13): OrderedDict([('audio', 'block1_trial14_attendright_leadmasker.wav')])
1.6161 	EXP 	New trial (rep=0, index=14): OrderedDict([('audio', 'block1_trial15_attendleft_leadtarget.wav')])
1.6161 	EXP 	New trial (rep=0, index=15): OrderedDict([('audio', 'block1_trial16_attendleft_leadmasker.wav')])
1.6162 	EXP 	New trial (rep=0, index=16): OrderedDict([('audio', 'block1_trial17_attendleft_leadtarget.wav')])
1.6162 	EXP 	New trial (rep=0, index=17): OrderedDict([('audio', 'block1_trial18_attendleft_leadmasker.wav')])
1.6162 	EXP 	New trial (rep=0, index=18): OrderedDict([('audio', 'block1_trial19_attendright_leadmasker.wav')])
1.6163 	EXP 	New trial (rep=0, index=19): OrderedDict([('audio', 'block1_trial20_attendright_leadtarget.wav')])
1.6163 	EXP 	New trial (rep=0, index=20): OrderedDict([('audio', 'block1_trial21_attendright_leadmasker.wav')])
1.6164 	EXP 	New trial (rep=0, index=21): OrderedDict([('audio', 'block1_trial22_attendleft_leadmasker.wav')])
1.6164 	EXP 	New trial (rep=0, index=22): OrderedDict([('audio', 'block1_trial23_attendleft_leadmasker.wav')])
1.6164 	EXP 	New trial (rep=0, index=23): OrderedDict([('audio', 'block1_trial24_attendleft_leadtarget.wav')])
1.6165 	EXP 	New trial (rep=0, index=24): OrderedDict([('audio', 'block1_trial25_attendright_leadmasker.wav')])
1.6165 	EXP 	New trial (rep=0, index=25): OrderedDict([('audio', 'block1_trial26_attendleft_leadmasker.wav')])
1.6165 	EXP 	New trial (rep=0, index=26): OrderedDict([('audio', 'block1_trial27_attendleft_leadmasker.wav')])
1.6166 	EXP 	New trial (rep=0, index=27): OrderedDict([('audio', 'block1_trial28_attendright_leadtarget.wav')])
1.6166 	EXP 	New trial (rep=0, index=28): OrderedDict([('audio', 'block1_trial29_attendleft_leadmasker.wav')])
1.6166 	EXP 	New trial (rep=0, index=29): OrderedDict([('audio', 'block1_trial30_attendleft_leadtarget.wav')])
1.6167 	EXP 	New trial (rep=0, index=30): OrderedDict([('audio', 'block1_trial31_attendright_leadtarget.wav')])
1.6167 	EXP 	New trial (rep=0, index=31): OrderedDict([('audio', 'block1_trial32_attendright_leadmasker.wav')])
1.6167 	EXP 	New trial (rep=0, index=32): OrderedDict([('audio', 'block1_trial33_attendright_leadtarget.wav')])
1.6167 	EXP 	New trial (rep=0, index=33): OrderedDict([('audio', 'block1_trial34_attendright_leadtarget.wav')])
1.6168 	EXP 	New trial (rep=0, index=34): OrderedDict([('audio', 'block1_trial35_attendright_leadmasker.wav')])
1.6168 	EXP 	New trial (rep=0, index=35): OrderedDict([('audio', 'block1_trial36_attendleft_leadtarget.wav')])
1.6168 	EXP 	New trial (rep=0, index=36): OrderedDict([('audio', 'block1_trial37_attendleft_leadtarget.wav')])
1.6169 	EXP 	New trial (rep=0, index=37): OrderedDict([('audio', 'block1_trial38_attendright_leadmasker.wav')])
1.6169 	EXP 	New trial (rep=0, index=38): OrderedDict([('audio', 'block1_trial39_attendright_leadmasker.wav')])
1.6169 	EXP 	New trial (rep=0, index=39): OrderedDict([('audio', 'block1_trial40_attendright_leadtarget.wav')])
1.6170 	EXP 	New trial (rep=0, index=40): OrderedDict([('audio', 'block2_trial1_attendright_leadmasker.wav')])
1.6202 	EXP 	Instructions: autoDraw = False
1.6202 	EXP 	breakk: autoDraw = True
8.5934 	EXP 	New trial (rep=0, index=41): OrderedDict([('audio', 'block2_trial2_attendleft_leadmasker.wav')])
8.5936 	EXP 	New trial (rep=0, index=42): OrderedDict([('audio', 'block2_trial3_attendright_leadtarget.wav')])
8.5937 	EXP 	New trial (rep=0, index=43): OrderedDict([('audio', 'block2_trial4_attendright_leadmasker.wav')])
8.5938 	EXP 	New trial (rep=0, index=44): OrderedDict([('audio', 'block2_trial5_attendleft_leadmasker.wav')])
8.5939 	EXP 	New trial (rep=0, index=45): OrderedDict([('audio', 'block2_trial6_attendleft_leadmasker.wav')])
8.5941 	EXP 	New trial (rep=0, index=46): OrderedDict([('audio', 'block2_trial7_attendleft_leadtarget.wav')])
8.5942 	EXP 	New trial (rep=0, index=47): OrderedDict([('audio', 'block2_trial8_attendright_leadmasker.wav')])
8.5943 	EXP 	New trial (rep=0, index=48): OrderedDict([('audio', 'block2_trial9_attendright_leadtarget.wav')])
8.5944 	EXP 	New trial (rep=0, index=49): OrderedDict([('audio', 'block2_trial10_attendleft_leadmasker.wav')])
8.5945 	EXP 	New trial (rep=0, index=50): OrderedDict([('audio', 'block2_trial11_attendright_leadmasker.wav')])
8.5945 	EXP 	New trial (rep=0, index=51): OrderedDict([('audio', 'block2_trial12_attendleft_leadtarget.wav')])
8.5949 	EXP 	New trial (rep=0, index=52): OrderedDict([('audio', 'block2_trial13_attendleft_leadtarget.wav')])
8.5951 	EXP 	New trial (rep=0, index=53): OrderedDict([('audio', 'block2_trial14_attendright_leadtarget.wav')])
8.5952 	EXP 	New trial (rep=0, index=54): OrderedDict([('audio', 'block2_trial15_attendleft_leadmasker.wav')])
8.5953 	EXP 	New trial (rep=0, index=55): OrderedDict([('audio', 'block2_trial16_attendright_leadmasker.wav')])
8.5954 	EXP 	New trial (rep=0, index=56): OrderedDict([('audio', 'block2_trial17_attendleft_leadtarget.wav')])
8.5954 	EXP 	New trial (rep=0, index=57): OrderedDict([('audio', 'block2_trial18_attendright_leadmasker.wav')])
8.5955 	EXP 	New trial (rep=0, index=58): OrderedDict([('audio', 'block2_trial19_attendleft_leadtarget.wav')])
8.5956 	EXP 	New trial (rep=0, index=59): OrderedDict([('audio', 'block2_trial20_attendleft_leadtarget.wav')])
8.5957 	EXP 	New trial (rep=0, index=60): OrderedDict([('audio', 'block2_trial21_attendright_leadtarget.wav')])
8.5957 	EXP 	New trial (rep=0, index=61): OrderedDict([('audio', 'block2_trial22_attendleft_leadtarget.wav')])
8.5958 	EXP 	New trial (rep=0, index=62): OrderedDict([('audio', 'block2_trial23_attendright_leadtarget.wav')])
8.5959 	EXP 	New trial (rep=0, index=63): OrderedDict([('audio', 'block2_trial24_attendright_leadmasker.wav')])
8.5959 	EXP 	New trial (rep=0, index=64): OrderedDict([('audio', 'block2_trial25_attendleft_leadmasker.wav')])
8.5960 	EXP 	New trial (rep=0, index=65): OrderedDict([('audio', 'block2_trial26_attendright_leadtarget.wav')])
8.5961 	EXP 	New trial (rep=0, index=66): OrderedDict([('audio', 'block2_trial27_attendleft_leadtarget.wav')])
8.5962 	EXP 	New trial (rep=0, index=67): OrderedDict([('audio', 'block2_trial28_attendright_leadtarget.wav')])
8.5963 	EXP 	New trial (rep=0, index=68): OrderedDict([('audio', 'block2_trial29_attendleft_leadmasker.wav')])
8.5963 	EXP 	New trial (rep=0, index=69): OrderedDict([('audio', 'block2_trial30_attendleft_leadmasker.wav')])
8.5964 	EXP 	New trial (rep=0, index=70): OrderedDict([('audio', 'block2_trial31_attendright_leadmasker.wav')])
8.5965 	EXP 	New trial (rep=0, index=71): OrderedDict([('audio', 'block2_trial32_attendright_leadmasker.wav')])
8.5965 	EXP 	New trial (rep=0, index=72): OrderedDict([('audio', 'block2_trial33_attendleft_leadtarget.wav')])
8.5966 	EXP 	New trial (rep=0, index=73): OrderedDict([('audio', 'block2_trial34_attendleft_leadmasker.wav')])
8.5967 	EXP 	New trial (rep=0, index=74): OrderedDict([('audio', 'block2_trial35_attendright_leadmasker.wav')])
8.5967 	EXP 	New trial (rep=0, index=75): OrderedDict([('audio', 'block2_trial36_attendright_leadtarget.wav')])
8.5968 	EXP 	New trial (rep=0, index=76): OrderedDict([('audio', 'block2_trial37_attendright_leadtarget.wav')])
8.5969 	EXP 	New trial (rep=0, index=77): OrderedDict([('audio', 'block2_trial38_attendleft_leadtarget.wav')])
8.5969 	EXP 	New trial (rep=0, index=78): OrderedDict([('audio', 'block2_trial39_attendright_leadtarget.wav')])
8.5970 	EXP 	New trial (rep=0, index=79): OrderedDict([('audio', 'block2_trial40_attendleft_leadmasker.wav')])
8.5970 	EXP 	New trial (rep=0, index=80): OrderedDict([('audio', 'block3_trial1_attendleft_leadmasker.wav')])
8.6095 	EXP 	breakk: autoDraw = False
8.6095 	EXP 	breakk: autoDraw = True
10.6380 	EXP 	New trial (rep=0, index=81): OrderedDict([('audio', 'block3_trial2_attendright_leadtarget.wav')])
10.6382 	EXP 	New trial (rep=0, index=82): OrderedDict([('audio', 'block3_trial3_attendright_leadmasker.wav')])
10.6383 	EXP 	New trial (rep=0, index=83): OrderedDict([('audio', 'block3_trial4_attendright_leadtarget.wav')])
10.6385 	EXP 	New trial (rep=0, index=84): OrderedDict([('audio', 'block3_trial5_attendleft_leadmasker.wav')])
10.6386 	EXP 	New trial (rep=0, index=85): OrderedDict([('audio', 'block3_trial6_attendright_leadmasker.wav')])
10.6388 	EXP 	New trial (rep=0, index=86): OrderedDict([('audio', 'block3_trial7_attendleft_leadtarget.wav')])
10.6389 	EXP 	New trial (rep=0, index=87): OrderedDict([('audio', 'block3_trial8_attendright_leadtarget.wav')])
10.6390 	EXP 	New trial (rep=0, index=88): OrderedDict([('audio', 'block3_trial9_attendleft_leadtarget.wav')])
10.6391 	EXP 	New trial (rep=0, index=89): OrderedDict([('audio', 'block3_trial10_attendright_leadtarget.wav')])
10.6392 	EXP 	New trial (rep=0, index=90): OrderedDict([('audio', 'block3_trial11_attendleft_leadmasker.wav')])
10.6393 	EXP 	New trial (rep=0, index=91): OrderedDict([('audio', 'block3_trial12_attendright_leadmasker.wav')])
10.6394 	EXP 	New trial (rep=0, index=92): OrderedDict([('audio', 'block3_trial13_attendleft_leadmasker.wav')])
10.6395 	EXP 	New trial (rep=0, index=93): OrderedDict([('audio', 'block3_trial14_attendright_leadtarget.wav')])
10.6396 	EXP 	New trial (rep=0, index=94): OrderedDict([('audio', 'block3_trial15_attendleft_leadtarget.wav')])
10.6397 	EXP 	New trial (rep=0, index=95): OrderedDict([('audio', 'block3_trial16_attendleft_leadtarget.wav')])
10.6398 	EXP 	New trial (rep=0, index=96): OrderedDict([('audio', 'block3_trial17_attendleft_leadmasker.wav')])
10.6399 	EXP 	New trial (rep=0, index=97): OrderedDict([('audio', 'block3_trial18_attendleft_leadmasker.wav')])
10.6400 	EXP 	New trial (rep=0, index=98): OrderedDict([('audio', 'block3_trial19_attendright_leadtarget.wav')])
10.6401 	EXP 	New trial (rep=0, index=99): OrderedDict([('audio', 'block3_trial20_attendleft_leadtarget.wav')])
10.6402 	EXP 	New trial (rep=0, index=100): OrderedDict([('audio', 'block3_trial21_attendright_leadmasker.wav')])
10.6403 	EXP 	New trial (rep=0, index=101): OrderedDict([('audio', 'block3_trial22_attendleft_leadtarget.wav')])
10.6404 	EXP 	New trial (rep=0, index=102): OrderedDict([('audio', 'block3_trial23_attendright_leadtarget.wav')])
10.6405 	EXP 	New trial (rep=0, index=103): OrderedDict([('audio', 'block3_trial24_attendleft_leadtarget.wav')])
10.6406 	EXP 	New trial (rep=0, index=104): OrderedDict([('audio', 'block3_trial25_attendleft_leadmasker.wav')])
10.6407 	EXP 	New trial (rep=0, index=105): OrderedDict([('audio', 'block3_trial26_attendleft_leadmasker.wav')])
10.6408 	EXP 	New trial (rep=0, index=106): OrderedDict([('audio', 'block3_trial27_attendright_leadmasker.wav')])
10.6408 	EXP 	New trial (rep=0, index=107): OrderedDict([('audio', 'block3_trial28_attendleft_leadmasker.wav')])
10.6409 	EXP 	New trial (rep=0, index=108): OrderedDict([('audio', 'block3_trial29_attendright_leadmasker.wav')])
10.6410 	EXP 	New trial (rep=0, index=109): OrderedDict([('audio', 'block3_trial30_attendright_leadmasker.wav')])
10.6411 	EXP 	New trial (rep=0, index=110): OrderedDict([('audio', 'block3_trial31_attendleft_leadtarget.wav')])
10.6412 	EXP 	New trial (rep=0, index=111): OrderedDict([('audio', 'block3_trial32_attendright_leadtarget.wav')])
10.6412 	EXP 	New trial (rep=0, index=112): OrderedDict([('audio', 'block3_trial33_attendright_leadmasker.wav')])
10.6413 	EXP 	New trial (rep=0, index=113): OrderedDict([('audio', 'block3_trial34_attendleft_leadtarget.wav')])
10.6414 	EXP 	New trial (rep=0, index=114): OrderedDict([('audio', 'block3_trial35_attendright_leadtarget.wav')])
10.6415 	EXP 	New trial (rep=0, index=115): OrderedDict([('audio', 'block3_trial36_attendleft_leadmasker.wav')])
10.6416 	EXP 	New trial (rep=0, index=116): OrderedDict([('audio', 'block3_trial37_attendright_leadmasker.wav')])
10.6417 	EXP 	New trial (rep=0, index=117): OrderedDict([('audio', 'block3_trial38_attendleft_leadtarget.wav')])
10.6417 	EXP 	New trial (rep=0, index=118): OrderedDict([('audio', 'block3_trial39_attendright_leadtarget.wav')])
10.6418 	EXP 	New trial (rep=0, index=119): OrderedDict([('audio', 'block3_trial40_attendright_leadmasker.wav')])
10.6419 	EXP 	New trial (rep=0, index=120): OrderedDict([('audio', 'block4_trial1_attendleft_leadtarget.wav')])
10.6538 	EXP 	breakk: autoDraw = False
10.6538 	EXP 	breakk: autoDraw = True
15.9897 	EXP 	New trial (rep=0, index=121): OrderedDict([('audio', 'block4_trial2_attendleft_leadtarget.wav')])
15.9899 	EXP 	New trial (rep=0, index=122): OrderedDict([('audio', 'block4_trial3_attendleft_leadmasker.wav')])
15.9901 	EXP 	New trial (rep=0, index=123): OrderedDict([('audio', 'block4_trial4_attendright_leadmasker.wav')])
15.9902 	EXP 	New trial (rep=0, index=124): OrderedDict([('audio', 'block4_trial5_attendright_leadtarget.wav')])
15.9903 	EXP 	New trial (rep=0, index=125): OrderedDict([('audio', 'block4_trial6_attendleft_leadtarget.wav')])
15.9903 	EXP 	New trial (rep=0, index=126): OrderedDict([('audio', 'block4_trial7_attendright_leadmasker.wav')])
15.9904 	EXP 	New trial (rep=0, index=127): OrderedDict([('audio', 'block4_trial8_attendright_leadmasker.wav')])
15.9908 	EXP 	New trial (rep=0, index=128): OrderedDict([('audio', 'block4_trial9_attendleft_leadmasker.wav')])
15.9910 	EXP 	New trial (rep=0, index=129): OrderedDict([('audio', 'block4_trial10_attendright_leadmasker.wav')])
15.9911 	EXP 	New trial (rep=0, index=130): OrderedDict([('audio', 'block4_trial11_attendright_leadtarget.wav')])
15.9914 	EXP 	New trial (rep=0, index=131): OrderedDict([('audio', 'block4_trial12_attendright_leadmasker.wav')])
15.9915 	EXP 	New trial (rep=0, index=132): OrderedDict([('audio', 'block4_trial13_attendright_leadtarget.wav')])
15.9916 	EXP 	New trial (rep=0, index=133): OrderedDict([('audio', 'block4_trial14_attendright_leadtarget.wav')])
15.9917 	EXP 	New trial (rep=0, index=134): OrderedDict([('audio', 'block4_trial15_attendleft_leadmasker.wav')])
15.9918 	EXP 	New trial (rep=0, index=135): OrderedDict([('audio', 'block4_trial16_attendright_leadtarget.wav')])
15.9918 	EXP 	New trial (rep=0, index=136): OrderedDict([('audio', 'block4_trial17_attendleft_leadtarget.wav')])
15.9919 	EXP 	New trial (rep=0, index=137): OrderedDict([('audio', 'block4_trial18_attendright_leadtarget.wav')])
15.9919 	EXP 	New trial (rep=0, index=138): OrderedDict([('audio', 'block4_trial19_attendleft_leadmasker.wav')])
15.9920 	EXP 	New trial (rep=0, index=139): OrderedDict([('audio', 'block4_trial20_attendleft_leadmasker.wav')])
15.9922 	EXP 	New trial (rep=0, index=140): OrderedDict([('audio', 'block4_trial21_attendright_leadmasker.wav')])
15.9924 	EXP 	New trial (rep=0, index=141): OrderedDict([('audio', 'block4_trial22_attendleft_leadtarget.wav')])
15.9926 	EXP 	New trial (rep=0, index=142): OrderedDict([('audio', 'block4_trial23_attendright_leadtarget.wav')])
15.9927 	EXP 	New trial (rep=0, index=143): OrderedDict([('audio', 'block4_trial24_attendleft_leadmasker.wav')])
15.9928 	EXP 	New trial (rep=0, index=144): OrderedDict([('audio', 'block4_trial25_attendleft_leadtarget.wav')])
15.9928 	EXP 	New trial (rep=0, index=145): OrderedDict([('audio', 'block4_trial26_attendleft_leadtarget.wav')])
15.9929 	EXP 	New trial (rep=0, index=146): OrderedDict([('audio', 'block4_trial27_attendright_leadmasker.wav')])
15.9930 	EXP 	New trial (rep=0, index=147): OrderedDict([('audio', 'block4_trial28_attendleft_leadmasker.wav')])
15.9930 	EXP 	New trial (rep=0, index=148): OrderedDict([('audio', 'block4_trial29_attendright_leadtarget.wav')])
15.9931 	EXP 	New trial (rep=0, index=149): OrderedDict([('audio', 'block4_trial30_attendleft_leadmasker.wav')])
15.9932 	EXP 	New trial (rep=0, index=150): OrderedDict([('audio', 'block4_trial31_attendleft_leadmasker.wav')])
15.9934 	EXP 	New trial (rep=0, index=151): OrderedDict([('audio', 'block4_trial32_attendright_leadtarget.wav')])
15.9935 	EXP 	New trial (rep=0, index=152): OrderedDict([('audio', 'block4_trial33_attendleft_leadtarget.wav')])
15.9936 	EXP 	New trial (rep=0, index=153): OrderedDict([('audio', 'block4_trial34_attendright_leadmasker.wav')])
15.9937 	EXP 	New trial (rep=0, index=154): OrderedDict([('audio', 'block4_trial35_attendright_leadmasker.wav')])
15.9938 	EXP 	New trial (rep=0, index=155): OrderedDict([('audio', 'block4_trial36_attendright_leadtarget.wav')])
15.9938 	EXP 	New trial (rep=0, index=156): OrderedDict([('audio', 'block4_trial37_attendleft_leadtarget.wav')])
15.9939 	EXP 	New trial (rep=0, index=157): OrderedDict([('audio', 'block4_trial38_attendleft_leadmasker.wav')])
15.9940 	EXP 	New trial (rep=0, index=158): OrderedDict([('audio', 'block4_trial39_attendright_leadmasker.wav')])
15.9941 	EXP 	New trial (rep=0, index=159): OrderedDict([('audio', 'block4_trial40_attendleft_leadtarget.wav')])
15.9942 	EXP 	New trial (rep=0, index=160): OrderedDict([('audio', 'block5_trial1_attendright_leadtarget.wav')])
16.0059 	EXP 	breakk: autoDraw = False
16.0059 	EXP 	breakk: autoDraw = True
16.2058 	EXP 	New trial (rep=0, index=161): OrderedDict([('audio', 'block5_trial2_attendright_leadtarget.wav')])
16.2060 	EXP 	New trial (rep=0, index=162): OrderedDict([('audio', 'block5_trial3_attendright_leadtarget.wav')])
16.2061 	EXP 	New trial (rep=0, index=163): OrderedDict([('audio', 'block5_trial4_attendleft_leadtarget.wav')])
16.2062 	EXP 	New trial (rep=0, index=164): OrderedDict([('audio', 'block5_trial5_attendright_leadmasker.wav')])
16.2063 	EXP 	New trial (rep=0, index=165): OrderedDict([('audio', 'block5_trial6_attendleft_leadtarget.wav')])
16.2064 	EXP 	New trial (rep=0, index=166): OrderedDict([('audio', 'block5_trial7_attendleft_leadtarget.wav')])
16.2065 	EXP 	New trial (rep=0, index=167): OrderedDict([('audio', 'block5_trial8_attendleft_leadmasker.wav')])
16.2066 	EXP 	New trial (rep=0, index=168): OrderedDict([('audio', 'block5_trial9_attendright_leadmasker.wav')])
16.2067 	EXP 	New trial (rep=0, index=169): OrderedDict([('audio', 'block5_trial10_attendright_leadtarget.wav')])
16.2068 	EXP 	New trial (rep=0, index=170): OrderedDict([('audio', 'block5_trial11_attendleft_leadmasker.wav')])
16.2069 	EXP 	New trial (rep=0, index=171): OrderedDict([('audio', 'block5_trial12_attendright_leadmasker.wav')])
16.2070 	EXP 	New trial (rep=0, index=172): OrderedDict([('audio', 'block5_trial13_attendleft_leadmasker.wav')])
16.2071 	EXP 	New trial (rep=0, index=173): OrderedDict([('audio', 'block5_trial14_attendright_leadtarget.wav')])
16.2072 	EXP 	New trial (rep=0, index=174): OrderedDict([('audio', 'block5_trial15_attendleft_leadtarget.wav')])
16.2073 	EXP 	New trial (rep=0, index=175): OrderedDict([('audio', 'block5_trial16_attendleft_leadtarget.wav')])
16.2074 	EXP 	New trial (rep=0, index=176): OrderedDict([('audio', 'block5_trial17_attendright_leadtarget.wav')])
16.2075 	EXP 	New trial (rep=0, index=177): OrderedDict([('audio', 'block5_trial18_attendleft_leadmasker.wav')])
16.2076 	EXP 	New trial (rep=0, index=178): OrderedDict([('audio', 'block5_trial19_attendright_leadmasker.wav')])
16.2077 	EXP 	New trial (rep=0, index=179): OrderedDict([('audio', 'block5_trial20_attendleft_leadtarget.wav')])
16.2077 	EXP 	New trial (rep=0, index=180): OrderedDict([('audio', 'block5_trial21_attendleft_leadmasker.wav')])
16.2078 	EXP 	New trial (rep=0, index=181): OrderedDict([('audio', 'block5_trial22_attendright_leadtarget.wav')])
16.2079 	EXP 	New trial (rep=0, index=182): OrderedDict([('audio', 'block5_trial23_attendleft_leadmasker.wav')])
16.2080 	EXP 	New trial (rep=0, index=183): OrderedDict([('audio', 'block5_trial24_attendleft_leadmasker.wav')])
16.2081 	EXP 	New trial (rep=0, index=184): OrderedDict([('audio', 'block5_trial25_attendleft_leadtarget.wav')])
16.2082 	EXP 	New trial (rep=0, index=185): OrderedDict([('audio', 'block5_trial26_attendright_leadmasker.wav')])
16.2082 	EXP 	New trial (rep=0, index=186): OrderedDict([('audio', 'block5_trial27_attendright_leadmasker.wav')])
16.2083 	EXP 	New trial (rep=0, index=187): OrderedDict([('audio', 'block5_trial28_attendright_leadtarget.wav')])
16.2084 	EXP 	New trial (rep=0, index=188): OrderedDict([('audio', 'block5_trial29_attendleft_leadmasker.wav')])
16.2085 	EXP 	New trial (rep=0, index=189): OrderedDict([('audio', 'block5_trial30_attendright_leadtarget.wav')])
16.2086 	EXP 	New trial (rep=0, index=190): OrderedDict([('audio', 'block5_trial31_attendleft_leadtarget.wav')])
16.2086 	EXP 	New trial (rep=0, index=191): OrderedDict([('audio', 'block5_trial32_attendright_leadmasker.wav')])
16.2087 	EXP 	New trial (rep=0, index=192): OrderedDict([('audio', 'block5_trial33_attendright_leadmasker.wav')])
16.2088 	EXP 	New trial (rep=0, index=193): OrderedDict([('audio', 'block5_trial34_attendright_leadtarget.wav')])
16.2089 	EXP 	New trial (rep=0, index=194): OrderedDict([('audio', 'block5_trial35_attendleft_leadmasker.wav')])
16.2089 	EXP 	New trial (rep=0, index=195): OrderedDict([('audio', 'block5_trial36_attendleft_leadtarget.wav')])
16.2090 	EXP 	New trial (rep=0, index=196): OrderedDict([('audio', 'block5_trial37_attendright_leadmasker.wav')])
16.2091 	EXP 	New trial (rep=0, index=197): OrderedDict([('audio', 'block5_trial38_attendright_leadmasker.wav')])
16.2091 	EXP 	New trial (rep=0, index=198): OrderedDict([('audio', 'block5_trial39_attendleft_leadtarget.wav')])
16.2092 	EXP 	New trial (rep=0, index=199): OrderedDict([('audio', 'block5_trial40_attendleft_leadmasker.wav')])
16.2093 	EXP 	New trial (rep=0, index=200): OrderedDict([('audio', 'block6_trial1_attendleft_leadmasker.wav')])
16.2221 	EXP 	breakk: autoDraw = False
16.2221 	EXP 	breakk: autoDraw = True
16.3888 	EXP 	New trial (rep=0, index=201): OrderedDict([('audio', 'block6_trial2_attendright_leadmasker.wav')])
16.3889 	EXP 	New trial (rep=0, index=202): OrderedDict([('audio', 'block6_trial3_attendright_leadtarget.wav')])
16.3891 	EXP 	New trial (rep=0, index=203): OrderedDict([('audio', 'block6_trial4_attendright_leadtarget.wav')])
16.3892 	EXP 	New trial (rep=0, index=204): OrderedDict([('audio', 'block6_trial5_attendright_leadmasker.wav')])
16.3893 	EXP 	New trial (rep=0, index=205): OrderedDict([('audio', 'block6_trial6_attendleft_leadtarget.wav')])
16.3895 	EXP 	New trial (rep=0, index=206): OrderedDict([('audio', 'block6_trial7_attendleft_leadtarget.wav')])
16.3896 	EXP 	New trial (rep=0, index=207): OrderedDict([('audio', 'block6_trial8_attendleft_leadmasker.wav')])
16.3897 	EXP 	New trial (rep=0, index=208): OrderedDict([('audio', 'block6_trial9_attendright_leadmasker.wav')])
16.3898 	EXP 	New trial (rep=0, index=209): OrderedDict([('audio', 'block6_trial10_attendright_leadmasker.wav')])
16.3899 	EXP 	New trial (rep=0, index=210): OrderedDict([('audio', 'block6_trial11_attendleft_leadtarget.wav')])
16.3901 	EXP 	New trial (rep=0, index=211): OrderedDict([('audio', 'block6_trial12_attendleft_leadmasker.wav')])
16.3902 	EXP 	New trial (rep=0, index=212): OrderedDict([('audio', 'block6_trial13_attendleft_leadmasker.wav')])
16.3903 	EXP 	New trial (rep=0, index=213): OrderedDict([('audio', 'block6_trial14_attendleft_leadtarget.wav')])
16.3904 	EXP 	New trial (rep=0, index=214): OrderedDict([('audio', 'block6_trial15_attendleft_leadmasker.wav')])
16.3905 	EXP 	New trial (rep=0, index=215): OrderedDict([('audio', 'block6_trial16_attendright_leadmasker.wav')])
16.3906 	EXP 	New trial (rep=0, index=216): OrderedDict([('audio', 'block6_trial17_attendright_leadmasker.wav')])
16.3907 	EXP 	New trial (rep=0, index=217): OrderedDict([('audio', 'block6_trial18_attendright_leadmasker.wav')])
16.3908 	EXP 	New trial (rep=0, index=218): OrderedDict([('audio', 'block6_trial19_attendleft_leadtarget.wav')])
16.3909 	EXP 	New trial (rep=0, index=219): OrderedDict([('audio', 'block6_trial20_attendright_leadmasker.wav')])
16.3910 	EXP 	New trial (rep=0, index=220): OrderedDict([('audio', 'block6_trial21_attendleft_leadtarget.wav')])
16.3911 	EXP 	New trial (rep=0, index=221): OrderedDict([('audio', 'block6_trial22_attendleft_leadmasker.wav')])
16.3912 	EXP 	New trial (rep=0, index=222): OrderedDict([('audio', 'block6_trial23_attendright_leadtarget.wav')])
16.3913 	EXP 	New trial (rep=0, index=223): OrderedDict([('audio', 'block6_trial24_attendleft_leadmasker.wav')])
16.3914 	EXP 	New trial (rep=0, index=224): OrderedDict([('audio', 'block6_trial25_attendright_leadtarget.wav')])
16.3915 	EXP 	New trial (rep=0, index=225): OrderedDict([('audio', 'block6_trial26_attendright_leadtarget.wav')])
16.3916 	EXP 	New trial (rep=0, index=226): OrderedDict([('audio', 'block6_trial27_attendright_leadmasker.wav')])
16.3917 	EXP 	New trial (rep=0, index=227): OrderedDict([('audio', 'block6_trial28_attendright_leadtarget.wav')])
16.3918 	EXP 	New trial (rep=0, index=228): OrderedDict([('audio', 'block6_trial29_attendleft_leadmasker.wav')])
16.3919 	EXP 	New trial (rep=0, index=229): OrderedDict([('audio', 'block6_trial30_attendright_leadtarget.wav')])
16.3919 	EXP 	New trial (rep=0, index=230): OrderedDict([('audio', 'block6_trial31_attendleft_leadtarget.wav')])
16.3920 	EXP 	New trial (rep=0, index=231): OrderedDict([('audio', 'block6_trial32_attendleft_leadtarget.wav')])
16.3921 	EXP 	New trial (rep=0, index=232): OrderedDict([('audio', 'block6_trial33_attendright_leadtarget.wav')])
16.3922 	EXP 	New trial (rep=0, index=233): OrderedDict([('audio', 'block6_trial34_attendleft_leadmasker.wav')])
16.3923 	EXP 	New trial (rep=0, index=234): OrderedDict([('audio', 'block6_trial35_attendleft_leadtarget.wav')])
16.3924 	EXP 	New trial (rep=0, index=235): OrderedDict([('audio', 'block6_trial36_attendleft_leadtarget.wav')])
16.3925 	EXP 	New trial (rep=0, index=236): OrderedDict([('audio', 'block6_trial37_attendleft_leadmasker.wav')])
16.3925 	EXP 	New trial (rep=0, index=237): OrderedDict([('audio', 'block6_trial38_attendright_leadtarget.wav')])
16.3926 	EXP 	New trial (rep=0, index=238): OrderedDict([('audio', 'block6_trial39_attendright_leadmasker.wav')])
16.3927 	EXP 	New trial (rep=0, index=239): OrderedDict([('audio', 'block6_trial40_attendright_leadtarget.wav')])
16.3928 	EXP 	New trial (rep=0, index=240): OrderedDict([('audio', 'block7_trial1_attendleft_leadmasker.wav')])
16.4049 	EXP 	breakk: autoDraw = False
16.4049 	EXP 	breakk: autoDraw = True
17.4862 	EXP 	Trial_mult: status = STOPPED
17.5017 	EXP 	breakk: autoDraw = False
17.5019 	EXP 	Trial_mult: status = STOPPED
17.6593 	EXP 	window1: mouseVisible = True
