4.5623 	WARNING 	User requested fullscreen with size [1536  864], but screen is actually [1920, 1080]. Using actual size
5.2388 	EXP 	Created window1 = Window(allowGUI=True, allowStencil=False, autoLog=True, backendConf=UNKNOWN, backgroundFit=<method-wrapper '__getattribute__' of attributeSetter object at 0x000002CFAF03F490>, backgroundImage=<method-wrapper '__getattribute__' of attributeSetter object at 0x000002CFAF03F430>, bitsMode=UNKNOWN, blendMode='avg', bpc=(8, 8, 8), color=array([-1., -1., -1.]), colorSpace='rgb', depthBits=8, fullscr=<method-wrapper '__getattribute__' of attributeSetter object at 0x000002CFAF03F2B0>, gamma=None, gammaErrorPolicy='raise', lms=UNKNOWN, monitor=<psychopy.monitors.calibTools.Monitor object at 0x000002CFB5917EE0>, multiSample=False, name='window1', numSamples=2, pos=(0, 0), screen=0, size=array([1920, 1080]), stencilBits=0, stereo=False, title='PsychoPy', units='height', useFBO=True, useRetina=False, viewOri=0.0, viewPos=None, viewScale=None, waitBlanking=True, winType='pyglet')
5.2389 	EXP 	window1: mouseVisible = True
5.2390 	EXP 	window1: backgroundImage = ''
5.2391 	EXP 	window1: backgroundFit = 'none'
5.2437 	EXP 	window1: Attempting to measure frame rate of screen (0) ...
5.2437 	EXP 	window1: recordFrameIntervals = False
5.4039 	EXP 	window1: recordFrameIntervals = True
5.5872 	EXP 	Screen (0) actual frame rate measured at 60.20Hz
5.5873 	EXP 	window1: recordFrameIntervals = False
5.5879 	EXP 	window1: mouseVisible = False
7.3820 	EXP 	Trial_mult: status = STARTED
7.3824 	EXP 	window1: mouseVisible = True
7.4316 	EXP 	Created Instructions = TextStim(__class__=<class 'psychopy.visual.text.TextStim'>, alignHoriz=method-wrapper(...), alignText='center', alignVert=method-wrapper(...), anchorHoriz='center', anchorVert='center', antialias=True, autoDraw=False, autoLog=True, bold=False, color=array([1., 1., 1.]), colorSpace='rgb', contrast=1.0, depth=0.0, draggable=False, flipHoriz=False, flipVert=False, font='Open Sans', fontFiles=[], height=0.05, italic=False, languageStyle='LTR', name='Instructions', opacity=1.0, ori=0.0, pos=array([0., 0.]), rgb=UNKNOWN, text=str(...), units='height', win=Window(...), wrapWidth=1)
7.4317 	EXP 	window1: mouseVisible = True
7.4340 	EXP 	Created cross = TextStim(__class__=<class 'psychopy.visual.text.TextStim'>, alignHoriz=method-wrapper(...), alignText='center', alignVert=method-wrapper(...), anchorHoriz='center', anchorVert='center', antialias=True, autoDraw=False, autoLog=True, bold=False, color=array([1., 1., 1.]), colorSpace='rgb', contrast=1.0, depth=0.0, draggable=False, flipHoriz=False, flipVert=False, font='Open Sans', fontFiles=[], height=0.05, italic=False, languageStyle='LTR', name='cross', opacity=1.0, ori=0.0, pos=array([0., 0.]), rgb=UNKNOWN, text='+', units='height', win=Window(...), wrapWidth=1)
8.0291 	EXP 	Sound sound_1 set volume 1.000
8.0293 	EXP 	window1: mouseVisible = True
8.0352 	EXP 	Created breakk = TextStim(__class__=<class 'psychopy.visual.text.TextStim'>, alignHoriz=method-wrapper(...), alignText='center', alignVert=method-wrapper(...), anchorHoriz='center', anchorVert='center', antialias=True, autoDraw=False, autoLog=True, bold=False, color=array([1., 1., 1.]), colorSpace='rgb', contrast=1.0, depth=0.0, draggable=False, flipHoriz=False, flipVert=False, font='Open Sans', fontFiles=[], height=0.05, italic=False, languageStyle='LTR', name='breakk', opacity=1.0, ori=0.0, pos=array([0., 0.]), rgb=UNKNOWN, text=str(...), units='height', win=Window(...), wrapWidth=1)
8.0353 	EXP 	window1: mouseVisible = True
8.0456 	EXP 	Created respp = TextStim(__class__=<class 'psychopy.visual.text.TextStim'>, alignHoriz=method-wrapper(...), alignText='center', alignVert=method-wrapper(...), anchorHoriz='center', anchorVert='center', antialias=True, autoDraw=False, autoLog=True, bold=False, color=array([1., 1., 1.]), colorSpace='rgb', contrast=1.0, depth=0.0, draggable=False, flipHoriz=False, flipVert=False, font='Open Sans', fontFiles=[], height=0.05, italic=False, languageStyle='LTR', name='respp', opacity=1.0, ori=0.0, pos=array([0., 0.]), rgb=UNKNOWN, text=str(...), units='height', win=Window(...), wrapWidth=1)
0.0332 	EXP 	Instructions: autoDraw = True
3.1859 	EXP 	Imported audio_file_paths.csv as conditions, 400 conditions, 1 params
3.1868 	EXP 	Created sequence: sequential, trialTypes=400, nReps=1, seed=None
3.1869 	EXP 	New trial (rep=0, index=0): OrderedDict([('audio', 'block1_trial1_attendright_leadtarget.wav')])
3.1931 	EXP 	Instructions: autoDraw = False
3.2090 	EXP 	cross: autoDraw = True
5.1872 	EXP 	Sound  started
9.1183 	EXP 	Sound  reached end of file
9.1184 	EXP 	Sound  reached end of file
9.1268 	EXP 	cross: autoDraw = False
9.1268 	EXP 	respp: autoDraw = True
10.2429 	EXP 	New trial (rep=0, index=1): OrderedDict([('audio', 'block1_trial2_attendright_leadmasker.wav')])
10.2559 	EXP 	respp: autoDraw = False
10.2724 	EXP 	cross: autoDraw = True
12.2506 	EXP 	Sound  started
13.1473 	EXP 	Sound  stopped
13.1473 	EXP 	Sound  paused
13.1476 	EXP 	window1: mouseVisible = True
13.1552 	EXP 	Created Pause = TextStim(__class__=<class 'psychopy.visual.text.TextStim'>, alignHoriz=method-wrapper(...), alignText='center', alignVert=method-wrapper(...), anchorHoriz='center', anchorVert='center', antialias=True, autoDraw=False, autoLog=True, bold=False, color=array([1., 1., 1.]), colorSpace='rgb', contrast=1.0, depth=0.0, draggable=False, flipHoriz=False, flipVert=False, font='Open Sans', fontFiles=[], height=0.05, italic=False, languageStyle='LTR', name='Pause', opacity=1.0, ori=0.0, pos=array([0., 0.]), rgb=UNKNOWN, text="Experiment Paused\n Press 'c' to continue", units='height', win=Window(...), wrapWidth=1)
13.1578 	EXP 	Pause: autoDraw = True
18.2898 	EXP 	Pause: autoDraw = False
18.2899 	EXP 	Sound  started
18.3168 	EXP 	cross: autoDraw = False
18.3168 	EXP 	respp: autoDraw = True
20.6710 	EXP 	window1: mouseVisible = True
