4.9340 	WARNING 	Requested audio device 'ASIO Fireface USB' that is not available on this hardware. The 'audioDevice' preference should be one of ['3 - DELL U2415 (AMD High Definition Audio Device)', '4 - DELL U2415 (AMD High Definition Audio Device)', 'ADAT (3+4) (RME Fireface UCX II)', 'ADAT (5+6) (RME Fireface UCX II)', 'ADAT (7+8) (RME Fireface UCX II)', 'AES (RME Fireface UCX II)', 'Analog (1+2) (RME Fireface UCX II)', 'Analog (3+4) (RME Fireface UCX II)', 'Analog (5+6) (RME Fireface UCX II)', 'SPDIF coax. (RME Fireface UCX II)', 'SPDIF/ADAT (1+2) (RME Fireface UCX II)', 'Speakers (RME Fireface UCX II)', 'Speakers/Headphones (Realtek(R) Audio)']
12.2004 	WARNING 	User requested fullscreen with size [1536  864], but screen is actually [1920, 1200]. Using actual size
14.1999 	EXP 	Created window1 = Window(allowGUI=True, allowStencil=False, autoLog=True, backendConf=UNKNOWN, backgroundFit=<method-wrapper '__getattribute__' of attributeSetter object at 0x00000295014FCC70>, backgroundImage=<method-wrapper '__getattribute__' of attributeSetter object at 0x00000295014FCC10>, bitsMode=UNKNOWN, blendMode='avg', bpc=(8, 8, 8), color=array([-1., -1., -1.]), colorSpace='rgb', depthBits=8, fullscr=<method-wrapper '__getattribute__' of attributeSetter object at 0x00000295014FCA60>, gamma=None, gammaErrorPolicy='raise', lms=UNKNOWN, monitor=<psychopy.monitors.calibTools.Monitor object at 0x0000029501899130>, multiSample=False, name='window1', numSamples=2, pos=(0, 0), screen=0, size=array([1920, 1200]), stencilBits=0, stereo=False, title='PsychoPy', units='height', useFBO=True, useRetina=False, viewOri=0.0, viewPos=None, viewScale=None, waitBlanking=True, winType='pyglet')
14.2000 	EXP 	window1: mouseVisible = True
14.2000 	EXP 	window1: backgroundImage = ''
14.2000 	EXP 	window1: backgroundFit = 'none'
14.2018 	EXP 	window1: Attempting to measure frame rate of screen (0) ...
14.2018 	EXP 	window1: recordFrameIntervals = False
14.3662 	EXP 	window1: recordFrameIntervals = True
14.5498 	EXP 	Screen (0) actual frame rate measured at 60.00Hz
14.5499 	EXP 	window1: recordFrameIntervals = False
14.5499 	EXP 	window1: mouseVisible = False
19.6945 	EXP 	Trial_mult: status = STARTED
19.6950 	EXP 	window1: mouseVisible = True
19.8473 	EXP 	Created Instructions = TextStim(__class__=<class 'psychopy.visual.text.TextStim'>, alignHoriz=method-wrapper(...), alignText='center', alignVert=method-wrapper(...), anchorHoriz='center', anchorVert='center', antialias=True, autoDraw=False, autoLog=True, bold=False, color=array([1., 1., 1.]), colorSpace='rgb', contrast=1.0, depth=0.0, draggable=False, flipHoriz=False, flipVert=False, font='Open Sans', fontFiles=[], height=0.05, italic=False, languageStyle='LTR', name='Instructions', opacity=1.0, ori=0.0, pos=array([0., 0.]), rgb=UNKNOWN, text=str(...), units='height', win=Window(...), wrapWidth=1)
19.8475 	EXP 	window1: mouseVisible = True
19.8527 	EXP 	Created cross = TextStim(__class__=<class 'psychopy.visual.text.TextStim'>, alignHoriz=method-wrapper(...), alignText='center', alignVert=method-wrapper(...), anchorHoriz='center', anchorVert='center', antialias=True, autoDraw=False, autoLog=True, bold=False, color=array([1., 1., 1.]), colorSpace='rgb', contrast=1.0, depth=0.0, draggable=False, flipHoriz=False, flipVert=False, font='Open Sans', fontFiles=[], height=0.05, italic=False, languageStyle='LTR', name='cross', opacity=1.0, ori=0.0, pos=array([0., 0.]), rgb=UNKNOWN, text='+', units='height', win=Window(...), wrapWidth=1)
19.8947 	EXP 	Sound sound_1 set volume 1.000
19.8949 	EXP 	window1: mouseVisible = True
19.9223 	EXP 	Created respp = TextStim(__class__=<class 'psychopy.visual.text.TextStim'>, alignHoriz=method-wrapper(...), alignText='center', alignVert=method-wrapper(...), anchorHoriz='center', anchorVert='center', antialias=True, autoDraw=False, autoLog=True, bold=False, color=array([1., 1., 1.]), colorSpace='rgb', contrast=1.0, depth=0.0, draggable=False, flipHoriz=False, flipVert=False, font='Open Sans', fontFiles=[], height=0.05, italic=False, languageStyle='LTR', name='respp', opacity=1.0, ori=0.0, pos=array([0., 0.]), rgb=UNKNOWN, text=str(...), units='height', win=Window(...), wrapWidth=1)
0.0321 	EXP 	Instructions: autoDraw = True
3.8683 	EXP 	Imported audio_file_paths.csv as conditions, 400 conditions, 1 params
3.8714 	EXP 	Created sequence: sequential, trialTypes=400, nReps=1, seed=None
3.8717 	EXP 	New trial (rep=0, index=0): OrderedDict([('audio', 'block1_trial1_attendright_leadtarget.wav')])
3.8850 	DATA 	Keypress: space
3.9013 	EXP 	Instructions: autoDraw = False
3.9013 	EXP 	cross: autoDraw = True
5.8531 	EXP 	Sound  started
9.7809 	EXP 	Sound  reached end of file
9.7809 	EXP 	Sound  reached end of file
9.8061 	EXP 	cross: autoDraw = False
15.3605 	EXP 	respp: autoDraw = True
16.5643 	DATA 	Keypress: 1
16.9308 	DATA 	Keypress: 2
17.2816 	EXP 	New trial (rep=0, index=1): OrderedDict([('audio', 'block1_trial2_attendright_leadmasker.wav')])
17.2895 	DATA 	Keypress: 3
17.2954 	EXP 	respp: autoDraw = False
17.2954 	EXP 	cross: autoDraw = True
19.2806 	EXP 	Sound  started
23.0501 	EXP 	cross: autoDraw = False
28.7883 	EXP 	respp: autoDraw = True
30.1747 	DATA 	Keypress: 3
30.4086 	DATA 	Keypress: 2
30.6412 	EXP 	New trial (rep=0, index=2): OrderedDict([('audio', 'block1_trial3_attendleft_leadmasker.wav')])
30.6491 	DATA 	Keypress: 1
30.6560 	EXP 	respp: autoDraw = False
30.6560 	EXP 	cross: autoDraw = True
32.6412 	EXP 	Sound  started
36.5717 	EXP 	Sound  reached end of file
36.5717 	EXP 	Sound  reached end of file
36.6108 	EXP 	cross: autoDraw = False
42.1487 	EXP 	respp: autoDraw = True
46.6027 	EXP 	window1: mouseVisible = True
