8.8606 	WARNING 	User requested fullscreen with size [1536  864], but screen is actually [1920, 1080]. Using actual size
9.5246 	EXP 	Created window1 = Window(allowGUI=True, allowStencil=False, autoLog=True, backendConf=UNKNOWN, backgroundFit=<method-wrapper '__getattribute__' of attributeSetter object at 0x00000254BAE06D00>, backgroundImage=<method-wrapper '__getattribute__' of attributeSetter object at 0x00000254BAE06CA0>, bitsMode=UNKNOWN, blendMode='avg', bpc=(8, 8, 8), color=array([-1., -1., -1.]), colorSpace='rgb', depthBits=8, fullscr=<method-wrapper '__getattribute__' of attributeSetter object at 0x00000254BAE06B20>, gamma=None, gammaErrorPolicy='raise', lms=UNKNOWN, monitor=<psychopy.monitors.calibTools.Monitor object at 0x00000254BB15A310>, multiSample=False, name='window1', numSamples=2, pos=(0, 0), screen=0, size=array([1920, 1080]), stencilBits=0, stereo=False, title='PsychoPy', units='height', useFBO=True, useRetina=False, viewOri=0.0, viewPos=None, viewScale=None, waitBlanking=True, winType='pyglet')
9.5250 	EXP 	window1: mouseVisible = True
9.5252 	EXP 	window1: backgroundImage = ''
9.5253 	EXP 	window1: backgroundFit = 'none'
9.5277 	EXP 	window1: Attempting to measure frame rate of screen (0) ...
9.5278 	EXP 	window1: recordFrameIntervals = False
9.6896 	EXP 	window1: recordFrameIntervals = True
9.8738 	EXP 	Screen (0) actual frame rate measured at 59.82Hz
9.8739 	EXP 	window1: recordFrameIntervals = False
9.8742 	EXP 	window1: mouseVisible = False
11.6669 	EXP 	Trial_mult: status = STARTED
11.6673 	EXP 	window1: mouseVisible = True
11.7169 	EXP 	Created Instructions = TextStim(__class__=<class 'psychopy.visual.text.TextStim'>, alignHoriz=method-wrapper(...), alignText='center', alignVert=method-wrapper(...), anchorHoriz='center', anchorVert='center', antialias=True, autoDraw=False, autoLog=True, bold=False, color=array([1., 1., 1.]), colorSpace='rgb', contrast=1.0, depth=0.0, draggable=False, flipHoriz=False, flipVert=False, font='Open Sans', fontFiles=[], height=0.05, italic=False, languageStyle='LTR', name='Instructions', opacity=1.0, ori=0.0, pos=array([0., 0.]), rgb=UNKNOWN, text=str(...), units='height', win=Window(...), wrapWidth=1)
11.7170 	EXP 	window1: mouseVisible = True
11.7194 	EXP 	Created cross = TextStim(__class__=<class 'psychopy.visual.text.TextStim'>, alignHoriz=method-wrapper(...), alignText='center', alignVert=method-wrapper(...), anchorHoriz='center', anchorVert='center', antialias=True, autoDraw=False, autoLog=True, bold=False, color=array([1., 1., 1.]), colorSpace='rgb', contrast=1.0, depth=0.0, draggable=False, flipHoriz=False, flipVert=False, font='Open Sans', fontFiles=[], height=0.05, italic=False, languageStyle='LTR', name='cross', opacity=1.0, ori=0.0, pos=array([0., 0.]), rgb=UNKNOWN, text='+', units='height', win=Window(...), wrapWidth=1)
11.9689 	EXP 	Sound sound_1 set volume 1.000
11.9691 	EXP 	window1: mouseVisible = True
11.9743 	EXP 	Created breakk = TextStim(__class__=<class 'psychopy.visual.text.TextStim'>, alignHoriz=method-wrapper(...), alignText='center', alignVert=method-wrapper(...), anchorHoriz='center', anchorVert='center', antialias=True, autoDraw=False, autoLog=True, bold=False, color=array([1., 1., 1.]), colorSpace='rgb', contrast=1.0, depth=0.0, draggable=False, flipHoriz=False, flipVert=False, font='Open Sans', fontFiles=[], height=0.05, italic=False, languageStyle='LTR', name='breakk', opacity=1.0, ori=0.0, pos=array([0., 0.]), rgb=UNKNOWN, text=str(...), units='height', win=Window(...), wrapWidth=1)
11.9744 	EXP 	window1: mouseVisible = True
11.9842 	EXP 	Created respp = TextStim(__class__=<class 'psychopy.visual.text.TextStim'>, alignHoriz=method-wrapper(...), alignText='center', alignVert=method-wrapper(...), anchorHoriz='center', anchorVert='center', antialias=True, autoDraw=False, autoLog=True, bold=False, color=array([1., 1., 1.]), colorSpace='rgb', contrast=1.0, depth=0.0, draggable=False, flipHoriz=False, flipVert=False, font='Open Sans', fontFiles=[], height=0.05, italic=False, languageStyle='LTR', name='respp', opacity=1.0, ori=0.0, pos=array([0., 0.]), rgb=UNKNOWN, text=str(...), units='height', win=Window(...), wrapWidth=1)
0.0171 	EXP 	Instructions: autoDraw = True
5.9759 	EXP 	Imported audio_file_paths.csv as conditions, 400 conditions, 1 params
5.9768 	EXP 	Created sequence: sequential, trialTypes=400, nReps=1, seed=None
5.9769 	EXP 	New trial (rep=0, index=0): OrderedDict([('audio', 'block1_trial1_attendright_leadtarget.wav')])
5.9864 	EXP 	Instructions: autoDraw = False
5.9988 	EXP 	cross: autoDraw = True
7.9775 	EXP 	Sound  started
11.7500 	EXP 	cross: autoDraw = False
11.7500 	EXP 	respp: autoDraw = True
15.1107 	EXP 	New trial (rep=0, index=1): OrderedDict([('audio', 'block1_trial2_attendright_leadmasker.wav')])
15.1238 	EXP 	respp: autoDraw = False
15.1404 	EXP 	cross: autoDraw = True
17.1194 	EXP 	Sound  started
21.0462 	EXP 	Sound  reached end of file
21.0463 	EXP 	Sound  reached end of file
21.0533 	EXP 	cross: autoDraw = False
21.0533 	EXP 	respp: autoDraw = True
22.4070 	EXP 	New trial (rep=0, index=2): OrderedDict([('audio', 'block1_trial3_attendleft_leadmasker.wav')])
22.4207 	EXP 	respp: autoDraw = False
22.4369 	EXP 	cross: autoDraw = True
24.4158 	EXP 	Sound  started
28.1880 	EXP 	cross: autoDraw = False
28.1880 	EXP 	respp: autoDraw = True
30.2517 	EXP 	New trial (rep=0, index=3): OrderedDict([('audio', 'block1_trial4_attendright_leadtarget.wav')])
30.2657 	EXP 	respp: autoDraw = False
30.2823 	EXP 	cross: autoDraw = True
31.9119 	EXP 	Sound  started
31.9119 	EXP 	Sound  unpaused
31.9121 	EXP 	window1: mouseVisible = True
31.9180 	EXP 	Created Pause = TextStim(__class__=<class 'psychopy.visual.text.TextStim'>, alignHoriz=method-wrapper(...), alignText='center', alignVert=method-wrapper(...), anchorHoriz='center', anchorVert='center', antialias=True, autoDraw=False, autoLog=True, bold=False, color=array([1., 1., 1.]), colorSpace='rgb', contrast=1.0, depth=0.0, draggable=False, flipHoriz=False, flipVert=False, font='Open Sans', fontFiles=[], height=0.05, italic=False, languageStyle='LTR', name='Pause', opacity=1.0, ori=0.0, pos=array([0., 0.]), rgb=UNKNOWN, text="Experiment Paused\n Press 'c' to continue", units='height', win=Window(...), wrapWidth=1)
31.9278 	EXP 	Pause: autoDraw = True
35.7509 	EXP 	Pause: autoDraw = False
35.8581 	EXP 	Sound  stopped
35.8582 	EXP 	Sound  started
36.1460 	EXP 	window1: mouseVisible = True
