5.3460 	WARNING 	User requested fullscreen with size [1536  864], but screen is actually [1920, 1080]. Using actual size
5.9698 	EXP 	Created window1 = Window(allowGUI=True, allowStencil=False, autoLog=True, backendConf=UNKNOWN, backgroundFit=<method-wrapper '__getattribute__' of attributeSetter object at 0x000002101D5E0580>, backgroundImage=<method-wrapper '__getattribute__' of attributeSetter object at 0x000002101D5E0520>, bitsMode=UNKNOWN, blendMode='avg', bpc=(8, 8, 8), color=array([-1., -1., -1.]), colorSpace='rgb', depthBits=8, fullscr=<method-wrapper '__getattribute__' of attributeSetter object at 0x000002101D5E03A0>, gamma=None, gammaErrorPolicy='raise', lms=UNKNOWN, monitor=<psychopy.monitors.calibTools.Monitor object at 0x000002101D766CD0>, multiSample=False, name='window1', numSamples=2, pos=(0, 0), screen=0, size=array([1920, 1080]), stencilBits=0, stereo=False, title='PsychoPy', units='height', useFBO=True, useRetina=False, viewOri=0.0, viewPos=None, viewScale=None, waitBlanking=True, winType='pyglet')
5.9700 	EXP 	window1: mouseVisible = True
5.9700 	EXP 	window1: backgroundImage = ''
5.9700 	EXP 	window1: backgroundFit = 'none'
5.9730 	EXP 	window1: Attempting to measure frame rate of screen (0) ...
5.9730 	EXP 	window1: recordFrameIntervals = False
6.1343 	EXP 	window1: recordFrameIntervals = True
6.3179 	EXP 	Screen (0) actual frame rate measured at 60.21Hz
6.3180 	EXP 	window1: recordFrameIntervals = False
6.3183 	EXP 	window1: mouseVisible = False
8.1111 	EXP 	Trial_mult: status = STARTED
8.1116 	EXP 	window1: mouseVisible = True
8.1606 	EXP 	Created Instructions = TextStim(__class__=<class 'psychopy.visual.text.TextStim'>, alignHoriz=method-wrapper(...), alignText='center', alignVert=method-wrapper(...), anchorHoriz='center', anchorVert='center', antialias=True, autoDraw=False, autoLog=True, bold=False, color=array([1., 1., 1.]), colorSpace='rgb', contrast=1.0, depth=0.0, draggable=False, flipHoriz=False, flipVert=False, font='Open Sans', fontFiles=[], height=0.05, italic=False, languageStyle='LTR', name='Instructions', opacity=1.0, ori=0.0, pos=array([0., 0.]), rgb=UNKNOWN, text=str(...), units='height', win=Window(...), wrapWidth=1)
8.1607 	EXP 	window1: mouseVisible = True
8.1632 	EXP 	Created cross = TextStim(__class__=<class 'psychopy.visual.text.TextStim'>, alignHoriz=method-wrapper(...), alignText='center', alignVert=method-wrapper(...), anchorHoriz='center', anchorVert='center', antialias=True, autoDraw=False, autoLog=True, bold=False, color=array([1., 1., 1.]), colorSpace='rgb', contrast=1.0, depth=0.0, draggable=False, flipHoriz=False, flipVert=False, font='Open Sans', fontFiles=[], height=0.05, italic=False, languageStyle='LTR', name='cross', opacity=1.0, ori=0.0, pos=array([0., 0.]), rgb=UNKNOWN, text='+', units='height', win=Window(...), wrapWidth=1)
8.7813 	EXP 	Sound sound_1 set volume 1.000
8.7814 	EXP 	window1: mouseVisible = True
8.7866 	EXP 	Created breakk = TextStim(__class__=<class 'psychopy.visual.text.TextStim'>, alignHoriz=method-wrapper(...), alignText='center', alignVert=method-wrapper(...), anchorHoriz='center', anchorVert='center', antialias=True, autoDraw=False, autoLog=True, bold=False, color=array([1., 1., 1.]), colorSpace='rgb', contrast=1.0, depth=0.0, draggable=False, flipHoriz=False, flipVert=False, font='Open Sans', fontFiles=[], height=0.05, italic=False, languageStyle='LTR', name='breakk', opacity=1.0, ori=0.0, pos=array([0., 0.]), rgb=UNKNOWN, text=str(...), units='height', win=Window(...), wrapWidth=1)
8.7867 	EXP 	window1: mouseVisible = True
8.7964 	EXP 	Created respp = TextStim(__class__=<class 'psychopy.visual.text.TextStim'>, alignHoriz=method-wrapper(...), alignText='center', alignVert=method-wrapper(...), anchorHoriz='center', anchorVert='center', antialias=True, autoDraw=False, autoLog=True, bold=False, color=array([1., 1., 1.]), colorSpace='rgb', contrast=1.0, depth=0.0, draggable=False, flipHoriz=False, flipVert=False, font='Open Sans', fontFiles=[], height=0.05, italic=False, languageStyle='LTR', name='respp', opacity=1.0, ori=0.0, pos=array([0., 0.]), rgb=UNKNOWN, text=str(...), units='height', win=Window(...), wrapWidth=1)
0.0131 	EXP 	Instructions: autoDraw = True
0.9712 	EXP 	Imported audio_file_paths.csv as conditions, 400 conditions, 1 params
0.9721 	EXP 	Created sequence: sequential, trialTypes=400, nReps=1, seed=None
0.9723 	EXP 	New trial (rep=0, index=0): OrderedDict([('audio', 'block1_trial1_attendright_leadtarget.wav')])
0.9788 	EXP 	Instructions: autoDraw = False
0.9961 	EXP 	cross: autoDraw = True
2.9733 	EXP 	Sound  started
6.7453 	EXP 	cross: autoDraw = False
6.7453 	EXP 	respp: autoDraw = True
8.0953 	EXP 	New trial (rep=0, index=1): OrderedDict([('audio', 'block1_trial2_attendright_leadmasker.wav')])
8.1081 	EXP 	respp: autoDraw = False
8.1245 	EXP 	cross: autoDraw = True
10.1038 	EXP 	Sound  started
13.8757 	EXP 	cross: autoDraw = False
13.8757 	EXP 	respp: autoDraw = True
14.5779 	EXP 	New trial (rep=0, index=2): OrderedDict([('audio', 'block1_trial3_attendleft_leadmasker.wav')])
14.5903 	EXP 	respp: autoDraw = False
14.6070 	EXP 	cross: autoDraw = True
16.5864 	EXP 	Sound  started
20.5173 	EXP 	Sound  reached end of file
20.5175 	EXP 	Sound  reached end of file
20.5268 	EXP 	cross: autoDraw = False
20.5268 	EXP 	respp: autoDraw = True
20.8576 	EXP 	New trial (rep=0, index=3): OrderedDict([('audio', 'block1_trial4_attendright_leadtarget.wav')])
20.8729 	EXP 	respp: autoDraw = False
20.8898 	EXP 	cross: autoDraw = True
22.8690 	EXP 	Sound  started
23.6701 	EXP 	Sound  stopped
23.6702 	EXP 	Sound  paused
23.6705 	EXP 	window1: mouseVisible = True
23.6792 	EXP 	Created Pause = TextStim(__class__=<class 'psychopy.visual.text.TextStim'>, alignHoriz=method-wrapper(...), alignText='center', alignVert=method-wrapper(...), anchorHoriz='center', anchorVert='center', antialias=True, autoDraw=False, autoLog=True, bold=False, color=array([1., 1., 1.]), colorSpace='rgb', contrast=1.0, depth=0.0, draggable=False, flipHoriz=False, flipVert=False, font='Open Sans', fontFiles=[], height=0.05, italic=False, languageStyle='LTR', name='Pause', opacity=1.0, ori=0.0, pos=array([0., 0.]), rgb=UNKNOWN, text="Experiment Paused\n Press 'c' to continue", units='height', win=Window(...), wrapWidth=1)
23.6816 	EXP 	Pause: autoDraw = True
26.7240 	EXP 	Pause: autoDraw = False
26.7244 	EXP 	Sound  started
26.9416 	EXP 	Sound  stopped
26.9459 	EXP 	cross: autoDraw = False
26.9459 	EXP 	cross: autoDraw = False
32.4749 	EXP 	respp: autoDraw = True
35.0359 	EXP 	Trial_mult: status = STOPPED
35.4230 	EXP 	window1: mouseVisible = True
