5.3474 	WARNING 	User requested fullscreen with size [1536  864], but screen is actually [1920, 1080]. Using actual size
6.0315 	EXP 	Created window1 = Window(allowGUI=True, allowStencil=False, autoLog=True, backendConf=UNKNOWN, backgroundFit=<method-wrapper '__getattribute__' of attributeSetter object at 0x000002A6955E0490>, backgroundImage=<method-wrapper '__getattribute__' of attributeSetter object at 0x000002A6955E0430>, bitsMode=UNKNOWN, blendMode='avg', bpc=(8, 8, 8), color=array([-1., -1., -1.]), colorSpace='rgb', depthBits=8, fullscr=<method-wrapper '__getattribute__' of attributeSetter object at 0x000002A6955E02B0>, gamma=None, gammaErrorPolicy='raise', lms=UNKNOWN, monitor=<psychopy.monitors.calibTools.Monitor object at 0x000002A6957A8F10>, multiSample=False, name='window1', numSamples=2, pos=(0, 0), screen=0, size=array([1920, 1080]), stencilBits=0, stereo=False, title='PsychoPy', units='height', useFBO=True, useRetina=False, viewOri=0.0, viewPos=None, viewScale=None, waitBlanking=True, winType='pyglet')
6.0316 	EXP 	window1: mouseVisible = True
6.0317 	EXP 	window1: backgroundImage = ''
6.0317 	EXP 	window1: backgroundFit = 'none'
6.0349 	EXP 	window1: Attempting to measure frame rate of screen (0) ...
6.0350 	EXP 	window1: recordFrameIntervals = False
6.1954 	EXP 	window1: recordFrameIntervals = True
6.3793 	EXP 	Screen (0) actual frame rate measured at 60.07Hz
6.3794 	EXP 	window1: recordFrameIntervals = False
6.3799 	EXP 	window1: mouseVisible = False
8.2758 	EXP 	Trial_mult: status = STARTED
8.2768 	EXP 	window1: mouseVisible = True
8.3276 	EXP 	Created Instructions = TextStim(__class__=<class 'psychopy.visual.text.TextStim'>, alignHoriz=method-wrapper(...), alignText='center', alignVert=method-wrapper(...), anchorHoriz='center', anchorVert='center', antialias=True, autoDraw=False, autoLog=True, bold=False, color=array([1., 1., 1.]), colorSpace='rgb', contrast=1.0, depth=0.0, draggable=False, flipHoriz=False, flipVert=False, font='Open Sans', fontFiles=[], height=0.05, italic=False, languageStyle='LTR', name='Instructions', opacity=1.0, ori=0.0, pos=array([0., 0.]), rgb=UNKNOWN, text=str(...), units='height', win=Window(...), wrapWidth=1)
8.3277 	EXP 	window1: mouseVisible = True
8.3300 	EXP 	Created cross = TextStim(__class__=<class 'psychopy.visual.text.TextStim'>, alignHoriz=method-wrapper(...), alignText='center', alignVert=method-wrapper(...), anchorHoriz='center', anchorVert='center', antialias=True, autoDraw=False, autoLog=True, bold=False, color=array([1., 1., 1.]), colorSpace='rgb', contrast=1.0, depth=0.0, draggable=False, flipHoriz=False, flipVert=False, font='Open Sans', fontFiles=[], height=0.05, italic=False, languageStyle='LTR', name='cross', opacity=1.0, ori=0.0, pos=array([0., 0.]), rgb=UNKNOWN, text='+', units='height', win=Window(...), wrapWidth=1)
9.0000 	EXP 	Sound sound_1 set volume 1.000
9.0002 	EXP 	window1: mouseVisible = True
9.0071 	EXP 	Created breakk = TextStim(__class__=<class 'psychopy.visual.text.TextStim'>, alignHoriz=method-wrapper(...), alignText='center', alignVert=method-wrapper(...), anchorHoriz='center', anchorVert='center', antialias=True, autoDraw=False, autoLog=True, bold=False, color=array([1., 1., 1.]), colorSpace='rgb', contrast=1.0, depth=0.0, draggable=False, flipHoriz=False, flipVert=False, font='Open Sans', fontFiles=[], height=0.05, italic=False, languageStyle='LTR', name='breakk', opacity=1.0, ori=0.0, pos=array([0., 0.]), rgb=UNKNOWN, text=str(...), units='height', win=Window(...), wrapWidth=1)
9.0073 	EXP 	window1: mouseVisible = True
9.0177 	EXP 	Created respp = TextStim(__class__=<class 'psychopy.visual.text.TextStim'>, alignHoriz=method-wrapper(...), alignText='center', alignVert=method-wrapper(...), anchorHoriz='center', anchorVert='center', antialias=True, autoDraw=False, autoLog=True, bold=False, color=array([1., 1., 1.]), colorSpace='rgb', contrast=1.0, depth=0.0, draggable=False, flipHoriz=False, flipVert=False, font='Open Sans', fontFiles=[], height=0.05, italic=False, languageStyle='LTR', name='respp', opacity=1.0, ori=0.0, pos=array([0., 0.]), rgb=UNKNOWN, text=str(...), units='height', win=Window(...), wrapWidth=1)
0.0228 	EXP 	Instructions: autoDraw = True
1.1390 	EXP 	Imported audio_file_paths.csv as conditions, 400 conditions, 1 params
1.1399 	EXP 	Created sequence: sequential, trialTypes=400, nReps=1, seed=None
1.1400 	EXP 	New trial (rep=0, index=0): OrderedDict([('audio', 'block1_trial1_attendright_leadtarget.wav')])
1.1494 	EXP 	Instructions: autoDraw = False
1.1660 	EXP 	cross: autoDraw = True
3.1442 	EXP 	Sound  started
6.9396 	EXP 	cross: autoDraw = False
6.9396 	EXP 	respp: autoDraw = True
8.3351 	EXP 	New trial (rep=0, index=1): OrderedDict([('audio', 'block1_trial2_attendright_leadmasker.wav')])
8.3370 	EXP 	respp: autoDraw = False
8.3421 	EXP 	cross: autoDraw = True
10.3422 	EXP 	Sound  started
14.0974 	EXP 	cross: autoDraw = False
14.1142 	EXP 	cross: autoDraw = False
14.1142 	EXP 	respp: autoDraw = True
14.7990 	EXP 	New trial (rep=0, index=2): OrderedDict([('audio', 'block1_trial3_attendleft_leadmasker.wav')])
14.8120 	EXP 	respp: autoDraw = False
14.8284 	EXP 	cross: autoDraw = True
15.9265 	EXP 	Sound  started
15.9265 	EXP 	Sound  unpaused
15.9267 	EXP 	window1: mouseVisible = True
15.9333 	EXP 	Created Pause = TextStim(__class__=<class 'psychopy.visual.text.TextStim'>, alignHoriz=method-wrapper(...), alignText='center', alignVert=method-wrapper(...), anchorHoriz='center', anchorVert='center', antialias=True, autoDraw=False, autoLog=True, bold=False, color=array([1., 1., 1.]), colorSpace='rgb', contrast=1.0, depth=0.0, draggable=False, flipHoriz=False, flipVert=False, font='Open Sans', fontFiles=[], height=0.05, italic=False, languageStyle='LTR', name='Pause', opacity=1.0, ori=0.0, pos=array([0., 0.]), rgb=UNKNOWN, text="Experiment Paused\n Press 'c' to continue", units='height', win=Window(...), wrapWidth=1)
15.9420 	EXP 	Pause: autoDraw = True
21.0762 	EXP 	window1: mouseVisible = True
