8.6893 	WARNING 	User requested fullscreen with size [1536  864], but screen is actually [1920, 1080]. Using actual size
9.7864 	EXP 	Created window1 = Window(allowGUI=True, allowStencil=False, autoLog=True, backendConf=UNKNOWN, backgroundFit=<method-wrapper '__getattribute__' of attributeSetter object at 0x00000201A0F604C0>, backgroundImage=<method-wrapper '__getattribute__' of attributeSetter object at 0x00000201A0F60460>, bitsMode=UNKNOWN, blendMode='avg', bpc=(8, 8, 8), color=array([-1., -1., -1.]), colorSpace='rgb', depthBits=8, fullscr=<method-wrapper '__getattribute__' of attributeSetter object at 0x00000201A0F602E0>, gamma=None, gammaErrorPolicy='raise', lms=UNKNOWN, monitor=<psychopy.monitors.calibTools.Monitor object at 0x00000201A1127F10>, multiSample=False, name='window1', numSamples=2, pos=(0, 0), screen=0, size=array([1920, 1080]), stencilBits=0, stereo=False, title='PsychoPy', units='height', useFBO=True, useRetina=False, viewOri=0.0, viewPos=None, viewScale=None, waitBlanking=True, winType='pyglet')
9.7865 	EXP 	window1: mouseVisible = True
9.7865 	EXP 	window1: backgroundImage = ''
9.7865 	EXP 	window1: backgroundFit = 'none'
9.7878 	EXP 	window1: Attempting to measure frame rate of screen (0) ...
9.7878 	EXP 	window1: recordFrameIntervals = False
9.9506 	EXP 	window1: recordFrameIntervals = True
10.1339 	EXP 	Screen (0) actual frame rate measured at 60.07Hz
10.1339 	EXP 	window1: recordFrameIntervals = False
10.1342 	EXP 	window1: mouseVisible = False
12.7171 	EXP 	Trial_mult: status = STARTED
12.7180 	EXP 	window1: mouseVisible = True
12.8442 	EXP 	Created Instructions = TextStim(__class__=<class 'psychopy.visual.text.TextStim'>, alignHoriz=method-wrapper(...), alignText='center', alignVert=method-wrapper(...), anchorHoriz='center', anchorVert='center', antialias=True, autoDraw=False, autoLog=True, bold=False, color=array([1., 1., 1.]), colorSpace='rgb', contrast=1.0, depth=0.0, draggable=False, flipHoriz=False, flipVert=False, font='Open Sans', fontFiles=[], height=0.05, italic=False, languageStyle='LTR', name='Instructions', opacity=1.0, ori=0.0, pos=array([0., 0.]), rgb=UNKNOWN, text=str(...), units='height', win=Window(...), wrapWidth=1)
12.8444 	EXP 	window1: mouseVisible = True
12.8485 	EXP 	Created cross = TextStim(__class__=<class 'psychopy.visual.text.TextStim'>, alignHoriz=method-wrapper(...), alignText='center', alignVert=method-wrapper(...), anchorHoriz='center', anchorVert='center', antialias=True, autoDraw=False, autoLog=True, bold=False, color=array([1., 1., 1.]), colorSpace='rgb', contrast=1.0, depth=0.0, draggable=False, flipHoriz=False, flipVert=False, font='Open Sans', fontFiles=[], height=0.05, italic=False, languageStyle='LTR', name='cross', opacity=1.0, ori=0.0, pos=array([0., 0.]), rgb=UNKNOWN, text='+', units='height', win=Window(...), wrapWidth=1)
13.4690 	EXP 	Sound sound_1 set volume 1.000
13.4693 	EXP 	window1: mouseVisible = True
13.4788 	EXP 	Created breakk = TextStim(__class__=<class 'psychopy.visual.text.TextStim'>, alignHoriz=method-wrapper(...), alignText='center', alignVert=method-wrapper(...), anchorHoriz='center', anchorVert='center', antialias=True, autoDraw=False, autoLog=True, bold=False, color=array([1., 1., 1.]), colorSpace='rgb', contrast=1.0, depth=0.0, draggable=False, flipHoriz=False, flipVert=False, font='Open Sans', fontFiles=[], height=0.05, italic=False, languageStyle='LTR', name='breakk', opacity=1.0, ori=0.0, pos=array([0., 0.]), rgb=UNKNOWN, text=str(...), units='height', win=Window(...), wrapWidth=1)
13.4790 	EXP 	window1: mouseVisible = True
13.4928 	EXP 	Created respp = TextStim(__class__=<class 'psychopy.visual.text.TextStim'>, alignHoriz=method-wrapper(...), alignText='center', alignVert=method-wrapper(...), anchorHoriz='center', anchorVert='center', antialias=True, autoDraw=False, autoLog=True, bold=False, color=array([1., 1., 1.]), colorSpace='rgb', contrast=1.0, depth=0.0, draggable=False, flipHoriz=False, flipVert=False, font='Open Sans', fontFiles=[], height=0.05, italic=False, languageStyle='LTR', name='respp', opacity=1.0, ori=0.0, pos=array([0., 0.]), rgb=UNKNOWN, text=str(...), units='height', win=Window(...), wrapWidth=1)
0.0311 	EXP 	Instructions: autoDraw = True
1.2188 	EXP 	Imported audio_file_paths.csv as conditions, 400 conditions, 1 params
1.2201 	EXP 	Created sequence: sequential, trialTypes=400, nReps=1, seed=None
1.2203 	EXP 	New trial (rep=0, index=0): OrderedDict([('audio', 'block1_trial1_attendright_leadtarget.wav')])
1.2224 	EXP 	Instructions: autoDraw = False
1.2347 	EXP 	cross: autoDraw = True
3.2076 	EXP 	Sound  started
7.0121 	EXP 	cross: autoDraw = False
7.0121 	EXP 	respp: autoDraw = True
8.1469 	EXP 	New trial (rep=0, index=1): OrderedDict([('audio', 'block1_trial2_attendright_leadmasker.wav')])
8.1592 	EXP 	respp: autoDraw = False
8.1760 	EXP 	cross: autoDraw = True
10.1547 	EXP 	Sound  started
13.9270 	EXP 	cross: autoDraw = False
13.9270 	EXP 	respp: autoDraw = True
15.1088 	EXP 	New trial (rep=0, index=2): OrderedDict([('audio', 'block1_trial3_attendleft_leadmasker.wav')])
15.1235 	EXP 	respp: autoDraw = False
15.1400 	EXP 	cross: autoDraw = True
16.4205 	EXP 	Sound  started
16.4205 	EXP 	Sound  unpaused
16.4206 	EXP 	window1: mouseVisible = True
16.4254 	EXP 	Created Pause = TextStim(__class__=<class 'psychopy.visual.text.TextStim'>, alignHoriz=method-wrapper(...), alignText='center', alignVert=method-wrapper(...), anchorHoriz='center', anchorVert='center', antialias=True, autoDraw=False, autoLog=True, bold=False, color=array([1., 1., 1.]), colorSpace='rgb', contrast=1.0, depth=0.0, draggable=False, flipHoriz=False, flipVert=False, font='Open Sans', fontFiles=[], height=0.05, italic=False, languageStyle='LTR', name='Pause', opacity=1.0, ori=0.0, pos=array([0., 0.]), rgb=UNKNOWN, text="Experiment Paused\n Press 'c' to continue", units='height', win=Window(...), wrapWidth=1)
16.4366 	EXP 	Pause: autoDraw = True
20.6657 	EXP 	window1: mouseVisible = True
