7.2920 	WARNING 	User requested fullscreen with size [1536  864], but screen is actually [1920, 1080]. Using actual size
8.2270 	EXP 	Created window1 = Window(allowGUI=True, allowStencil=False, autoLog=True, backendConf=UNKNOWN, backgroundFit=<method-wrapper '__getattribute__' of attributeSetter object at 0x0000026785C613A0>, backgroundImage=<method-wrapper '__getattribute__' of attributeSetter object at 0x0000026785C61340>, bitsMode=UNKNOWN, blendMode='avg', bpc=(8, 8, 8), color=array([-1., -1., -1.]), colorSpace='rgb', depthBits=8, fullscr=<method-wrapper '__getattribute__' of attributeSetter object at 0x0000026785C61190>, gamma=None, gammaErrorPolicy='raise', lms=UNKNOWN, monitor=<psychopy.monitors.calibTools.Monitor object at 0x0000026785F69DF0>, multiSample=False, name='window1', numSamples=2, pos=(0, 0), screen=0, size=array([1920, 1080]), stencilBits=0, stereo=False, title='PsychoPy', units='height', useFBO=True, useRetina=False, viewOri=0.0, viewPos=None, viewScale=None, waitBlanking=True, winType='pyglet')
8.2271 	EXP 	window1: mouseVisible = True
8.2271 	EXP 	window1: backgroundImage = ''
8.2272 	EXP 	window1: backgroundFit = 'none'
8.2299 	EXP 	window1: Attempting to measure frame rate of screen (0) ...
8.2300 	EXP 	window1: recordFrameIntervals = False
8.3916 	EXP 	window1: recordFrameIntervals = True
8.5741 	EXP 	Screen (0) actual frame rate measured at 60.32Hz
8.5741 	EXP 	window1: recordFrameIntervals = False
8.5743 	EXP 	window1: mouseVisible = False
10.4255 	EXP 	Trial_mult: status = STARTED
10.4264 	EXP 	window1: mouseVisible = True
10.5068 	EXP 	Created Instructions = TextStim(__class__=<class 'psychopy.visual.text.TextStim'>, alignHoriz=method-wrapper(...), alignText='center', alignVert=method-wrapper(...), anchorHoriz='center', anchorVert='center', antialias=True, autoDraw=False, autoLog=True, bold=False, color=array([1., 1., 1.]), colorSpace='rgb', contrast=1.0, depth=0.0, draggable=False, flipHoriz=False, flipVert=False, font='Open Sans', fontFiles=[], height=0.05, italic=False, languageStyle='LTR', name='Instructions', opacity=1.0, ori=0.0, pos=array([0., 0.]), rgb=UNKNOWN, text=str(...), units='height', win=Window(...), wrapWidth=1)
10.5069 	EXP 	window1: mouseVisible = True
10.5090 	EXP 	Created cross = TextStim(__class__=<class 'psychopy.visual.text.TextStim'>, alignHoriz=method-wrapper(...), alignText='center', alignVert=method-wrapper(...), anchorHoriz='center', anchorVert='center', antialias=True, autoDraw=False, autoLog=True, bold=False, color=array([1., 1., 1.]), colorSpace='rgb', contrast=1.0, depth=0.0, draggable=False, flipHoriz=False, flipVert=False, font='Open Sans', fontFiles=[], height=0.05, italic=False, languageStyle='LTR', name='cross', opacity=1.0, ori=0.0, pos=array([0., 0.]), rgb=UNKNOWN, text='+', units='height', win=Window(...), wrapWidth=1)
11.1501 	EXP 	Sound sound_1 set volume 1.000
11.1503 	EXP 	window1: mouseVisible = True
11.1561 	EXP 	Created breakk = TextStim(__class__=<class 'psychopy.visual.text.TextStim'>, alignHoriz=method-wrapper(...), alignText='center', alignVert=method-wrapper(...), anchorHoriz='center', anchorVert='center', antialias=True, autoDraw=False, autoLog=True, bold=False, color=array([1., 1., 1.]), colorSpace='rgb', contrast=1.0, depth=0.0, draggable=False, flipHoriz=False, flipVert=False, font='Open Sans', fontFiles=[], height=0.05, italic=False, languageStyle='LTR', name='breakk', opacity=1.0, ori=0.0, pos=array([0., 0.]), rgb=UNKNOWN, text=str(...), units='height', win=Window(...), wrapWidth=1)
11.1562 	EXP 	window1: mouseVisible = True
11.1680 	EXP 	Created respp = TextStim(__class__=<class 'psychopy.visual.text.TextStim'>, alignHoriz=method-wrapper(...), alignText='center', alignVert=method-wrapper(...), anchorHoriz='center', anchorVert='center', antialias=True, autoDraw=False, autoLog=True, bold=False, color=array([1., 1., 1.]), colorSpace='rgb', contrast=1.0, depth=0.0, draggable=False, flipHoriz=False, flipVert=False, font='Open Sans', fontFiles=[], height=0.05, italic=False, languageStyle='LTR', name='respp', opacity=1.0, ori=0.0, pos=array([0., 0.]), rgb=UNKNOWN, text=str(...), units='height', win=Window(...), wrapWidth=1)
0.0147 	EXP 	Instructions: autoDraw = True
0.9724 	EXP 	Imported audio_file_paths.csv as conditions, 400 conditions, 1 params
0.9736 	EXP 	Created sequence: sequential, trialTypes=400, nReps=1, seed=None
0.9738 	EXP 	New trial (rep=0, index=0): OrderedDict([('audio', 'block1_trial1_attendright_leadtarget.wav')])
0.9764 	EXP 	Instructions: autoDraw = False
0.9870 	EXP 	cross: autoDraw = True
2.9093 	EXP 	Sound  started
6.6804 	EXP 	cross: autoDraw = False
6.6804 	EXP 	respp: autoDraw = True
8.4984 	EXP 	New trial (rep=0, index=1): OrderedDict([('audio', 'block1_trial2_attendright_leadmasker.wav')])
8.5084 	EXP 	respp: autoDraw = False
8.5251 	EXP 	cross: autoDraw = True
10.0221 	EXP 	Sound  started
10.0221 	EXP 	Sound  unpaused
10.0223 	EXP 	window1: mouseVisible = True
10.0304 	EXP 	Created Pause = TextStim(__class__=<class 'psychopy.visual.text.TextStim'>, alignHoriz=method-wrapper(...), alignText='center', alignVert=method-wrapper(...), anchorHoriz='center', anchorVert='center', antialias=True, autoDraw=False, autoLog=True, bold=False, color=array([1., 1., 1.]), colorSpace='rgb', contrast=1.0, depth=0.0, draggable=False, flipHoriz=False, flipVert=False, font='Open Sans', fontFiles=[], height=0.05, italic=False, languageStyle='LTR', name='Pause', opacity=1.0, ori=0.0, pos=array([0., 0.]), rgb=UNKNOWN, text="Experiment Paused\n Press 'c' to continue", units='height', win=Window(...), wrapWidth=1)
10.0375 	EXP 	Pause: autoDraw = True
14.3428 	EXP 	Pause: autoDraw = False
14.3430 	EXP 	Sound  stopped
14.3430 	EXP 	Sound  started
14.3929 	EXP 	cross: autoDraw = False
14.3929 	EXP 	respp: autoDraw = True
18.5154 	EXP 	New trial (rep=0, index=2): OrderedDict([('audio', 'block1_trial3_attendleft_leadmasker.wav')])
18.5313 	EXP 	respp: autoDraw = False
18.5478 	EXP 	cross: autoDraw = True
19.3795 	EXP 	Trial_mult: status = STOPPED
19.3955 	EXP 	cross: autoDraw = False
19.3956 	EXP 	Trial_mult: status = STOPPED
19.5390 	EXP 	window1: mouseVisible = True
