7.6780 	WARNING 	User requested fullscreen with size [1536  864], but screen is actually [1920, 1080]. Using actual size
8.3143 	EXP 	Created window1 = Window(allowGUI=True, allowStencil=False, autoLog=True, backendConf=UNKNOWN, backgroundFit=<method-wrapper '__getattribute__' of attributeSetter object at 0x0000026F43B905B0>, backgroundImage=<method-wrapper '__getattribute__' of attributeSetter object at 0x0000026F43B90550>, bitsMode=UNKNOWN, blendMode='avg', bpc=(8, 8, 8), color=array([-1., -1., -1.]), colorSpace='rgb', depthBits=8, fullscr=<method-wrapper '__getattribute__' of attributeSetter object at 0x0000026F43B903D0>, gamma=None, gammaErrorPolicy='raise', lms=UNKNOWN, monitor=<psychopy.monitors.calibTools.Monitor object at 0x0000026F43D99040>, multiSample=False, name='window1', numSamples=2, pos=(0, 0), screen=0, size=array([1920, 1080]), stencilBits=0, stereo=False, title='PsychoPy', units='height', useFBO=True, useRetina=False, viewOri=0.0, viewPos=None, viewScale=None, waitBlanking=True, winType='pyglet')
8.3145 	EXP 	window1: mouseVisible = True
8.3145 	EXP 	window1: backgroundImage = ''
8.3145 	EXP 	window1: backgroundFit = 'none'
8.3181 	EXP 	window1: Attempting to measure frame rate of screen (0) ...
8.3182 	EXP 	window1: recordFrameIntervals = False
8.4792 	EXP 	window1: recordFrameIntervals = True
8.6627 	EXP 	Screen (0) actual frame rate measured at 60.32Hz
8.6628 	EXP 	window1: recordFrameIntervals = False
8.6630 	EXP 	window1: mouseVisible = False
10.6622 	EXP 	Trial_mult: status = STARTED
10.6625 	EXP 	window1: mouseVisible = True
10.7215 	EXP 	Created Instructions = TextStim(__class__=<class 'psychopy.visual.text.TextStim'>, alignHoriz=method-wrapper(...), alignText='center', alignVert=method-wrapper(...), anchorHoriz='center', anchorVert='center', antialias=True, autoDraw=False, autoLog=True, bold=False, color=array([1., 1., 1.]), colorSpace='rgb', contrast=1.0, depth=0.0, draggable=False, flipHoriz=False, flipVert=False, font='Open Sans', fontFiles=[], height=0.05, italic=False, languageStyle='LTR', name='Instructions', opacity=1.0, ori=0.0, pos=array([0., 0.]), rgb=UNKNOWN, text=str(...), units='height', win=Window(...), wrapWidth=1)
10.7216 	EXP 	window1: mouseVisible = True
10.7241 	EXP 	Created cross = TextStim(__class__=<class 'psychopy.visual.text.TextStim'>, alignHoriz=method-wrapper(...), alignText='center', alignVert=method-wrapper(...), anchorHoriz='center', anchorVert='center', antialias=True, autoDraw=False, autoLog=True, bold=False, color=array([1., 1., 1.]), colorSpace='rgb', contrast=1.0, depth=0.0, draggable=False, flipHoriz=False, flipVert=False, font='Open Sans', fontFiles=[], height=0.05, italic=False, languageStyle='LTR', name='cross', opacity=1.0, ori=0.0, pos=array([0., 0.]), rgb=UNKNOWN, text='+', units='height', win=Window(...), wrapWidth=1)
11.3603 	EXP 	Sound sound_1 set volume 1.000
11.3604 	EXP 	window1: mouseVisible = True
11.3656 	EXP 	Created Rest = TextStim(__class__=<class 'psychopy.visual.text.TextStim'>, alignHoriz=method-wrapper(...), alignText='center', alignVert=method-wrapper(...), anchorHoriz='center', anchorVert='center', antialias=True, autoDraw=False, autoLog=True, bold=False, color=array([1., 1., 1.]), colorSpace='rgb', contrast=1.0, depth=0.0, draggable=False, flipHoriz=False, flipVert=False, font='Open Sans', fontFiles=[], height=0.05, italic=False, languageStyle='LTR', name='Rest', opacity=1.0, ori=0.0, pos=array([0., 0.]), rgb=UNKNOWN, text='Take a break!\n\nPress any key to continue.', units='height', win=Window(...), wrapWidth=1)
11.3659 	EXP 	window1: mouseVisible = True
11.3773 	EXP 	Created respp = TextStim(__class__=<class 'psychopy.visual.text.TextStim'>, alignHoriz=method-wrapper(...), alignText='center', alignVert=method-wrapper(...), anchorHoriz='center', anchorVert='center', antialias=True, autoDraw=False, autoLog=True, bold=False, color=array([1., 1., 1.]), colorSpace='rgb', contrast=1.0, depth=0.0, draggable=False, flipHoriz=False, flipVert=False, font='Open Sans', fontFiles=[], height=0.05, italic=False, languageStyle='LTR', name='respp', opacity=1.0, ori=0.0, pos=array([0., 0.]), rgb=UNKNOWN, text=str(...), units='height', win=Window(...), wrapWidth=1)
0.0200 	EXP 	Instructions: autoDraw = True
1.5034 	EXP 	Imported audio_file_paths.csv as conditions, 400 conditions, 1 params
1.5047 	EXP 	Created sequence: sequential, trialTypes=400, nReps=1, seed=None
1.5049 	EXP 	New trial (rep=0, index=0): OrderedDict([('audio', 'block1_trial1_attendright_leadtarget.wav')])
1.5152 	EXP 	Instructions: autoDraw = False
1.5152 	EXP 	cross: autoDraw = True
3.4860 	EXP 	Sound  started
7.2405 	EXP 	cross: autoDraw = False
12.9749 	EXP 	respp: autoDraw = True
15.5751 	EXP 	New trial (rep=0, index=1): OrderedDict([('audio', 'block1_trial2_attendright_leadmasker.wav')])
15.5842 	EXP 	respp: autoDraw = False
15.5842 	EXP 	cross: autoDraw = True
16.3336 	EXP 	Trial_mult: status = STOPPED
16.3493 	EXP 	cross: autoDraw = False
16.3495 	EXP 	Trial_mult: status = STOPPED
16.4570 	EXP 	window1: mouseVisible = True
