5.8334 	WARNING 	User requested fullscreen with size [1536  864], but screen is actually [1920, 1080]. Using actual size
6.4900 	EXP 	Created window1 = Window(allowGUI=True, allowStencil=False, autoLog=True, backendConf=UNKNOWN, backgroundFit=<method-wrapper '__getattribute__' of attributeSetter object at 0x000001AE648C9D00>, backgroundImage=<method-wrapper '__getattribute__' of attributeSetter object at 0x000001AE648C9CA0>, bitsMode=UNKNOWN, blendMode='avg', bpc=(8, 8, 8), color=array([-1., -1., -1.]), colorSpace='rgb', depthBits=8, fullscr=<method-wrapper '__getattribute__' of attributeSetter object at 0x000001AE648C9B20>, gamma=None, gammaErrorPolicy='raise', lms=UNKNOWN, monitor=<psychopy.monitors.calibTools.Monitor object at 0x000001AE64BDC400>, multiSample=False, name='window1', numSamples=2, pos=(0, 0), screen=0, size=array([1920, 1080]), stencilBits=0, stereo=False, title='PsychoPy', units='height', useFBO=True, useRetina=False, viewOri=0.0, viewPos=None, viewScale=None, waitBlanking=True, winType='pyglet')
6.4908 	EXP 	window1: mouseVisible = True
6.4908 	EXP 	window1: backgroundImage = ''
6.4908 	EXP 	window1: backgroundFit = 'none'
6.4920 	EXP 	window1: Attempting to measure frame rate of screen (0) ...
6.4920 	EXP 	window1: recordFrameIntervals = False
6.6556 	EXP 	window1: recordFrameIntervals = True
6.8388 	EXP 	Screen (0) actual frame rate measured at 60.15Hz
6.8388 	EXP 	window1: recordFrameIntervals = False
6.8390 	EXP 	window1: mouseVisible = False
8.7412 	EXP 	Trial_mult: status = STARTED
8.7417 	EXP 	window1: mouseVisible = True
8.7906 	EXP 	Created Instructions = TextStim(__class__=<class 'psychopy.visual.text.TextStim'>, alignHoriz=method-wrapper(...), alignText='center', alignVert=method-wrapper(...), anchorHoriz='center', anchorVert='center', antialias=True, autoDraw=False, autoLog=True, bold=False, color=array([1., 1., 1.]), colorSpace='rgb', contrast=1.0, depth=0.0, draggable=False, flipHoriz=False, flipVert=False, font='Open Sans', fontFiles=[], height=0.05, italic=False, languageStyle='LTR', name='Instructions', opacity=1.0, ori=0.0, pos=array([0., 0.]), rgb=UNKNOWN, text=str(...), units='height', win=Window(...), wrapWidth=1)
8.7908 	EXP 	window1: mouseVisible = True
8.7932 	EXP 	Created cross = TextStim(__class__=<class 'psychopy.visual.text.TextStim'>, alignHoriz=method-wrapper(...), alignText='center', alignVert=method-wrapper(...), anchorHoriz='center', anchorVert='center', antialias=True, autoDraw=False, autoLog=True, bold=False, color=array([1., 1., 1.]), colorSpace='rgb', contrast=1.0, depth=0.0, draggable=False, flipHoriz=False, flipVert=False, font='Open Sans', fontFiles=[], height=0.05, italic=False, languageStyle='LTR', name='cross', opacity=1.0, ori=0.0, pos=array([0., 0.]), rgb=UNKNOWN, text='+', units='height', win=Window(...), wrapWidth=1)
9.3783 	EXP 	Sound sound_1 set volume 1.000
9.3784 	EXP 	window1: mouseVisible = True
9.3848 	EXP 	Created breakk = TextStim(__class__=<class 'psychopy.visual.text.TextStim'>, alignHoriz=method-wrapper(...), alignText='center', alignVert=method-wrapper(...), anchorHoriz='center', anchorVert='center', antialias=True, autoDraw=False, autoLog=True, bold=False, color=array([1., 1., 1.]), colorSpace='rgb', contrast=1.0, depth=0.0, draggable=False, flipHoriz=False, flipVert=False, font='Open Sans', fontFiles=[], height=0.05, italic=False, languageStyle='LTR', name='breakk', opacity=1.0, ori=0.0, pos=array([0., 0.]), rgb=UNKNOWN, text=str(...), units='height', win=Window(...), wrapWidth=1)
9.3849 	EXP 	window1: mouseVisible = True
9.3972 	EXP 	Created respp = TextStim(__class__=<class 'psychopy.visual.text.TextStim'>, alignHoriz=method-wrapper(...), alignText='center', alignVert=method-wrapper(...), anchorHoriz='center', anchorVert='center', antialias=True, autoDraw=False, autoLog=True, bold=False, color=array([1., 1., 1.]), colorSpace='rgb', contrast=1.0, depth=0.0, draggable=False, flipHoriz=False, flipVert=False, font='Open Sans', fontFiles=[], height=0.05, italic=False, languageStyle='LTR', name='respp', opacity=1.0, ori=0.0, pos=array([0., 0.]), rgb=UNKNOWN, text=str(...), units='height', win=Window(...), wrapWidth=1)
0.0170 	EXP 	Instructions: autoDraw = True
2.1848 	EXP 	Imported audio_file_paths.csv as conditions, 400 conditions, 1 params
2.1866 	EXP 	Created sequence: sequential, trialTypes=400, nReps=1, seed=None
2.1867 	EXP 	New trial (rep=0, index=0): OrderedDict([('audio', 'block1_trial1_attendright_leadtarget.wav')])
2.1947 	EXP 	Instructions: autoDraw = False
2.2113 	EXP 	cross: autoDraw = True
4.1905 	EXP 	Sound  started
7.9793 	EXP 	cross: autoDraw = False
7.9793 	EXP 	respp: autoDraw = True
8.9819 	EXP 	New trial (rep=0, index=1): OrderedDict([('audio', 'block1_trial2_attendright_leadmasker.wav')])
8.9927 	EXP 	respp: autoDraw = False
9.0094 	EXP 	cross: autoDraw = True
10.4903 	EXP 	Sound  started
10.4903 	EXP 	Sound  unpaused
10.4909 	EXP 	window1: mouseVisible = True
10.4996 	EXP 	Created Pause = TextStim(__class__=<class 'psychopy.visual.text.TextStim'>, alignHoriz=method-wrapper(...), alignText='center', alignVert=method-wrapper(...), anchorHoriz='center', anchorVert='center', antialias=True, autoDraw=False, autoLog=True, bold=False, color=array([1., 1., 1.]), colorSpace='rgb', contrast=1.0, depth=0.0, draggable=False, flipHoriz=False, flipVert=False, font='Open Sans', fontFiles=[], height=0.05, italic=False, languageStyle='LTR', name='Pause', opacity=1.0, ori=0.0, pos=array([0., 0.]), rgb=UNKNOWN, text="Experiment Paused\n Press 'c' to continue", units='height', win=Window(...), wrapWidth=1)
10.5052 	EXP 	Pause: autoDraw = True
16.1071 	EXP 	Pause: autoDraw = False
16.1075 	EXP 	Sound  stopped
16.1075 	EXP 	Sound  started
16.1571 	EXP 	cross: autoDraw = False
20.0590 	EXP 	Sound  reached end of file
20.0635 	EXP 	cross: autoDraw = False
21.8577 	EXP 	respp: autoDraw = True
23.5895 	EXP 	New trial (rep=0, index=2): OrderedDict([('audio', 'block1_trial3_attendleft_leadmasker.wav')])
23.6029 	EXP 	respp: autoDraw = False
23.6197 	EXP 	cross: autoDraw = True
25.5990 	EXP 	Sound  started
27.4431 	EXP 	Trial_mult: status = STOPPED
27.4593 	EXP 	cross: autoDraw = False
27.4594 	EXP 	Trial_mult: status = STOPPED
27.6278 	EXP 	window1: mouseVisible = True
