8.6066 	WARNING 	User requested fullscreen with size [1536  864], but screen is actually [1920, 1080]. Using actual size
9.3494 	EXP 	Created window1 = Window(allowGUI=True, allowStencil=False, autoLog=True, backendConf=UNKNOWN, backgroundFit=<method-wrapper '__getattribute__' of attributeSetter object at 0x000001E23945ACD0>, backgroundImage=<method-wrapper '__getattribute__' of attributeSetter object at 0x000001E23945AC70>, bitsMode=UNKNOWN, blendMode='avg', bpc=(8, 8, 8), color=array([-1., -1., -1.]), colorSpace='rgb', depthBits=8, fullscr=<method-wrapper '__getattribute__' of attributeSetter object at 0x000001E23945AAF0>, gamma=None, gammaErrorPolicy='raise', lms=UNKNOWN, monitor=<psychopy.monitors.calibTools.Monitor object at 0x000001E2397A3310>, multiSample=False, name='window1', numSamples=2, pos=(0, 0), screen=0, size=array([1920, 1080]), stencilBits=0, stereo=False, title='PsychoPy', units='height', useFBO=True, useRetina=False, viewOri=0.0, viewPos=None, viewScale=None, waitBlanking=True, winType='pyglet')
9.3495 	EXP 	window1: mouseVisible = True
9.3495 	EXP 	window1: backgroundImage = ''
9.3496 	EXP 	window1: backgroundFit = 'none'
9.3521 	EXP 	window1: Attempting to measure frame rate of screen (0) ...
9.3522 	EXP 	window1: recordFrameIntervals = False
9.5115 	EXP 	window1: recordFrameIntervals = True
9.6962 	EXP 	Screen (0) actual frame rate measured at 59.68Hz
9.6963 	EXP 	window1: recordFrameIntervals = False
9.6965 	EXP 	window1: mouseVisible = False
11.5398 	EXP 	Trial_mult: status = STARTED
11.5411 	EXP 	window1: mouseVisible = True
11.6102 	EXP 	Created Instructions = TextStim(__class__=<class 'psychopy.visual.text.TextStim'>, alignHoriz=method-wrapper(...), alignText='center', alignVert=method-wrapper(...), anchorHoriz='center', anchorVert='center', antialias=True, autoDraw=False, autoLog=True, bold=False, color=array([1., 1., 1.]), colorSpace='rgb', contrast=1.0, depth=0.0, draggable=False, flipHoriz=False, flipVert=False, font='Open Sans', fontFiles=[], height=0.05, italic=False, languageStyle='LTR', name='Instructions', opacity=1.0, ori=0.0, pos=array([0., 0.]), rgb=UNKNOWN, text=str(...), units='height', win=Window(...), wrapWidth=1)
11.6103 	EXP 	window1: mouseVisible = True
11.6128 	EXP 	Created cross = TextStim(__class__=<class 'psychopy.visual.text.TextStim'>, alignHoriz=method-wrapper(...), alignText='center', alignVert=method-wrapper(...), anchorHoriz='center', anchorVert='center', antialias=True, autoDraw=False, autoLog=True, bold=False, color=array([1., 1., 1.]), colorSpace='rgb', contrast=1.0, depth=0.0, draggable=False, flipHoriz=False, flipVert=False, font='Open Sans', fontFiles=[], height=0.05, italic=False, languageStyle='LTR', name='cross', opacity=1.0, ori=0.0, pos=array([0., 0.]), rgb=UNKNOWN, text='+', units='height', win=Window(...), wrapWidth=1)
12.3047 	EXP 	Sound sound_1 set volume 1.000
12.3049 	EXP 	window1: mouseVisible = True
12.3111 	EXP 	Created breakk = TextStim(__class__=<class 'psychopy.visual.text.TextStim'>, alignHoriz=method-wrapper(...), alignText='center', alignVert=method-wrapper(...), anchorHoriz='center', anchorVert='center', antialias=True, autoDraw=False, autoLog=True, bold=False, color=array([1., 1., 1.]), colorSpace='rgb', contrast=1.0, depth=0.0, draggable=False, flipHoriz=False, flipVert=False, font='Open Sans', fontFiles=[], height=0.05, italic=False, languageStyle='LTR', name='breakk', opacity=1.0, ori=0.0, pos=array([0., 0.]), rgb=UNKNOWN, text=str(...), units='height', win=Window(...), wrapWidth=1)
12.3113 	EXP 	window1: mouseVisible = True
12.3232 	EXP 	Created respp = TextStim(__class__=<class 'psychopy.visual.text.TextStim'>, alignHoriz=method-wrapper(...), alignText='center', alignVert=method-wrapper(...), anchorHoriz='center', anchorVert='center', antialias=True, autoDraw=False, autoLog=True, bold=False, color=array([1., 1., 1.]), colorSpace='rgb', contrast=1.0, depth=0.0, draggable=False, flipHoriz=False, flipVert=False, font='Open Sans', fontFiles=[], height=0.05, italic=False, languageStyle='LTR', name='respp', opacity=1.0, ori=0.0, pos=array([0., 0.]), rgb=UNKNOWN, text=str(...), units='height', win=Window(...), wrapWidth=1)
0.0175 	EXP 	Instructions: autoDraw = True
0.6905 	EXP 	Imported audio_file_paths.csv as conditions, 400 conditions, 1 params
0.6916 	EXP 	Created sequence: sequential, trialTypes=400, nReps=1, seed=None
0.6917 	EXP 	New trial (rep=0, index=0): OrderedDict([('audio', 'block1_trial1_attendright_leadtarget.wav')])
0.6918 	EXP 	New trial (rep=0, index=1): OrderedDict([('audio', 'block1_trial2_attendright_leadmasker.wav')])
0.6919 	EXP 	New trial (rep=0, index=2): OrderedDict([('audio', 'block1_trial3_attendleft_leadmasker.wav')])
0.6919 	EXP 	New trial (rep=0, index=3): OrderedDict([('audio', 'block1_trial4_attendright_leadtarget.wav')])
0.6919 	EXP 	New trial (rep=0, index=4): OrderedDict([('audio', 'block1_trial5_attendleft_leadtarget.wav')])
0.6920 	EXP 	New trial (rep=0, index=5): OrderedDict([('audio', 'block1_trial6_attendright_leadtarget.wav')])
0.6920 	EXP 	New trial (rep=0, index=6): OrderedDict([('audio', 'block1_trial7_attendleft_leadtarget.wav')])
0.6921 	EXP 	New trial (rep=0, index=7): OrderedDict([('audio', 'block1_trial8_attendleft_leadtarget.wav')])
0.6921 	EXP 	New trial (rep=0, index=8): OrderedDict([('audio', 'block1_trial9_attendleft_leadmasker.wav')])
0.6922 	EXP 	New trial (rep=0, index=9): OrderedDict([('audio', 'block1_trial10_attendright_leadmasker.wav')])
0.6923 	EXP 	New trial (rep=0, index=10): OrderedDict([('audio', 'block1_trial11_attendleft_leadtarget.wav')])
0.6923 	EXP 	New trial (rep=0, index=11): OrderedDict([('audio', 'block1_trial12_attendright_leadtarget.wav')])
0.6923 	EXP 	New trial (rep=0, index=12): OrderedDict([('audio', 'block1_trial13_attendleft_leadmasker.wav')])
0.6924 	EXP 	New trial (rep=0, index=13): OrderedDict([('audio', 'block1_trial14_attendright_leadmasker.wav')])
0.6924 	EXP 	New trial (rep=0, index=14): OrderedDict([('audio', 'block1_trial15_attendleft_leadtarget.wav')])
0.6926 	EXP 	New trial (rep=0, index=15): OrderedDict([('audio', 'block1_trial16_attendleft_leadmasker.wav')])
0.6927 	EXP 	New trial (rep=0, index=16): OrderedDict([('audio', 'block1_trial17_attendleft_leadtarget.wav')])
0.6927 	EXP 	New trial (rep=0, index=17): OrderedDict([('audio', 'block1_trial18_attendleft_leadmasker.wav')])
0.6927 	EXP 	New trial (rep=0, index=18): OrderedDict([('audio', 'block1_trial19_attendright_leadmasker.wav')])
0.6928 	EXP 	New trial (rep=0, index=19): OrderedDict([('audio', 'block1_trial20_attendright_leadtarget.wav')])
0.6928 	EXP 	New trial (rep=0, index=20): OrderedDict([('audio', 'block1_trial21_attendright_leadmasker.wav')])
0.6929 	EXP 	New trial (rep=0, index=21): OrderedDict([('audio', 'block1_trial22_attendleft_leadmasker.wav')])
0.6929 	EXP 	New trial (rep=0, index=22): OrderedDict([('audio', 'block1_trial23_attendleft_leadmasker.wav')])
0.6929 	EXP 	New trial (rep=0, index=23): OrderedDict([('audio', 'block1_trial24_attendleft_leadtarget.wav')])
0.6930 	EXP 	New trial (rep=0, index=24): OrderedDict([('audio', 'block1_trial25_attendright_leadmasker.wav')])
0.6930 	EXP 	New trial (rep=0, index=25): OrderedDict([('audio', 'block1_trial26_attendleft_leadmasker.wav')])
0.6930 	EXP 	New trial (rep=0, index=26): OrderedDict([('audio', 'block1_trial27_attendleft_leadmasker.wav')])
0.6931 	EXP 	New trial (rep=0, index=27): OrderedDict([('audio', 'block1_trial28_attendright_leadtarget.wav')])
0.6931 	EXP 	New trial (rep=0, index=28): OrderedDict([('audio', 'block1_trial29_attendleft_leadmasker.wav')])
0.6932 	EXP 	New trial (rep=0, index=29): OrderedDict([('audio', 'block1_trial30_attendleft_leadtarget.wav')])
0.6932 	EXP 	New trial (rep=0, index=30): OrderedDict([('audio', 'block1_trial31_attendright_leadtarget.wav')])
0.6932 	EXP 	New trial (rep=0, index=31): OrderedDict([('audio', 'block1_trial32_attendright_leadmasker.wav')])
0.6933 	EXP 	New trial (rep=0, index=32): OrderedDict([('audio', 'block1_trial33_attendright_leadtarget.wav')])
0.6933 	EXP 	New trial (rep=0, index=33): OrderedDict([('audio', 'block1_trial34_attendright_leadtarget.wav')])
0.6933 	EXP 	New trial (rep=0, index=34): OrderedDict([('audio', 'block1_trial35_attendright_leadmasker.wav')])
0.6934 	EXP 	New trial (rep=0, index=35): OrderedDict([('audio', 'block1_trial36_attendleft_leadtarget.wav')])
0.6934 	EXP 	New trial (rep=0, index=36): OrderedDict([('audio', 'block1_trial37_attendleft_leadtarget.wav')])
0.6935 	EXP 	New trial (rep=0, index=37): OrderedDict([('audio', 'block1_trial38_attendright_leadmasker.wav')])
0.6935 	EXP 	New trial (rep=0, index=38): OrderedDict([('audio', 'block1_trial39_attendright_leadmasker.wav')])
0.6936 	EXP 	New trial (rep=0, index=39): OrderedDict([('audio', 'block1_trial40_attendright_leadtarget.wav')])
0.6936 	EXP 	New trial (rep=0, index=40): OrderedDict([('audio', 'block2_trial1_attendright_leadmasker.wav')])
0.6936 	EXP 	New trial (rep=0, index=41): OrderedDict([('audio', 'block2_trial2_attendleft_leadmasker.wav')])
0.6937 	EXP 	New trial (rep=0, index=42): OrderedDict([('audio', 'block2_trial3_attendright_leadtarget.wav')])
0.6937 	EXP 	New trial (rep=0, index=43): OrderedDict([('audio', 'block2_trial4_attendright_leadmasker.wav')])
0.6938 	EXP 	New trial (rep=0, index=44): OrderedDict([('audio', 'block2_trial5_attendleft_leadmasker.wav')])
0.6938 	EXP 	New trial (rep=0, index=45): OrderedDict([('audio', 'block2_trial6_attendleft_leadmasker.wav')])
0.6938 	EXP 	New trial (rep=0, index=46): OrderedDict([('audio', 'block2_trial7_attendleft_leadtarget.wav')])
0.6939 	EXP 	New trial (rep=0, index=47): OrderedDict([('audio', 'block2_trial8_attendright_leadmasker.wav')])
0.6939 	EXP 	New trial (rep=0, index=48): OrderedDict([('audio', 'block2_trial9_attendright_leadtarget.wav')])
0.6939 	EXP 	New trial (rep=0, index=49): OrderedDict([('audio', 'block2_trial10_attendleft_leadmasker.wav')])
0.6940 	EXP 	New trial (rep=0, index=50): OrderedDict([('audio', 'block2_trial11_attendright_leadmasker.wav')])
0.6940 	EXP 	New trial (rep=0, index=51): OrderedDict([('audio', 'block2_trial12_attendleft_leadtarget.wav')])
0.6941 	EXP 	New trial (rep=0, index=52): OrderedDict([('audio', 'block2_trial13_attendleft_leadtarget.wav')])
0.6941 	EXP 	New trial (rep=0, index=53): OrderedDict([('audio', 'block2_trial14_attendright_leadtarget.wav')])
0.6941 	EXP 	New trial (rep=0, index=54): OrderedDict([('audio', 'block2_trial15_attendleft_leadmasker.wav')])
0.6942 	EXP 	New trial (rep=0, index=55): OrderedDict([('audio', 'block2_trial16_attendright_leadmasker.wav')])
0.6942 	EXP 	New trial (rep=0, index=56): OrderedDict([('audio', 'block2_trial17_attendleft_leadtarget.wav')])
0.6942 	EXP 	New trial (rep=0, index=57): OrderedDict([('audio', 'block2_trial18_attendright_leadmasker.wav')])
0.6943 	EXP 	New trial (rep=0, index=58): OrderedDict([('audio', 'block2_trial19_attendleft_leadtarget.wav')])
0.6943 	EXP 	New trial (rep=0, index=59): OrderedDict([('audio', 'block2_trial20_attendleft_leadtarget.wav')])
0.6943 	EXP 	New trial (rep=0, index=60): OrderedDict([('audio', 'block2_trial21_attendright_leadtarget.wav')])
0.6944 	EXP 	New trial (rep=0, index=61): OrderedDict([('audio', 'block2_trial22_attendleft_leadtarget.wav')])
0.6944 	EXP 	New trial (rep=0, index=62): OrderedDict([('audio', 'block2_trial23_attendright_leadtarget.wav')])
0.6945 	EXP 	New trial (rep=0, index=63): OrderedDict([('audio', 'block2_trial24_attendright_leadmasker.wav')])
0.6945 	EXP 	New trial (rep=0, index=64): OrderedDict([('audio', 'block2_trial25_attendleft_leadmasker.wav')])
0.6946 	EXP 	New trial (rep=0, index=65): OrderedDict([('audio', 'block2_trial26_attendright_leadtarget.wav')])
0.6946 	EXP 	New trial (rep=0, index=66): OrderedDict([('audio', 'block2_trial27_attendleft_leadtarget.wav')])
0.6946 	EXP 	New trial (rep=0, index=67): OrderedDict([('audio', 'block2_trial28_attendright_leadtarget.wav')])
0.6947 	EXP 	New trial (rep=0, index=68): OrderedDict([('audio', 'block2_trial29_attendleft_leadmasker.wav')])
0.6947 	EXP 	New trial (rep=0, index=69): OrderedDict([('audio', 'block2_trial30_attendleft_leadmasker.wav')])
0.6947 	EXP 	New trial (rep=0, index=70): OrderedDict([('audio', 'block2_trial31_attendright_leadmasker.wav')])
0.6948 	EXP 	New trial (rep=0, index=71): OrderedDict([('audio', 'block2_trial32_attendright_leadmasker.wav')])
0.6948 	EXP 	New trial (rep=0, index=72): OrderedDict([('audio', 'block2_trial33_attendleft_leadtarget.wav')])
0.6949 	EXP 	New trial (rep=0, index=73): OrderedDict([('audio', 'block2_trial34_attendleft_leadmasker.wav')])
0.6949 	EXP 	New trial (rep=0, index=74): OrderedDict([('audio', 'block2_trial35_attendright_leadmasker.wav')])
0.6949 	EXP 	New trial (rep=0, index=75): OrderedDict([('audio', 'block2_trial36_attendright_leadtarget.wav')])
0.6950 	EXP 	New trial (rep=0, index=76): OrderedDict([('audio', 'block2_trial37_attendright_leadtarget.wav')])
0.6950 	EXP 	New trial (rep=0, index=77): OrderedDict([('audio', 'block2_trial38_attendleft_leadtarget.wav')])
0.6950 	EXP 	New trial (rep=0, index=78): OrderedDict([('audio', 'block2_trial39_attendright_leadtarget.wav')])
0.6951 	EXP 	New trial (rep=0, index=79): OrderedDict([('audio', 'block2_trial40_attendleft_leadmasker.wav')])
0.6951 	EXP 	New trial (rep=0, index=80): OrderedDict([('audio', 'block3_trial1_attendleft_leadmasker.wav')])
0.6952 	EXP 	New trial (rep=0, index=81): OrderedDict([('audio', 'block3_trial2_attendright_leadtarget.wav')])
0.6952 	EXP 	New trial (rep=0, index=82): OrderedDict([('audio', 'block3_trial3_attendright_leadmasker.wav')])
0.6952 	EXP 	New trial (rep=0, index=83): OrderedDict([('audio', 'block3_trial4_attendright_leadtarget.wav')])
0.6953 	EXP 	New trial (rep=0, index=84): OrderedDict([('audio', 'block3_trial5_attendleft_leadmasker.wav')])
0.6953 	EXP 	New trial (rep=0, index=85): OrderedDict([('audio', 'block3_trial6_attendright_leadmasker.wav')])
0.6953 	EXP 	New trial (rep=0, index=86): OrderedDict([('audio', 'block3_trial7_attendleft_leadtarget.wav')])
0.6954 	EXP 	New trial (rep=0, index=87): OrderedDict([('audio', 'block3_trial8_attendright_leadtarget.wav')])
0.6954 	EXP 	New trial (rep=0, index=88): OrderedDict([('audio', 'block3_trial9_attendleft_leadtarget.wav')])
0.6954 	EXP 	New trial (rep=0, index=89): OrderedDict([('audio', 'block3_trial10_attendright_leadtarget.wav')])
0.6955 	EXP 	New trial (rep=0, index=90): OrderedDict([('audio', 'block3_trial11_attendleft_leadmasker.wav')])
0.6955 	EXP 	New trial (rep=0, index=91): OrderedDict([('audio', 'block3_trial12_attendright_leadmasker.wav')])
0.6956 	EXP 	New trial (rep=0, index=92): OrderedDict([('audio', 'block3_trial13_attendleft_leadmasker.wav')])
0.6956 	EXP 	New trial (rep=0, index=93): OrderedDict([('audio', 'block3_trial14_attendright_leadtarget.wav')])
0.6956 	EXP 	New trial (rep=0, index=94): OrderedDict([('audio', 'block3_trial15_attendleft_leadtarget.wav')])
0.6957 	EXP 	New trial (rep=0, index=95): OrderedDict([('audio', 'block3_trial16_attendleft_leadtarget.wav')])
0.6957 	EXP 	New trial (rep=0, index=96): OrderedDict([('audio', 'block3_trial17_attendleft_leadmasker.wav')])
0.6958 	EXP 	New trial (rep=0, index=97): OrderedDict([('audio', 'block3_trial18_attendleft_leadmasker.wav')])
0.6958 	EXP 	New trial (rep=0, index=98): OrderedDict([('audio', 'block3_trial19_attendright_leadtarget.wav')])
0.6958 	EXP 	New trial (rep=0, index=99): OrderedDict([('audio', 'block3_trial20_attendleft_leadtarget.wav')])
0.6959 	EXP 	New trial (rep=0, index=100): OrderedDict([('audio', 'block3_trial21_attendright_leadmasker.wav')])
0.6959 	EXP 	New trial (rep=0, index=101): OrderedDict([('audio', 'block3_trial22_attendleft_leadtarget.wav')])
0.6959 	EXP 	New trial (rep=0, index=102): OrderedDict([('audio', 'block3_trial23_attendright_leadtarget.wav')])
0.6961 	EXP 	New trial (rep=0, index=103): OrderedDict([('audio', 'block3_trial24_attendleft_leadtarget.wav')])
0.6962 	EXP 	New trial (rep=0, index=104): OrderedDict([('audio', 'block3_trial25_attendleft_leadmasker.wav')])
0.6962 	EXP 	New trial (rep=0, index=105): OrderedDict([('audio', 'block3_trial26_attendleft_leadmasker.wav')])
0.6963 	EXP 	New trial (rep=0, index=106): OrderedDict([('audio', 'block3_trial27_attendright_leadmasker.wav')])
0.6963 	EXP 	New trial (rep=0, index=107): OrderedDict([('audio', 'block3_trial28_attendleft_leadmasker.wav')])
0.6963 	EXP 	New trial (rep=0, index=108): OrderedDict([('audio', 'block3_trial29_attendright_leadmasker.wav')])
0.6964 	EXP 	New trial (rep=0, index=109): OrderedDict([('audio', 'block3_trial30_attendright_leadmasker.wav')])
0.6964 	EXP 	New trial (rep=0, index=110): OrderedDict([('audio', 'block3_trial31_attendleft_leadtarget.wav')])
0.6965 	EXP 	New trial (rep=0, index=111): OrderedDict([('audio', 'block3_trial32_attendright_leadtarget.wav')])
0.6965 	EXP 	New trial (rep=0, index=112): OrderedDict([('audio', 'block3_trial33_attendright_leadmasker.wav')])
0.6965 	EXP 	New trial (rep=0, index=113): OrderedDict([('audio', 'block3_trial34_attendleft_leadtarget.wav')])
0.6966 	EXP 	New trial (rep=0, index=114): OrderedDict([('audio', 'block3_trial35_attendright_leadtarget.wav')])
0.6966 	EXP 	New trial (rep=0, index=115): OrderedDict([('audio', 'block3_trial36_attendleft_leadmasker.wav')])
0.6966 	EXP 	New trial (rep=0, index=116): OrderedDict([('audio', 'block3_trial37_attendright_leadmasker.wav')])
0.6967 	EXP 	New trial (rep=0, index=117): OrderedDict([('audio', 'block3_trial38_attendleft_leadtarget.wav')])
0.6967 	EXP 	New trial (rep=0, index=118): OrderedDict([('audio', 'block3_trial39_attendright_leadtarget.wav')])
0.6968 	EXP 	New trial (rep=0, index=119): OrderedDict([('audio', 'block3_trial40_attendright_leadmasker.wav')])
0.6968 	EXP 	New trial (rep=0, index=120): OrderedDict([('audio', 'block4_trial1_attendleft_leadtarget.wav')])
0.6969 	EXP 	New trial (rep=0, index=121): OrderedDict([('audio', 'block4_trial2_attendleft_leadtarget.wav')])
0.6969 	EXP 	New trial (rep=0, index=122): OrderedDict([('audio', 'block4_trial3_attendleft_leadmasker.wav')])
0.6970 	EXP 	New trial (rep=0, index=123): OrderedDict([('audio', 'block4_trial4_attendright_leadmasker.wav')])
0.6970 	EXP 	New trial (rep=0, index=124): OrderedDict([('audio', 'block4_trial5_attendright_leadtarget.wav')])
0.6971 	EXP 	New trial (rep=0, index=125): OrderedDict([('audio', 'block4_trial6_attendleft_leadtarget.wav')])
0.6971 	EXP 	New trial (rep=0, index=126): OrderedDict([('audio', 'block4_trial7_attendright_leadmasker.wav')])
0.6971 	EXP 	New trial (rep=0, index=127): OrderedDict([('audio', 'block4_trial8_attendright_leadmasker.wav')])
0.6972 	EXP 	New trial (rep=0, index=128): OrderedDict([('audio', 'block4_trial9_attendleft_leadmasker.wav')])
0.6972 	EXP 	New trial (rep=0, index=129): OrderedDict([('audio', 'block4_trial10_attendright_leadmasker.wav')])
0.6973 	EXP 	New trial (rep=0, index=130): OrderedDict([('audio', 'block4_trial11_attendright_leadtarget.wav')])
0.6973 	EXP 	New trial (rep=0, index=131): OrderedDict([('audio', 'block4_trial12_attendright_leadmasker.wav')])
0.6973 	EXP 	New trial (rep=0, index=132): OrderedDict([('audio', 'block4_trial13_attendright_leadtarget.wav')])
0.6974 	EXP 	New trial (rep=0, index=133): OrderedDict([('audio', 'block4_trial14_attendright_leadtarget.wav')])
0.6974 	EXP 	New trial (rep=0, index=134): OrderedDict([('audio', 'block4_trial15_attendleft_leadmasker.wav')])
0.6975 	EXP 	New trial (rep=0, index=135): OrderedDict([('audio', 'block4_trial16_attendright_leadtarget.wav')])
0.6975 	EXP 	New trial (rep=0, index=136): OrderedDict([('audio', 'block4_trial17_attendleft_leadtarget.wav')])
0.6975 	EXP 	New trial (rep=0, index=137): OrderedDict([('audio', 'block4_trial18_attendright_leadtarget.wav')])
0.6976 	EXP 	New trial (rep=0, index=138): OrderedDict([('audio', 'block4_trial19_attendleft_leadmasker.wav')])
0.6976 	EXP 	New trial (rep=0, index=139): OrderedDict([('audio', 'block4_trial20_attendleft_leadmasker.wav')])
0.6976 	EXP 	New trial (rep=0, index=140): OrderedDict([('audio', 'block4_trial21_attendright_leadmasker.wav')])
0.6977 	EXP 	New trial (rep=0, index=141): OrderedDict([('audio', 'block4_trial22_attendleft_leadtarget.wav')])
0.6977 	EXP 	New trial (rep=0, index=142): OrderedDict([('audio', 'block4_trial23_attendright_leadtarget.wav')])
0.6977 	EXP 	New trial (rep=0, index=143): OrderedDict([('audio', 'block4_trial24_attendleft_leadmasker.wav')])
0.6978 	EXP 	New trial (rep=0, index=144): OrderedDict([('audio', 'block4_trial25_attendleft_leadtarget.wav')])
0.6978 	EXP 	New trial (rep=0, index=145): OrderedDict([('audio', 'block4_trial26_attendleft_leadtarget.wav')])
0.6979 	EXP 	New trial (rep=0, index=146): OrderedDict([('audio', 'block4_trial27_attendright_leadmasker.wav')])
0.6979 	EXP 	New trial (rep=0, index=147): OrderedDict([('audio', 'block4_trial28_attendleft_leadmasker.wav')])
0.6979 	EXP 	New trial (rep=0, index=148): OrderedDict([('audio', 'block4_trial29_attendright_leadtarget.wav')])
0.6980 	EXP 	New trial (rep=0, index=149): OrderedDict([('audio', 'block4_trial30_attendleft_leadmasker.wav')])
0.6980 	EXP 	New trial (rep=0, index=150): OrderedDict([('audio', 'block4_trial31_attendleft_leadmasker.wav')])
0.6981 	EXP 	New trial (rep=0, index=151): OrderedDict([('audio', 'block4_trial32_attendright_leadtarget.wav')])
0.6981 	EXP 	New trial (rep=0, index=152): OrderedDict([('audio', 'block4_trial33_attendleft_leadtarget.wav')])
0.6981 	EXP 	New trial (rep=0, index=153): OrderedDict([('audio', 'block4_trial34_attendright_leadmasker.wav')])
0.6982 	EXP 	New trial (rep=0, index=154): OrderedDict([('audio', 'block4_trial35_attendright_leadmasker.wav')])
0.6982 	EXP 	New trial (rep=0, index=155): OrderedDict([('audio', 'block4_trial36_attendright_leadtarget.wav')])
0.6983 	EXP 	New trial (rep=0, index=156): OrderedDict([('audio', 'block4_trial37_attendleft_leadtarget.wav')])
0.6983 	EXP 	New trial (rep=0, index=157): OrderedDict([('audio', 'block4_trial38_attendleft_leadmasker.wav')])
0.6983 	EXP 	New trial (rep=0, index=158): OrderedDict([('audio', 'block4_trial39_attendright_leadmasker.wav')])
0.6984 	EXP 	New trial (rep=0, index=159): OrderedDict([('audio', 'block4_trial40_attendleft_leadtarget.wav')])
0.6984 	EXP 	New trial (rep=0, index=160): OrderedDict([('audio', 'block5_trial1_attendright_leadtarget.wav')])
0.6985 	EXP 	New trial (rep=0, index=161): OrderedDict([('audio', 'block5_trial2_attendright_leadtarget.wav')])
0.6985 	EXP 	New trial (rep=0, index=162): OrderedDict([('audio', 'block5_trial3_attendright_leadtarget.wav')])
0.6985 	EXP 	New trial (rep=0, index=163): OrderedDict([('audio', 'block5_trial4_attendleft_leadtarget.wav')])
0.6986 	EXP 	New trial (rep=0, index=164): OrderedDict([('audio', 'block5_trial5_attendright_leadmasker.wav')])
0.6986 	EXP 	New trial (rep=0, index=165): OrderedDict([('audio', 'block5_trial6_attendleft_leadtarget.wav')])
0.6987 	EXP 	New trial (rep=0, index=166): OrderedDict([('audio', 'block5_trial7_attendleft_leadtarget.wav')])
0.6987 	EXP 	New trial (rep=0, index=167): OrderedDict([('audio', 'block5_trial8_attendleft_leadmasker.wav')])
0.6987 	EXP 	New trial (rep=0, index=168): OrderedDict([('audio', 'block5_trial9_attendright_leadmasker.wav')])
0.6988 	EXP 	New trial (rep=0, index=169): OrderedDict([('audio', 'block5_trial10_attendright_leadtarget.wav')])
0.6988 	EXP 	New trial (rep=0, index=170): OrderedDict([('audio', 'block5_trial11_attendleft_leadmasker.wav')])
0.6988 	EXP 	New trial (rep=0, index=171): OrderedDict([('audio', 'block5_trial12_attendright_leadmasker.wav')])
0.6989 	EXP 	New trial (rep=0, index=172): OrderedDict([('audio', 'block5_trial13_attendleft_leadmasker.wav')])
0.6989 	EXP 	New trial (rep=0, index=173): OrderedDict([('audio', 'block5_trial14_attendright_leadtarget.wav')])
0.6990 	EXP 	New trial (rep=0, index=174): OrderedDict([('audio', 'block5_trial15_attendleft_leadtarget.wav')])
0.6990 	EXP 	New trial (rep=0, index=175): OrderedDict([('audio', 'block5_trial16_attendleft_leadtarget.wav')])
0.6991 	EXP 	New trial (rep=0, index=176): OrderedDict([('audio', 'block5_trial17_attendright_leadtarget.wav')])
0.6991 	EXP 	New trial (rep=0, index=177): OrderedDict([('audio', 'block5_trial18_attendleft_leadmasker.wav')])
0.6992 	EXP 	New trial (rep=0, index=178): OrderedDict([('audio', 'block5_trial19_attendright_leadmasker.wav')])
0.6992 	EXP 	New trial (rep=0, index=179): OrderedDict([('audio', 'block5_trial20_attendleft_leadtarget.wav')])
0.6992 	EXP 	New trial (rep=0, index=180): OrderedDict([('audio', 'block5_trial21_attendleft_leadmasker.wav')])
0.6993 	EXP 	New trial (rep=0, index=181): OrderedDict([('audio', 'block5_trial22_attendright_leadtarget.wav')])
0.6993 	EXP 	New trial (rep=0, index=182): OrderedDict([('audio', 'block5_trial23_attendleft_leadmasker.wav')])
0.6993 	EXP 	New trial (rep=0, index=183): OrderedDict([('audio', 'block5_trial24_attendleft_leadmasker.wav')])
0.6994 	EXP 	New trial (rep=0, index=184): OrderedDict([('audio', 'block5_trial25_attendleft_leadtarget.wav')])
0.6994 	EXP 	New trial (rep=0, index=185): OrderedDict([('audio', 'block5_trial26_attendright_leadmasker.wav')])
0.6995 	EXP 	New trial (rep=0, index=186): OrderedDict([('audio', 'block5_trial27_attendright_leadmasker.wav')])
0.6995 	EXP 	New trial (rep=0, index=187): OrderedDict([('audio', 'block5_trial28_attendright_leadtarget.wav')])
0.6995 	EXP 	New trial (rep=0, index=188): OrderedDict([('audio', 'block5_trial29_attendleft_leadmasker.wav')])
0.6996 	EXP 	New trial (rep=0, index=189): OrderedDict([('audio', 'block5_trial30_attendright_leadtarget.wav')])
0.6996 	EXP 	New trial (rep=0, index=190): OrderedDict([('audio', 'block5_trial31_attendleft_leadtarget.wav')])
0.6996 	EXP 	New trial (rep=0, index=191): OrderedDict([('audio', 'block5_trial32_attendright_leadmasker.wav')])
0.6997 	EXP 	New trial (rep=0, index=192): OrderedDict([('audio', 'block5_trial33_attendright_leadmasker.wav')])
0.6997 	EXP 	New trial (rep=0, index=193): OrderedDict([('audio', 'block5_trial34_attendright_leadtarget.wav')])
0.6997 	EXP 	New trial (rep=0, index=194): OrderedDict([('audio', 'block5_trial35_attendleft_leadmasker.wav')])
0.6998 	EXP 	New trial (rep=0, index=195): OrderedDict([('audio', 'block5_trial36_attendleft_leadtarget.wav')])
0.6998 	EXP 	New trial (rep=0, index=196): OrderedDict([('audio', 'block5_trial37_attendright_leadmasker.wav')])
0.6999 	EXP 	New trial (rep=0, index=197): OrderedDict([('audio', 'block5_trial38_attendright_leadmasker.wav')])
0.6999 	EXP 	New trial (rep=0, index=198): OrderedDict([('audio', 'block5_trial39_attendleft_leadtarget.wav')])
0.6999 	EXP 	New trial (rep=0, index=199): OrderedDict([('audio', 'block5_trial40_attendleft_leadmasker.wav')])
0.7000 	EXP 	New trial (rep=0, index=200): OrderedDict([('audio', 'block6_trial1_attendleft_leadmasker.wav')])
0.7000 	EXP 	New trial (rep=0, index=201): OrderedDict([('audio', 'block6_trial2_attendright_leadmasker.wav')])
0.7001 	EXP 	New trial (rep=0, index=202): OrderedDict([('audio', 'block6_trial3_attendright_leadtarget.wav')])
0.7001 	EXP 	New trial (rep=0, index=203): OrderedDict([('audio', 'block6_trial4_attendright_leadtarget.wav')])
0.7002 	EXP 	New trial (rep=0, index=204): OrderedDict([('audio', 'block6_trial5_attendright_leadmasker.wav')])
0.7002 	EXP 	New trial (rep=0, index=205): OrderedDict([('audio', 'block6_trial6_attendleft_leadtarget.wav')])
0.7002 	EXP 	New trial (rep=0, index=206): OrderedDict([('audio', 'block6_trial7_attendleft_leadtarget.wav')])
0.7003 	EXP 	New trial (rep=0, index=207): OrderedDict([('audio', 'block6_trial8_attendleft_leadmasker.wav')])
0.7003 	EXP 	New trial (rep=0, index=208): OrderedDict([('audio', 'block6_trial9_attendright_leadmasker.wav')])
0.7004 	EXP 	New trial (rep=0, index=209): OrderedDict([('audio', 'block6_trial10_attendright_leadmasker.wav')])
0.7004 	EXP 	New trial (rep=0, index=210): OrderedDict([('audio', 'block6_trial11_attendleft_leadtarget.wav')])
0.7004 	EXP 	New trial (rep=0, index=211): OrderedDict([('audio', 'block6_trial12_attendleft_leadmasker.wav')])
0.7005 	EXP 	New trial (rep=0, index=212): OrderedDict([('audio', 'block6_trial13_attendleft_leadmasker.wav')])
0.7005 	EXP 	New trial (rep=0, index=213): OrderedDict([('audio', 'block6_trial14_attendleft_leadtarget.wav')])
0.7006 	EXP 	New trial (rep=0, index=214): OrderedDict([('audio', 'block6_trial15_attendleft_leadmasker.wav')])
0.7006 	EXP 	New trial (rep=0, index=215): OrderedDict([('audio', 'block6_trial16_attendright_leadmasker.wav')])
0.7006 	EXP 	New trial (rep=0, index=216): OrderedDict([('audio', 'block6_trial17_attendright_leadmasker.wav')])
0.7007 	EXP 	New trial (rep=0, index=217): OrderedDict([('audio', 'block6_trial18_attendright_leadmasker.wav')])
0.7007 	EXP 	New trial (rep=0, index=218): OrderedDict([('audio', 'block6_trial19_attendleft_leadtarget.wav')])
0.7007 	EXP 	New trial (rep=0, index=219): OrderedDict([('audio', 'block6_trial20_attendright_leadmasker.wav')])
0.7008 	EXP 	New trial (rep=0, index=220): OrderedDict([('audio', 'block6_trial21_attendleft_leadtarget.wav')])
0.7008 	EXP 	New trial (rep=0, index=221): OrderedDict([('audio', 'block6_trial22_attendleft_leadmasker.wav')])
0.7008 	EXP 	New trial (rep=0, index=222): OrderedDict([('audio', 'block6_trial23_attendright_leadtarget.wav')])
0.7009 	EXP 	New trial (rep=0, index=223): OrderedDict([('audio', 'block6_trial24_attendleft_leadmasker.wav')])
0.7009 	EXP 	New trial (rep=0, index=224): OrderedDict([('audio', 'block6_trial25_attendright_leadtarget.wav')])
0.7010 	EXP 	New trial (rep=0, index=225): OrderedDict([('audio', 'block6_trial26_attendright_leadtarget.wav')])
0.7010 	EXP 	New trial (rep=0, index=226): OrderedDict([('audio', 'block6_trial27_attendright_leadmasker.wav')])
0.7011 	EXP 	New trial (rep=0, index=227): OrderedDict([('audio', 'block6_trial28_attendright_leadtarget.wav')])
0.7011 	EXP 	New trial (rep=0, index=228): OrderedDict([('audio', 'block6_trial29_attendleft_leadmasker.wav')])
0.7011 	EXP 	New trial (rep=0, index=229): OrderedDict([('audio', 'block6_trial30_attendright_leadtarget.wav')])
0.7012 	EXP 	New trial (rep=0, index=230): OrderedDict([('audio', 'block6_trial31_attendleft_leadtarget.wav')])
0.7012 	EXP 	New trial (rep=0, index=231): OrderedDict([('audio', 'block6_trial32_attendleft_leadtarget.wav')])
0.7012 	EXP 	New trial (rep=0, index=232): OrderedDict([('audio', 'block6_trial33_attendright_leadtarget.wav')])
0.7013 	EXP 	New trial (rep=0, index=233): OrderedDict([('audio', 'block6_trial34_attendleft_leadmasker.wav')])
0.7013 	EXP 	New trial (rep=0, index=234): OrderedDict([('audio', 'block6_trial35_attendleft_leadtarget.wav')])
0.7014 	EXP 	New trial (rep=0, index=235): OrderedDict([('audio', 'block6_trial36_attendleft_leadtarget.wav')])
0.7014 	EXP 	New trial (rep=0, index=236): OrderedDict([('audio', 'block6_trial37_attendleft_leadmasker.wav')])
0.7014 	EXP 	New trial (rep=0, index=237): OrderedDict([('audio', 'block6_trial38_attendright_leadtarget.wav')])
0.7015 	EXP 	New trial (rep=0, index=238): OrderedDict([('audio', 'block6_trial39_attendright_leadmasker.wav')])
0.7015 	EXP 	New trial (rep=0, index=239): OrderedDict([('audio', 'block6_trial40_attendright_leadtarget.wav')])
0.7016 	EXP 	New trial (rep=0, index=240): OrderedDict([('audio', 'block7_trial1_attendleft_leadmasker.wav')])
0.7016 	EXP 	New trial (rep=0, index=241): OrderedDict([('audio', 'block7_trial2_attendleft_leadtarget.wav')])
0.7016 	EXP 	New trial (rep=0, index=242): OrderedDict([('audio', 'block7_trial3_attendleft_leadmasker.wav')])
0.7017 	EXP 	New trial (rep=0, index=243): OrderedDict([('audio', 'block7_trial4_attendleft_leadtarget.wav')])
0.7017 	EXP 	New trial (rep=0, index=244): OrderedDict([('audio', 'block7_trial5_attendright_leadmasker.wav')])
0.7017 	EXP 	New trial (rep=0, index=245): OrderedDict([('audio', 'block7_trial6_attendright_leadtarget.wav')])
0.7018 	EXP 	New trial (rep=0, index=246): OrderedDict([('audio', 'block7_trial7_attendright_leadmasker.wav')])
0.7018 	EXP 	New trial (rep=0, index=247): OrderedDict([('audio', 'block7_trial8_attendleft_leadtarget.wav')])
0.7019 	EXP 	New trial (rep=0, index=248): OrderedDict([('audio', 'block7_trial9_attendleft_leadtarget.wav')])
0.7019 	EXP 	New trial (rep=0, index=249): OrderedDict([('audio', 'block7_trial10_attendleft_leadtarget.wav')])
0.7019 	EXP 	New trial (rep=0, index=250): OrderedDict([('audio', 'block7_trial11_attendright_leadmasker.wav')])
0.7020 	EXP 	New trial (rep=0, index=251): OrderedDict([('audio', 'block7_trial12_attendright_leadtarget.wav')])
0.7020 	EXP 	New trial (rep=0, index=252): OrderedDict([('audio', 'block7_trial13_attendright_leadmasker.wav')])
0.7021 	EXP 	New trial (rep=0, index=253): OrderedDict([('audio', 'block7_trial14_attendleft_leadmasker.wav')])
0.7021 	EXP 	New trial (rep=0, index=254): OrderedDict([('audio', 'block7_trial15_attendleft_leadtarget.wav')])
0.7022 	EXP 	New trial (rep=0, index=255): OrderedDict([('audio', 'block7_trial16_attendright_leadmasker.wav')])
0.7022 	EXP 	New trial (rep=0, index=256): OrderedDict([('audio', 'block7_trial17_attendleft_leadmasker.wav')])
0.7023 	EXP 	New trial (rep=0, index=257): OrderedDict([('audio', 'block7_trial18_attendleft_leadmasker.wav')])
0.7023 	EXP 	New trial (rep=0, index=258): OrderedDict([('audio', 'block7_trial19_attendright_leadtarget.wav')])
0.7024 	EXP 	New trial (rep=0, index=259): OrderedDict([('audio', 'block7_trial20_attendright_leadmasker.wav')])
0.7024 	EXP 	New trial (rep=0, index=260): OrderedDict([('audio', 'block7_trial21_attendleft_leadtarget.wav')])
0.7024 	EXP 	New trial (rep=0, index=261): OrderedDict([('audio', 'block7_trial22_attendright_leadtarget.wav')])
0.7025 	EXP 	New trial (rep=0, index=262): OrderedDict([('audio', 'block7_trial23_attendleft_leadtarget.wav')])
0.7025 	EXP 	New trial (rep=0, index=263): OrderedDict([('audio', 'block7_trial24_attendright_leadmasker.wav')])
0.7026 	EXP 	New trial (rep=0, index=264): OrderedDict([('audio', 'block7_trial25_attendright_leadtarget.wav')])
0.7026 	EXP 	New trial (rep=0, index=265): OrderedDict([('audio', 'block7_trial26_attendleft_leadmasker.wav')])
0.7027 	EXP 	New trial (rep=0, index=266): OrderedDict([('audio', 'block7_trial27_attendleft_leadtarget.wav')])
0.7027 	EXP 	New trial (rep=0, index=267): OrderedDict([('audio', 'block7_trial28_attendleft_leadmasker.wav')])
0.7027 	EXP 	New trial (rep=0, index=268): OrderedDict([('audio', 'block7_trial29_attendleft_leadmasker.wav')])
0.7028 	EXP 	New trial (rep=0, index=269): OrderedDict([('audio', 'block7_trial30_attendright_leadmasker.wav')])
0.7028 	EXP 	New trial (rep=0, index=270): OrderedDict([('audio', 'block7_trial31_attendright_leadtarget.wav')])
0.7028 	EXP 	New trial (rep=0, index=271): OrderedDict([('audio', 'block7_trial32_attendleft_leadtarget.wav')])
0.7029 	EXP 	New trial (rep=0, index=272): OrderedDict([('audio', 'block7_trial33_attendright_leadmasker.wav')])
0.7029 	EXP 	New trial (rep=0, index=273): OrderedDict([('audio', 'block7_trial34_attendright_leadtarget.wav')])
0.7030 	EXP 	New trial (rep=0, index=274): OrderedDict([('audio', 'block7_trial35_attendright_leadtarget.wav')])
0.7030 	EXP 	New trial (rep=0, index=275): OrderedDict([('audio', 'block7_trial36_attendright_leadtarget.wav')])
0.7031 	EXP 	New trial (rep=0, index=276): OrderedDict([('audio', 'block7_trial37_attendleft_leadmasker.wav')])
0.7031 	EXP 	New trial (rep=0, index=277): OrderedDict([('audio', 'block7_trial38_attendright_leadmasker.wav')])
0.7031 	EXP 	New trial (rep=0, index=278): OrderedDict([('audio', 'block7_trial39_attendright_leadtarget.wav')])
0.7032 	EXP 	New trial (rep=0, index=279): OrderedDict([('audio', 'block7_trial40_attendleft_leadmasker.wav')])
0.7032 	EXP 	New trial (rep=0, index=280): OrderedDict([('audio', 'block8_trial1_attendleft_leadtarget.wav')])
0.7033 	EXP 	New trial (rep=0, index=281): OrderedDict([('audio', 'block8_trial2_attendright_leadtarget.wav')])
0.7033 	EXP 	New trial (rep=0, index=282): OrderedDict([('audio', 'block8_trial3_attendleft_leadmasker.wav')])
0.7033 	EXP 	New trial (rep=0, index=283): OrderedDict([('audio', 'block8_trial4_attendright_leadmasker.wav')])
0.7034 	EXP 	New trial (rep=0, index=284): OrderedDict([('audio', 'block8_trial5_attendright_leadmasker.wav')])
0.7034 	EXP 	New trial (rep=0, index=285): OrderedDict([('audio', 'block8_trial6_attendleft_leadtarget.wav')])
0.7034 	EXP 	New trial (rep=0, index=286): OrderedDict([('audio', 'block8_trial7_attendleft_leadtarget.wav')])
0.7035 	EXP 	New trial (rep=0, index=287): OrderedDict([('audio', 'block8_trial8_attendright_leadtarget.wav')])
0.7035 	EXP 	New trial (rep=0, index=288): OrderedDict([('audio', 'block8_trial9_attendleft_leadtarget.wav')])
0.7036 	EXP 	New trial (rep=0, index=289): OrderedDict([('audio', 'block8_trial10_attendright_leadtarget.wav')])
0.7036 	EXP 	New trial (rep=0, index=290): OrderedDict([('audio', 'block8_trial11_attendright_leadmasker.wav')])
0.7036 	EXP 	New trial (rep=0, index=291): OrderedDict([('audio', 'block8_trial12_attendright_leadmasker.wav')])
0.7037 	EXP 	New trial (rep=0, index=292): OrderedDict([('audio', 'block8_trial13_attendleft_leadtarget.wav')])
0.7037 	EXP 	New trial (rep=0, index=293): OrderedDict([('audio', 'block8_trial14_attendright_leadtarget.wav')])
0.7037 	EXP 	New trial (rep=0, index=294): OrderedDict([('audio', 'block8_trial15_attendright_leadtarget.wav')])
0.7038 	EXP 	New trial (rep=0, index=295): OrderedDict([('audio', 'block8_trial16_attendleft_leadmasker.wav')])
0.7038 	EXP 	New trial (rep=0, index=296): OrderedDict([('audio', 'block8_trial17_attendleft_leadtarget.wav')])
0.7038 	EXP 	New trial (rep=0, index=297): OrderedDict([('audio', 'block8_trial18_attendleft_leadtarget.wav')])
0.7039 	EXP 	New trial (rep=0, index=298): OrderedDict([('audio', 'block8_trial19_attendleft_leadmasker.wav')])
0.7039 	EXP 	New trial (rep=0, index=299): OrderedDict([('audio', 'block8_trial20_attendleft_leadmasker.wav')])
0.7039 	EXP 	New trial (rep=0, index=300): OrderedDict([('audio', 'block8_trial21_attendleft_leadmasker.wav')])
0.7040 	EXP 	New trial (rep=0, index=301): OrderedDict([('audio', 'block8_trial22_attendright_leadmasker.wav')])
0.7040 	EXP 	New trial (rep=0, index=302): OrderedDict([('audio', 'block8_trial23_attendright_leadtarget.wav')])
0.7041 	EXP 	New trial (rep=0, index=303): OrderedDict([('audio', 'block8_trial24_attendright_leadmasker.wav')])
0.7041 	EXP 	New trial (rep=0, index=304): OrderedDict([('audio', 'block8_trial25_attendleft_leadtarget.wav')])
0.7042 	EXP 	New trial (rep=0, index=305): OrderedDict([('audio', 'block8_trial26_attendright_leadmasker.wav')])
0.7042 	EXP 	New trial (rep=0, index=306): OrderedDict([('audio', 'block8_trial27_attendleft_leadtarget.wav')])
0.7042 	EXP 	New trial (rep=0, index=307): OrderedDict([('audio', 'block8_trial28_attendleft_leadmasker.wav')])
0.7043 	EXP 	New trial (rep=0, index=308): OrderedDict([('audio', 'block8_trial29_attendleft_leadmasker.wav')])
0.7043 	EXP 	New trial (rep=0, index=309): OrderedDict([('audio', 'block8_trial30_attendright_leadtarget.wav')])
0.7044 	EXP 	New trial (rep=0, index=310): OrderedDict([('audio', 'block8_trial31_attendleft_leadtarget.wav')])
0.7044 	EXP 	New trial (rep=0, index=311): OrderedDict([('audio', 'block8_trial32_attendright_leadtarget.wav')])
0.7044 	EXP 	New trial (rep=0, index=312): OrderedDict([('audio', 'block8_trial33_attendright_leadmasker.wav')])
0.7045 	EXP 	New trial (rep=0, index=313): OrderedDict([('audio', 'block8_trial34_attendleft_leadmasker.wav')])
0.7045 	EXP 	New trial (rep=0, index=314): OrderedDict([('audio', 'block8_trial35_attendleft_leadmasker.wav')])
0.7045 	EXP 	New trial (rep=0, index=315): OrderedDict([('audio', 'block8_trial36_attendright_leadmasker.wav')])
0.7046 	EXP 	New trial (rep=0, index=316): OrderedDict([('audio', 'block8_trial37_attendright_leadmasker.wav')])
0.7046 	EXP 	New trial (rep=0, index=317): OrderedDict([('audio', 'block8_trial38_attendleft_leadmasker.wav')])
0.7047 	EXP 	New trial (rep=0, index=318): OrderedDict([('audio', 'block8_trial39_attendright_leadtarget.wav')])
0.7047 	EXP 	New trial (rep=0, index=319): OrderedDict([('audio', 'block8_trial40_attendright_leadtarget.wav')])
0.7047 	EXP 	New trial (rep=0, index=320): OrderedDict([('audio', 'block9_trial1_attendleft_leadmasker.wav')])
0.7048 	EXP 	New trial (rep=0, index=321): OrderedDict([('audio', 'block9_trial2_attendleft_leadtarget.wav')])
0.7048 	EXP 	New trial (rep=0, index=322): OrderedDict([('audio', 'block9_trial3_attendright_leadmasker.wav')])
0.7048 	EXP 	New trial (rep=0, index=323): OrderedDict([('audio', 'block9_trial4_attendleft_leadtarget.wav')])
0.7049 	EXP 	New trial (rep=0, index=324): OrderedDict([('audio', 'block9_trial5_attendleft_leadmasker.wav')])
0.7049 	EXP 	New trial (rep=0, index=325): OrderedDict([('audio', 'block9_trial6_attendleft_leadtarget.wav')])
0.7049 	EXP 	New trial (rep=0, index=326): OrderedDict([('audio', 'block9_trial7_attendleft_leadtarget.wav')])
0.7050 	EXP 	New trial (rep=0, index=327): OrderedDict([('audio', 'block9_trial8_attendleft_leadtarget.wav')])
0.7050 	EXP 	New trial (rep=0, index=328): OrderedDict([('audio', 'block9_trial9_attendright_leadtarget.wav')])
0.7051 	EXP 	New trial (rep=0, index=329): OrderedDict([('audio', 'block9_trial10_attendright_leadtarget.wav')])
0.7051 	EXP 	New trial (rep=0, index=330): OrderedDict([('audio', 'block9_trial11_attendleft_leadtarget.wav')])
0.7051 	EXP 	New trial (rep=0, index=331): OrderedDict([('audio', 'block9_trial12_attendright_leadtarget.wav')])
0.7052 	EXP 	New trial (rep=0, index=332): OrderedDict([('audio', 'block9_trial13_attendleft_leadmasker.wav')])
0.7052 	EXP 	New trial (rep=0, index=333): OrderedDict([('audio', 'block9_trial14_attendleft_leadmasker.wav')])
0.7052 	EXP 	New trial (rep=0, index=334): OrderedDict([('audio', 'block9_trial15_attendleft_leadmasker.wav')])
0.7053 	EXP 	New trial (rep=0, index=335): OrderedDict([('audio', 'block9_trial16_attendright_leadmasker.wav')])
0.7053 	EXP 	New trial (rep=0, index=336): OrderedDict([('audio', 'block9_trial17_attendleft_leadtarget.wav')])
0.7054 	EXP 	New trial (rep=0, index=337): OrderedDict([('audio', 'block9_trial18_attendright_leadmasker.wav')])
0.7054 	EXP 	New trial (rep=0, index=338): OrderedDict([('audio', 'block9_trial19_attendright_leadmasker.wav')])
0.7054 	EXP 	New trial (rep=0, index=339): OrderedDict([('audio', 'block9_trial20_attendright_leadmasker.wav')])
0.7055 	EXP 	New trial (rep=0, index=340): OrderedDict([('audio', 'block9_trial21_attendright_leadmasker.wav')])
0.7056 	EXP 	New trial (rep=0, index=341): OrderedDict([('audio', 'block9_trial22_attendright_leadmasker.wav')])
0.7057 	EXP 	New trial (rep=0, index=342): OrderedDict([('audio', 'block9_trial23_attendleft_leadtarget.wav')])
0.7057 	EXP 	New trial (rep=0, index=343): OrderedDict([('audio', 'block9_trial24_attendleft_leadmasker.wav')])
0.7057 	EXP 	New trial (rep=0, index=344): OrderedDict([('audio', 'block9_trial25_attendright_leadtarget.wav')])
0.7058 	EXP 	New trial (rep=0, index=345): OrderedDict([('audio', 'block9_trial26_attendleft_leadmasker.wav')])
0.7058 	EXP 	New trial (rep=0, index=346): OrderedDict([('audio', 'block9_trial27_attendleft_leadtarget.wav')])
0.7058 	EXP 	New trial (rep=0, index=347): OrderedDict([('audio', 'block9_trial28_attendright_leadtarget.wav')])
0.7059 	EXP 	New trial (rep=0, index=348): OrderedDict([('audio', 'block9_trial29_attendleft_leadmasker.wav')])
0.7059 	EXP 	New trial (rep=0, index=349): OrderedDict([('audio', 'block9_trial30_attendright_leadmasker.wav')])
0.7059 	EXP 	New trial (rep=0, index=350): OrderedDict([('audio', 'block9_trial31_attendright_leadtarget.wav')])
0.7060 	EXP 	New trial (rep=0, index=351): OrderedDict([('audio', 'block9_trial32_attendleft_leadmasker.wav')])
0.7060 	EXP 	New trial (rep=0, index=352): OrderedDict([('audio', 'block9_trial33_attendright_leadtarget.wav')])
0.7061 	EXP 	New trial (rep=0, index=353): OrderedDict([('audio', 'block9_trial34_attendleft_leadmasker.wav')])
0.7061 	EXP 	New trial (rep=0, index=354): OrderedDict([('audio', 'block9_trial35_attendright_leadtarget.wav')])
0.7061 	EXP 	New trial (rep=0, index=355): OrderedDict([('audio', 'block9_trial36_attendright_leadtarget.wav')])
0.7062 	EXP 	New trial (rep=0, index=356): OrderedDict([('audio', 'block9_trial37_attendleft_leadtarget.wav')])
0.7062 	EXP 	New trial (rep=0, index=357): OrderedDict([('audio', 'block9_trial38_attendright_leadmasker.wav')])
0.7062 	EXP 	New trial (rep=0, index=358): OrderedDict([('audio', 'block9_trial39_attendright_leadtarget.wav')])
0.7062 	EXP 	New trial (rep=0, index=359): OrderedDict([('audio', 'block9_trial40_attendright_leadmasker.wav')])
0.7063 	EXP 	New trial (rep=0, index=360): OrderedDict([('audio', 'block10_trial1_attendleft_leadmasker.wav')])
0.7063 	EXP 	New trial (rep=0, index=361): OrderedDict([('audio', 'block10_trial2_attendleft_leadtarget.wav')])
0.7063 	EXP 	New trial (rep=0, index=362): OrderedDict([('audio', 'block10_trial3_attendright_leadtarget.wav')])
0.7064 	EXP 	New trial (rep=0, index=363): OrderedDict([('audio', 'block10_trial4_attendleft_leadmasker.wav')])
0.7064 	EXP 	New trial (rep=0, index=364): OrderedDict([('audio', 'block10_trial5_attendright_leadtarget.wav')])
0.7064 	EXP 	New trial (rep=0, index=365): OrderedDict([('audio', 'block10_trial6_attendright_leadtarget.wav')])
0.7065 	EXP 	New trial (rep=0, index=366): OrderedDict([('audio', 'block10_trial7_attendright_leadtarget.wav')])
0.7066 	EXP 	New trial (rep=0, index=367): OrderedDict([('audio', 'block10_trial8_attendleft_leadtarget.wav')])
0.7066 	EXP 	New trial (rep=0, index=368): OrderedDict([('audio', 'block10_trial9_attendleft_leadtarget.wav')])
0.7067 	EXP 	New trial (rep=0, index=369): OrderedDict([('audio', 'block10_trial10_attendright_leadmasker.wav')])
0.7067 	EXP 	New trial (rep=0, index=370): OrderedDict([('audio', 'block10_trial11_attendright_leadmasker.wav')])
0.7068 	EXP 	New trial (rep=0, index=371): OrderedDict([('audio', 'block10_trial12_attendleft_leadmasker.wav')])
0.7069 	EXP 	New trial (rep=0, index=372): OrderedDict([('audio', 'block10_trial13_attendleft_leadtarget.wav')])
0.7070 	EXP 	New trial (rep=0, index=373): OrderedDict([('audio', 'block10_trial14_attendleft_leadtarget.wav')])
0.7070 	EXP 	New trial (rep=0, index=374): OrderedDict([('audio', 'block10_trial15_attendleft_leadmasker.wav')])
0.7070 	EXP 	New trial (rep=0, index=375): OrderedDict([('audio', 'block10_trial16_attendright_leadtarget.wav')])
0.7071 	EXP 	New trial (rep=0, index=376): OrderedDict([('audio', 'block10_trial17_attendleft_leadmasker.wav')])
0.7071 	EXP 	New trial (rep=0, index=377): OrderedDict([('audio', 'block10_trial18_attendleft_leadtarget.wav')])
0.7072 	EXP 	New trial (rep=0, index=378): OrderedDict([('audio', 'block10_trial19_attendleft_leadtarget.wav')])
0.7072 	EXP 	New trial (rep=0, index=379): OrderedDict([('audio', 'block10_trial20_attendleft_leadmasker.wav')])
0.7072 	EXP 	New trial (rep=0, index=380): OrderedDict([('audio', 'block10_trial21_attendleft_leadmasker.wav')])
0.7073 	EXP 	New trial (rep=0, index=381): OrderedDict([('audio', 'block10_trial22_attendleft_leadmasker.wav')])
0.7073 	EXP 	New trial (rep=0, index=382): OrderedDict([('audio', 'block10_trial23_attendright_leadmasker.wav')])
0.7074 	EXP 	New trial (rep=0, index=383): OrderedDict([('audio', 'block10_trial24_attendright_leadtarget.wav')])
0.7074 	EXP 	New trial (rep=0, index=384): OrderedDict([('audio', 'block10_trial25_attendright_leadmasker.wav')])
0.7074 	EXP 	New trial (rep=0, index=385): OrderedDict([('audio', 'block10_trial26_attendleft_leadtarget.wav')])
0.7075 	EXP 	New trial (rep=0, index=386): OrderedDict([('audio', 'block10_trial27_attendright_leadtarget.wav')])
0.7075 	EXP 	New trial (rep=0, index=387): OrderedDict([('audio', 'block10_trial28_attendleft_leadmasker.wav')])
0.7076 	EXP 	New trial (rep=0, index=388): OrderedDict([('audio', 'block10_trial29_attendright_leadmasker.wav')])
0.7076 	EXP 	New trial (rep=0, index=389): OrderedDict([('audio', 'block10_trial30_attendright_leadtarget.wav')])
0.7077 	EXP 	New trial (rep=0, index=390): OrderedDict([('audio', 'block10_trial31_attendright_leadtarget.wav')])
0.7077 	EXP 	New trial (rep=0, index=391): OrderedDict([('audio', 'block10_trial32_attendleft_leadmasker.wav')])
0.7077 	EXP 	New trial (rep=0, index=392): OrderedDict([('audio', 'block10_trial33_attendright_leadmasker.wav')])
0.7078 	EXP 	New trial (rep=0, index=393): OrderedDict([('audio', 'block10_trial34_attendright_leadtarget.wav')])
0.7078 	EXP 	New trial (rep=0, index=394): OrderedDict([('audio', 'block10_trial35_attendleft_leadtarget.wav')])
0.7079 	EXP 	New trial (rep=0, index=395): OrderedDict([('audio', 'block10_trial36_attendright_leadmasker.wav')])
0.7079 	EXP 	New trial (rep=0, index=396): OrderedDict([('audio', 'block10_trial37_attendright_leadmasker.wav')])
0.7079 	EXP 	New trial (rep=0, index=397): OrderedDict([('audio', 'block10_trial38_attendright_leadmasker.wav')])
0.7080 	EXP 	New trial (rep=0, index=398): OrderedDict([('audio', 'block10_trial39_attendright_leadmasker.wav')])
0.7080 	EXP 	New trial (rep=0, index=399): OrderedDict([('audio', 'block10_trial40_attendleft_leadtarget.wav')])
0.7183 	EXP 	Instructions: autoDraw = False
0.7183 	EXP 	cross: autoDraw = True
2.6429 	EXP 	Sound  started
6.3972 	EXP 	cross: autoDraw = False
6.3972 	EXP 	respp: autoDraw = True
8.2584 	EXP 	respp: autoDraw = False
8.2589 	EXP 	Trial_mult: status = STOPPED
8.2940 	EXP 	window1: mouseVisible = True
