4.2868 	WARNING 	User requested fullscreen with size [1536  864], but screen is actually [1920, 1080]. Using actual size
4.9621 	EXP 	Created window1 = Window(allowGUI=True, allowStencil=False, autoLog=True, backendConf=UNKNOWN, backgroundFit=<method-wrapper '__getattribute__' of attributeSetter object at 0x000001C1CD540670>, backgroundImage=<method-wrapper '__getattribute__' of attributeSetter object at 0x000001C1CD540610>, bitsMode=UNKNOWN, blendMode='avg', bpc=(8, 8, 8), color=array([-1., -1., -1.]), colorSpace='rgb', depthBits=8, fullscr=<method-wrapper '__getattribute__' of attributeSetter object at 0x000001C1CD540490>, gamma=None, gammaErrorPolicy='raise', lms=UNKNOWN, monitor=<psychopy.monitors.calibTools.Monitor object at 0x000001C1CD749100>, multiSample=False, name='window1', numSamples=2, pos=(0, 0), screen=0, size=array([1920, 1080]), stencilBits=0, stereo=False, title='PsychoPy', units='height', useFBO=True, useRetina=False, viewOri=0.0, viewPos=None, viewScale=None, waitBlanking=True, winType='pyglet')
4.9623 	EXP 	window1: mouseVisible = True
4.9624 	EXP 	window1: backgroundImage = ''
4.9624 	EXP 	window1: backgroundFit = 'none'
4.9654 	EXP 	window1: Attempting to measure frame rate of screen (0) ...
4.9655 	EXP 	window1: recordFrameIntervals = False
5.1269 	EXP 	window1: recordFrameIntervals = True
5.3105 	EXP 	Screen (0) actual frame rate measured at 60.14Hz
5.3106 	EXP 	window1: recordFrameIntervals = False
5.3108 	EXP 	window1: mouseVisible = False
7.1040 	EXP 	Trial_mult: status = STARTED
7.1043 	EXP 	window1: mouseVisible = True
7.1523 	EXP 	Created Instructions = TextStim(__class__=<class 'psychopy.visual.text.TextStim'>, alignHoriz=method-wrapper(...), alignText='center', alignVert=method-wrapper(...), anchorHoriz='center', anchorVert='center', antialias=True, autoDraw=False, autoLog=True, bold=False, color=array([1., 1., 1.]), colorSpace='rgb', contrast=1.0, depth=0.0, draggable=False, flipHoriz=False, flipVert=False, font='Open Sans', fontFiles=[], height=0.05, italic=False, languageStyle='LTR', name='Instructions', opacity=1.0, ori=0.0, pos=array([0., 0.]), rgb=UNKNOWN, text=str(...), units='height', win=Window(...), wrapWidth=1)
7.1524 	EXP 	window1: mouseVisible = True
7.1554 	EXP 	Created cross = TextStim(__class__=<class 'psychopy.visual.text.TextStim'>, alignHoriz=method-wrapper(...), alignText='center', alignVert=method-wrapper(...), anchorHoriz='center', anchorVert='center', antialias=True, autoDraw=False, autoLog=True, bold=False, color=array([1., 1., 1.]), colorSpace='rgb', contrast=1.0, depth=0.0, draggable=False, flipHoriz=False, flipVert=False, font='Open Sans', fontFiles=[], height=0.05, italic=False, languageStyle='LTR', name='cross', opacity=1.0, ori=0.0, pos=array([0., 0.]), rgb=UNKNOWN, text='+', units='height', win=Window(...), wrapWidth=1)
7.6607 	EXP 	Sound sound_1 set volume 1.000
7.6608 	EXP 	window1: mouseVisible = True
7.6673 	EXP 	Created Rest = TextStim(__class__=<class 'psychopy.visual.text.TextStim'>, alignHoriz=method-wrapper(...), alignText='center', alignVert=method-wrapper(...), anchorHoriz='center', anchorVert='center', antialias=True, autoDraw=False, autoLog=True, bold=False, color=array([1., 1., 1.]), colorSpace='rgb', contrast=1.0, depth=0.0, draggable=False, flipHoriz=False, flipVert=False, font='Open Sans', fontFiles=[], height=0.05, italic=False, languageStyle='LTR', name='Rest', opacity=1.0, ori=0.0, pos=array([0., 0.]), rgb=UNKNOWN, text='Take a break!\n\nPress any key to continue.', units='height', win=Window(...), wrapWidth=1)
7.6675 	EXP 	window1: mouseVisible = True
7.6808 	EXP 	Created respp = TextStim(__class__=<class 'psychopy.visual.text.TextStim'>, alignHoriz=method-wrapper(...), alignText='center', alignVert=method-wrapper(...), anchorHoriz='center', anchorVert='center', antialias=True, autoDraw=False, autoLog=True, bold=False, color=array([1., 1., 1.]), colorSpace='rgb', contrast=1.0, depth=0.0, draggable=False, flipHoriz=False, flipVert=False, font='Open Sans', fontFiles=[], height=0.05, italic=False, languageStyle='LTR', name='respp', opacity=1.0, ori=0.0, pos=array([0., 0.]), rgb=UNKNOWN, text=str(...), units='height', win=Window(...), wrapWidth=1)
0.0111 	EXP 	Instructions: autoDraw = True
0.9915 	EXP 	Imported audio_file_paths.csv as conditions, 400 conditions, 1 params
0.9925 	EXP 	Created sequence: sequential, trialTypes=400, nReps=1, seed=None
0.9926 	EXP 	New trial (rep=0, index=0): OrderedDict([('audio', 'block1_trial1_attendright_leadtarget.wav')])
1.0024 	EXP 	Instructions: autoDraw = False
1.0024 	EXP 	cross: autoDraw = True
2.9976 	EXP 	Sound  started
6.7539 	EXP 	cross: autoDraw = False
6.7539 	EXP 	respp: autoDraw = True
8.3060 	EXP 	New trial (rep=0, index=1): OrderedDict([('audio', 'block1_trial2_attendright_leadmasker.wav')])
8.3159 	EXP 	respp: autoDraw = False
8.3159 	EXP 	cross: autoDraw = True
10.3115 	EXP 	Sound  started
14.0708 	EXP 	cross: autoDraw = False
14.0867 	EXP 	cross: autoDraw = False
14.0867 	EXP 	respp: autoDraw = True
17.2607 	EXP 	New trial (rep=0, index=2): OrderedDict([('audio', 'block1_trial3_attendleft_leadmasker.wav')])
17.2747 	EXP 	respp: autoDraw = False
17.2747 	EXP 	cross: autoDraw = True
18.4725 	EXP 	Trial_mult: status = STOPPED
18.4882 	EXP 	cross: autoDraw = False
18.4884 	EXP 	Trial_mult: status = STOPPED
18.6223 	EXP 	window1: mouseVisible = True
