6.6303 	WARNING 	User requested fullscreen with size [1536  864], but screen is actually [1920, 1080]. Using actual size
7.2481 	EXP 	Created window1 = Window(allowGUI=True, allowStencil=False, autoLog=True, backendConf=UNKNOWN, backgroundFit=<method-wrapper '__getattribute__' of attributeSetter object at 0x000001BF358E13D0>, backgroundImage=<method-wrapper '__getattribute__' of attributeSetter object at 0x000001BF358E1370>, bitsMode=UNKNOWN, blendMode='avg', bpc=(8, 8, 8), color=array([-1., -1., -1.]), colorSpace='rgb', depthBits=8, fullscr=<method-wrapper '__getattribute__' of attributeSetter object at 0x000001BF358E11F0>, gamma=None, gammaErrorPolicy='raise', lms=UNKNOWN, monitor=<psychopy.monitors.calibTools.Monitor object at 0x000001BF35AE8E20>, multiSample=False, name='window1', numSamples=2, pos=(0, 0), screen=0, size=array([1920, 1080]), stencilBits=0, stereo=False, title='PsychoPy', units='height', useFBO=True, useRetina=False, viewOri=0.0, viewPos=None, viewScale=None, waitBlanking=True, winType='pyglet')
7.2483 	EXP 	window1: mouseVisible = True
7.2483 	EXP 	window1: backgroundImage = ''
7.2484 	EXP 	window1: backgroundFit = 'none'
7.2514 	EXP 	window1: Attempting to measure frame rate of screen (0) ...
7.2514 	EXP 	window1: recordFrameIntervals = False
7.4125 	EXP 	window1: recordFrameIntervals = True
7.5958 	EXP 	Screen (0) actual frame rate measured at 60.18Hz
7.5959 	EXP 	window1: recordFrameIntervals = False
7.5962 	EXP 	window1: mouseVisible = False
9.3881 	EXP 	Trial_mult: status = STARTED
9.3885 	EXP 	window1: mouseVisible = True
9.4369 	EXP 	Created Instructions = TextStim(__class__=<class 'psychopy.visual.text.TextStim'>, alignHoriz=method-wrapper(...), alignText='center', alignVert=method-wrapper(...), anchorHoriz='center', anchorVert='center', antialias=True, autoDraw=False, autoLog=True, bold=False, color=array([1., 1., 1.]), colorSpace='rgb', contrast=1.0, depth=0.0, draggable=False, flipHoriz=False, flipVert=False, font='Open Sans', fontFiles=[], height=0.05, italic=False, languageStyle='LTR', name='Instructions', opacity=1.0, ori=0.0, pos=array([0., 0.]), rgb=UNKNOWN, text=str(...), units='height', win=Window(...), wrapWidth=1)
9.4371 	EXP 	window1: mouseVisible = True
9.4394 	EXP 	Created cross = TextStim(__class__=<class 'psychopy.visual.text.TextStim'>, alignHoriz=method-wrapper(...), alignText='center', alignVert=method-wrapper(...), anchorHoriz='center', anchorVert='center', antialias=True, autoDraw=False, autoLog=True, bold=False, color=array([1., 1., 1.]), colorSpace='rgb', contrast=1.0, depth=0.0, draggable=False, flipHoriz=False, flipVert=False, font='Open Sans', fontFiles=[], height=0.05, italic=False, languageStyle='LTR', name='cross', opacity=1.0, ori=0.0, pos=array([0., 0.]), rgb=UNKNOWN, text='+', units='height', win=Window(...), wrapWidth=1)
10.0617 	EXP 	Sound sound_1 set volume 1.000
10.0618 	EXP 	window1: mouseVisible = True
10.0667 	EXP 	Created Rest = TextStim(__class__=<class 'psychopy.visual.text.TextStim'>, alignHoriz=method-wrapper(...), alignText='center', alignVert=method-wrapper(...), anchorHoriz='center', anchorVert='center', antialias=True, autoDraw=False, autoLog=True, bold=False, color=array([1., 1., 1.]), colorSpace='rgb', contrast=1.0, depth=0.0, draggable=False, flipHoriz=False, flipVert=False, font='Open Sans', fontFiles=[], height=0.05, italic=False, languageStyle='LTR', name='Rest', opacity=1.0, ori=0.0, pos=array([0., 0.]), rgb=UNKNOWN, text='Take a break!\n\nPress any key to continue.', units='height', win=Window(...), wrapWidth=1)
10.0668 	EXP 	window1: mouseVisible = True
10.0773 	EXP 	Created respp = TextStim(__class__=<class 'psychopy.visual.text.TextStim'>, alignHoriz=method-wrapper(...), alignText='center', alignVert=method-wrapper(...), anchorHoriz='center', anchorVert='center', antialias=True, autoDraw=False, autoLog=True, bold=False, color=array([1., 1., 1.]), colorSpace='rgb', contrast=1.0, depth=0.0, draggable=False, flipHoriz=False, flipVert=False, font='Open Sans', fontFiles=[], height=0.05, italic=False, languageStyle='LTR', name='respp', opacity=1.0, ori=0.0, pos=array([0., 0.]), rgb=UNKNOWN, text=str(...), units='height', win=Window(...), wrapWidth=1)
0.0090 	EXP 	Instructions: autoDraw = True
1.0813 	EXP 	Imported audio_file_paths.csv as conditions, 400 conditions, 1 params
1.0823 	EXP 	Created sequence: sequential, trialTypes=400, nReps=1, seed=None
1.0828 	EXP 	New trial (rep=0, index=0): OrderedDict([('audio', 'block1_trial1_attendright_leadtarget.wav')])
1.0915 	EXP 	Instructions: autoDraw = False
1.0915 	EXP 	cross: autoDraw = True
3.0854 	EXP 	Sound  started
6.8420 	EXP 	cross: autoDraw = False
6.8586 	EXP 	cross: autoDraw = False
6.8586 	EXP 	respp: autoDraw = True
8.2265 	EXP 	New trial (rep=0, index=1): OrderedDict([('audio', 'block1_trial2_attendright_leadmasker.wav')])
8.2377 	EXP 	respp: autoDraw = False
8.2377 	EXP 	cross: autoDraw = True
10.2333 	EXP 	Sound  started
13.9891 	EXP 	cross: autoDraw = False
14.0058 	EXP 	cross: autoDraw = False
14.0058 	EXP 	respp: autoDraw = True
16.2536 	EXP 	New trial (rep=0, index=2): OrderedDict([('audio', 'block1_trial3_attendleft_leadmasker.wav')])
16.2663 	EXP 	respp: autoDraw = False
16.2663 	EXP 	cross: autoDraw = True
18.2612 	EXP 	Sound  started
22.1844 	EXP 	Sound  reached end of file
22.1845 	EXP 	Sound  reached end of file
22.1899 	EXP 	cross: autoDraw = False
22.1899 	EXP 	cross: autoDraw = False
22.1899 	EXP 	respp: autoDraw = True
23.6319 	EXP 	New trial (rep=0, index=3): OrderedDict([('audio', 'block1_trial4_attendright_leadtarget.wav')])
23.6460 	EXP 	respp: autoDraw = False
23.6460 	EXP 	cross: autoDraw = True
25.6412 	EXP 	Sound  started
29.3969 	EXP 	cross: autoDraw = False
29.4135 	EXP 	cross: autoDraw = False
29.4135 	EXP 	respp: autoDraw = True
30.0139 	EXP 	Trial_mult: status = STOPPED
30.0286 	EXP 	respp: autoDraw = False
30.0288 	EXP 	Trial_mult: status = STOPPED
30.1584 	EXP 	window1: mouseVisible = True
