6.1601 	WARNING 	User requested fullscreen with size [1536  864], but screen is actually [1920, 1080]. Using actual size
6.8503 	EXP 	Created window1 = Window(allowGUI=True, allowStencil=False, autoLog=True, backendConf=UNKNOWN, backgroundFit=<method-wrapper '__getattribute__' of attributeSetter object at 0x000001F188DF06A0>, backgroundImage=<method-wrapper '__getattribute__' of attributeSetter object at 0x000001F188DF0640>, bitsMode=UNKNOWN, blendMode='avg', bpc=(8, 8, 8), color=array([-1., -1., -1.]), colorSpace='rgb', depthBits=8, fullscr=<method-wrapper '__getattribute__' of attributeSetter object at 0x000001F188DF04C0>, gamma=None, gammaErrorPolicy='raise', lms=UNKNOWN, monitor=<psychopy.monitors.calibTools.Monitor object at 0x000001F189079130>, multiSample=False, name='window1', numSamples=2, pos=(0, 0), screen=0, size=array([1920, 1080]), stencilBits=0, stereo=False, title='PsychoPy', units='height', useFBO=True, useRetina=False, viewOri=0.0, viewPos=None, viewScale=None, waitBlanking=True, winType='pyglet')
6.8505 	EXP 	window1: mouseVisible = True
6.8506 	EXP 	window1: backgroundImage = ''
6.8506 	EXP 	window1: backgroundFit = 'none'
6.8544 	EXP 	window1: Attempting to measure frame rate of screen (0) ...
6.8544 	EXP 	window1: recordFrameIntervals = False
7.0163 	EXP 	window1: recordFrameIntervals = True
7.1992 	EXP 	Screen (0) actual frame rate measured at 60.14Hz
7.1993 	EXP 	window1: recordFrameIntervals = False
7.1996 	EXP 	window1: mouseVisible = False
9.0159 	EXP 	Trial_mult: status = STARTED
9.0163 	EXP 	window1: mouseVisible = True
9.0774 	EXP 	Created Instructions = TextStim(__class__=<class 'psychopy.visual.text.TextStim'>, alignHoriz=method-wrapper(...), alignText='center', alignVert=method-wrapper(...), anchorHoriz='center', anchorVert='center', antialias=True, autoDraw=False, autoLog=True, bold=False, color=array([1., 1., 1.]), colorSpace='rgb', contrast=1.0, depth=0.0, draggable=False, flipHoriz=False, flipVert=False, font='Open Sans', fontFiles=[], height=0.05, italic=False, languageStyle='LTR', name='Instructions', opacity=1.0, ori=0.0, pos=array([0., 0.]), rgb=UNKNOWN, text=str(...), units='height', win=Window(...), wrapWidth=1)
9.0775 	EXP 	window1: mouseVisible = True
9.0806 	EXP 	Created cross = TextStim(__class__=<class 'psychopy.visual.text.TextStim'>, alignHoriz=method-wrapper(...), alignText='center', alignVert=method-wrapper(...), anchorHoriz='center', anchorVert='center', antialias=True, autoDraw=False, autoLog=True, bold=False, color=array([1., 1., 1.]), colorSpace='rgb', contrast=1.0, depth=0.0, draggable=False, flipHoriz=False, flipVert=False, font='Open Sans', fontFiles=[], height=0.05, italic=False, languageStyle='LTR', name='cross', opacity=1.0, ori=0.0, pos=array([0., 0.]), rgb=UNKNOWN, text='+', units='height', win=Window(...), wrapWidth=1)
9.8194 	EXP 	Sound sound_1 set volume 1.000
9.8196 	EXP 	window1: mouseVisible = True
9.8333 	EXP 	Created breakk = TextStim(__class__=<class 'psychopy.visual.text.TextStim'>, alignHoriz=method-wrapper(...), alignText='center', alignVert=method-wrapper(...), anchorHoriz='center', anchorVert='center', antialias=True, autoDraw=False, autoLog=True, bold=False, color=array([1., 1., 1.]), colorSpace='rgb', contrast=1.0, depth=0.0, draggable=False, flipHoriz=False, flipVert=False, font='Open Sans', fontFiles=[], height=0.05, italic=False, languageStyle='LTR', name='breakk', opacity=1.0, ori=0.0, pos=array([0., 0.]), rgb=UNKNOWN, text=str(...), units='height', win=Window(...), wrapWidth=1)
9.8336 	EXP 	window1: mouseVisible = True
9.8507 	EXP 	Created respp = TextStim(__class__=<class 'psychopy.visual.text.TextStim'>, alignHoriz=method-wrapper(...), alignText='center', alignVert=method-wrapper(...), anchorHoriz='center', anchorVert='center', antialias=True, autoDraw=False, autoLog=True, bold=False, color=array([1., 1., 1.]), colorSpace='rgb', contrast=1.0, depth=0.0, draggable=False, flipHoriz=False, flipVert=False, font='Open Sans', fontFiles=[], height=0.05, italic=False, languageStyle='LTR', name='respp', opacity=1.0, ori=0.0, pos=array([0., 0.]), rgb=UNKNOWN, text=str(...), units='height', win=Window(...), wrapWidth=1)
0.0236 	EXP 	Instructions: autoDraw = True
0.8420 	EXP 	Imported audio_file_paths.csv as conditions, 400 conditions, 1 params
0.8431 	EXP 	Created sequence: sequential, trialTypes=400, nReps=1, seed=None
0.8433 	EXP 	New trial (rep=0, index=0): OrderedDict([('audio', 'block1_trial1_attendright_leadtarget.wav')])
0.8479 	EXP 	Instructions: autoDraw = False
0.8545 	EXP 	cross: autoDraw = True
2.7838 	EXP 	Sound  started
6.5554 	EXP 	cross: autoDraw = False
6.5554 	EXP 	respp: autoDraw = True
10.7818 	EXP 	New trial (rep=0, index=1): OrderedDict([('audio', 'block1_trial2_attendright_leadmasker.wav')])
10.7941 	EXP 	respp: autoDraw = False
10.8106 	EXP 	cross: autoDraw = True
12.7903 	EXP 	Sound  started
15.9088 	EXP 	Sound  stopped
15.9089 	EXP 	Sound  paused
15.9095 	EXP 	window1: mouseVisible = True
15.9251 	EXP 	Created Pause = TextStim(__class__=<class 'psychopy.visual.text.TextStim'>, alignHoriz=method-wrapper(...), alignText='center', alignVert=method-wrapper(...), anchorHoriz='center', anchorVert='center', antialias=True, autoDraw=False, autoLog=True, bold=False, color=array([1., 1., 1.]), colorSpace='rgb', contrast=1.0, depth=0.0, draggable=False, flipHoriz=False, flipVert=False, font='Open Sans', fontFiles=[], height=0.05, italic=False, languageStyle='LTR', name='Pause', opacity=1.0, ori=0.0, pos=array([0., 0.]), rgb=UNKNOWN, text="Experiment Paused\n Press 'c' to continue", units='height', win=Window(...), wrapWidth=1)
15.9277 	EXP 	Pause: autoDraw = True
19.8528 	EXP 	Pause: autoDraw = False
19.8533 	EXP 	Sound  started
19.9029 	EXP 	cross: autoDraw = False
19.9029 	EXP 	respp: autoDraw = True
21.2186 	EXP 	window1: mouseVisible = True
