6.8512 	WARNING 	User requested fullscreen with size [1536  864], but screen is actually [1920, 1080]. Using actual size
7.6221 	EXP 	Created window1 = Window(allowGUI=True, allowStencil=False, autoLog=True, backendConf=UNKNOWN, backgroundFit=<method-wrapper '__getattribute__' of attributeSetter object at 0x00000265F5EDAD30>, backgroundImage=<method-wrapper '__getattribute__' of attributeSetter object at 0x00000265F5EDA9D0>, bitsMode=UNKNOWN, blendMode='avg', bpc=(8, 8, 8), color=array([-1., -1., -1.]), colorSpace='rgb', depthBits=8, fullscr=<method-wrapper '__getattribute__' of attributeSetter object at 0x00000265F5EDAB50>, gamma=None, gammaErrorPolicy='raise', lms=UNKNOWN, monitor=<psychopy.monitors.calibTools.Monitor object at 0x00000265F62294F0>, multiSample=False, name='window1', numSamples=2, pos=(0, 0), screen=0, size=array([1920, 1080]), stencilBits=0, stereo=False, title='PsychoPy', units='height', useFBO=True, useRetina=False, viewOri=0.0, viewPos=None, viewScale=None, waitBlanking=True, winType='pyglet')
7.6223 	EXP 	window1: mouseVisible = True
7.6224 	EXP 	window1: backgroundImage = ''
7.6224 	EXP 	window1: backgroundFit = 'none'
7.6252 	EXP 	window1: Attempting to measure frame rate of screen (0) ...
7.6253 	EXP 	window1: recordFrameIntervals = False
7.7874 	EXP 	window1: recordFrameIntervals = True
7.9709 	EXP 	Screen (0) actual frame rate measured at 60.11Hz
7.9710 	EXP 	window1: recordFrameIntervals = False
7.9713 	EXP 	window1: mouseVisible = False
9.7901 	EXP 	Trial_mult: status = STARTED
9.7905 	EXP 	window1: mouseVisible = True
9.8556 	EXP 	Created Instructions = TextStim(__class__=<class 'psychopy.visual.text.TextStim'>, alignHoriz=method-wrapper(...), alignText='center', alignVert=method-wrapper(...), anchorHoriz='center', anchorVert='center', antialias=True, autoDraw=False, autoLog=True, bold=False, color=array([1., 1., 1.]), colorSpace='rgb', contrast=1.0, depth=0.0, draggable=False, flipHoriz=False, flipVert=False, font='Open Sans', fontFiles=[], height=0.05, italic=False, languageStyle='LTR', name='Instructions', opacity=1.0, ori=0.0, pos=array([0., 0.]), rgb=UNKNOWN, text=str(...), units='height', win=Window(...), wrapWidth=1)
9.8557 	EXP 	window1: mouseVisible = True
9.8587 	EXP 	Created cross = TextStim(__class__=<class 'psychopy.visual.text.TextStim'>, alignHoriz=method-wrapper(...), alignText='center', alignVert=method-wrapper(...), anchorHoriz='center', anchorVert='center', antialias=True, autoDraw=False, autoLog=True, bold=False, color=array([1., 1., 1.]), colorSpace='rgb', contrast=1.0, depth=0.0, draggable=False, flipHoriz=False, flipVert=False, font='Open Sans', fontFiles=[], height=0.05, italic=False, languageStyle='LTR', name='cross', opacity=1.0, ori=0.0, pos=array([0., 0.]), rgb=UNKNOWN, text='+', units='height', win=Window(...), wrapWidth=1)
10.4960 	EXP 	Sound sound_1 set volume 1.000
10.4962 	EXP 	window1: mouseVisible = True
10.5052 	EXP 	Created breakk = TextStim(__class__=<class 'psychopy.visual.text.TextStim'>, alignHoriz=method-wrapper(...), alignText='center', alignVert=method-wrapper(...), anchorHoriz='center', anchorVert='center', antialias=True, autoDraw=False, autoLog=True, bold=False, color=array([1., 1., 1.]), colorSpace='rgb', contrast=1.0, depth=0.0, draggable=False, flipHoriz=False, flipVert=False, font='Open Sans', fontFiles=[], height=0.05, italic=False, languageStyle='LTR', name='breakk', opacity=1.0, ori=0.0, pos=array([0., 0.]), rgb=UNKNOWN, text=str(...), units='height', win=Window(...), wrapWidth=1)
10.5054 	EXP 	window1: mouseVisible = True
10.5221 	EXP 	Created respp = TextStim(__class__=<class 'psychopy.visual.text.TextStim'>, alignHoriz=method-wrapper(...), alignText='center', alignVert=method-wrapper(...), anchorHoriz='center', anchorVert='center', antialias=True, autoDraw=False, autoLog=True, bold=False, color=array([1., 1., 1.]), colorSpace='rgb', contrast=1.0, depth=0.0, draggable=False, flipHoriz=False, flipVert=False, font='Open Sans', fontFiles=[], height=0.05, italic=False, languageStyle='LTR', name='respp', opacity=1.0, ori=0.0, pos=array([0., 0.]), rgb=UNKNOWN, text=str(...), units='height', win=Window(...), wrapWidth=1)
0.0117 	EXP 	Instructions: autoDraw = True
2.9405 	DATA 	Mouse: Left button down, pos=(840,677)
3.1553 	DATA 	Mouse:  Left button up, pos=(840,677)
3.9887 	EXP 	Imported audio_file_paths.csv as conditions, 400 conditions, 1 params
3.9895 	EXP 	Created sequence: sequential, trialTypes=400, nReps=1, seed=None
3.9896 	EXP 	New trial (rep=0, index=0): OrderedDict([('audio', 'block1_trial1_attendright_leadtarget.wav')])
3.9905 	DATA 	Keypress: space
3.9988 	EXP 	Instructions: autoDraw = False
4.0152 	EXP 	cross: autoDraw = True
5.9914 	EXP 	Sound  started
9.7638 	EXP 	cross: autoDraw = False
9.7638 	EXP 	respp: autoDraw = True
10.7475 	DATA 	Keypress: 2
10.9972 	DATA 	Keypress: 3
11.2474 	EXP 	New trial (rep=0, index=1): OrderedDict([('audio', 'block1_trial2_attendright_leadmasker.wav')])
11.2483 	DATA 	Keypress: 1
11.2599 	EXP 	respp: autoDraw = False
11.2803 	EXP 	cross: autoDraw = True
13.2547 	EXP 	Sound  started
17.0276 	EXP 	cross: autoDraw = False
17.0276 	EXP 	respp: autoDraw = True
17.9113 	DATA 	Keypress: p
17.9930 	EXP 	window1: mouseVisible = True
18.0005 	EXP 	Created Pause = TextStim(__class__=<class 'psychopy.visual.text.TextStim'>, alignHoriz=method-wrapper(...), alignText='center', alignVert=method-wrapper(...), anchorHoriz='center', anchorVert='center', antialias=True, autoDraw=False, autoLog=True, bold=False, color=array([1., 1., 1.]), colorSpace='rgb', contrast=1.0, depth=0.0, draggable=False, flipHoriz=False, flipVert=False, font='Open Sans', fontFiles=[], height=0.05, italic=False, languageStyle='LTR', name='Pause', opacity=1.0, ori=0.0, pos=array([0., 0.]), rgb=UNKNOWN, text="Experiment Paused\n Press 'c' to continue", units='height', win=Window(...), wrapWidth=1)
18.0079 	EXP 	Pause: autoDraw = True
24.9083 	DATA 	Keypress: c
25.0388 	EXP 	Pause: autoDraw = False
25.0560 	EXP 	New trial (rep=0, index=2): OrderedDict([('audio', 'block1_trial3_attendleft_leadmasker.wav')])
25.0717 	EXP 	respp: autoDraw = False
25.0745 	EXP 	Sound  started
25.0884 	EXP 	cross: autoDraw = True
27.0166 	EXP 	cross: autoDraw = False
27.0166 	EXP 	respp: autoDraw = True
31.2557 	EXP 	New trial (rep=0, index=3): OrderedDict([('audio', 'block1_trial4_attendright_leadtarget.wav')])
31.2716 	EXP 	respp: autoDraw = False
31.2884 	EXP 	cross: autoDraw = True
33.0187 	DATA 	Keypress: escape
33.2500 	EXP 	Sound  started
33.6325 	EXP 	Trial_mult: status = STOPPED
33.6485 	EXP 	cross: autoDraw = False
33.6486 	EXP 	Trial_mult: status = STOPPED
33.8021 	EXP 	window1: mouseVisible = True
