6.2775 	WARNING 	User requested fullscreen with size [1536  864], but screen is actually [1920, 1080]. Using actual size
6.9047 	EXP 	Created window1 = Window(allowGUI=True, allowStencil=False, autoLog=True, backendConf=UNKNOWN, backgroundFit=<method-wrapper '__getattribute__' of attributeSetter object at 0x000001DE1D5F0670>, backgroundImage=<method-wrapper '__getattribute__' of attributeSetter object at 0x000001DE1D5F0610>, bitsMode=UNKNOWN, blendMode='avg', bpc=(8, 8, 8), color=array([-1., -1., -1.]), colorSpace='rgb', depthBits=8, fullscr=<method-wrapper '__getattribute__' of attributeSetter object at 0x000001DE1D5F0490>, gamma=None, gammaErrorPolicy='raise', lms=UNKNOWN, monitor=<psychopy.monitors.calibTools.Monitor object at 0x000001DE1D7FA100>, multiSample=False, name='window1', numSamples=2, pos=(0, 0), screen=0, size=array([1920, 1080]), stencilBits=0, stereo=False, title='PsychoPy', units='height', useFBO=True, useRetina=False, viewOri=0.0, viewPos=None, viewScale=None, waitBlanking=True, winType='pyglet')
6.9048 	EXP 	window1: mouseVisible = True
6.9048 	EXP 	window1: backgroundImage = ''
6.9048 	EXP 	window1: backgroundFit = 'none'
6.9066 	EXP 	window1: Attempting to measure frame rate of screen (0) ...
6.9066 	EXP 	window1: recordFrameIntervals = False
7.0710 	EXP 	window1: recordFrameIntervals = True
7.2539 	EXP 	Screen (0) actual frame rate measured at 60.38Hz
7.2539 	EXP 	window1: recordFrameIntervals = False
7.2541 	EXP 	window1: mouseVisible = False
9.0512 	EXP 	Trial_mult: status = STARTED
9.0516 	EXP 	window1: mouseVisible = True
9.1052 	EXP 	Created Instructions = TextStim(__class__=<class 'psychopy.visual.text.TextStim'>, alignHoriz=method-wrapper(...), alignText='center', alignVert=method-wrapper(...), anchorHoriz='center', anchorVert='center', antialias=True, autoDraw=False, autoLog=True, bold=False, color=array([1., 1., 1.]), colorSpace='rgb', contrast=1.0, depth=0.0, draggable=False, flipHoriz=False, flipVert=False, font='Open Sans', fontFiles=[], height=0.05, italic=False, languageStyle='LTR', name='Instructions', opacity=1.0, ori=0.0, pos=array([0., 0.]), rgb=UNKNOWN, text=str(...), units='height', win=Window(...), wrapWidth=1)
9.1054 	EXP 	window1: mouseVisible = True
9.1077 	EXP 	Created cross = TextStim(__class__=<class 'psychopy.visual.text.TextStim'>, alignHoriz=method-wrapper(...), alignText='center', alignVert=method-wrapper(...), anchorHoriz='center', anchorVert='center', antialias=True, autoDraw=False, autoLog=True, bold=False, color=array([1., 1., 1.]), colorSpace='rgb', contrast=1.0, depth=0.0, draggable=False, flipHoriz=False, flipVert=False, font='Open Sans', fontFiles=[], height=0.05, italic=False, languageStyle='LTR', name='cross', opacity=1.0, ori=0.0, pos=array([0., 0.]), rgb=UNKNOWN, text='+', units='height', win=Window(...), wrapWidth=1)
9.7391 	EXP 	Sound sound_1 set volume 1.000
9.7393 	EXP 	window1: mouseVisible = True
9.7453 	EXP 	Created breakk = TextStim(__class__=<class 'psychopy.visual.text.TextStim'>, alignHoriz=method-wrapper(...), alignText='center', alignVert=method-wrapper(...), anchorHoriz='center', anchorVert='center', antialias=True, autoDraw=False, autoLog=True, bold=False, color=array([1., 1., 1.]), colorSpace='rgb', contrast=1.0, depth=0.0, draggable=False, flipHoriz=False, flipVert=False, font='Open Sans', fontFiles=[], height=0.05, italic=False, languageStyle='LTR', name='breakk', opacity=1.0, ori=0.0, pos=array([0., 0.]), rgb=UNKNOWN, text=str(...), units='height', win=Window(...), wrapWidth=1)
9.7454 	EXP 	window1: mouseVisible = True
9.7561 	EXP 	Created respp = TextStim(__class__=<class 'psychopy.visual.text.TextStim'>, alignHoriz=method-wrapper(...), alignText='center', alignVert=method-wrapper(...), anchorHoriz='center', anchorVert='center', antialias=True, autoDraw=False, autoLog=True, bold=False, color=array([1., 1., 1.]), colorSpace='rgb', contrast=1.0, depth=0.0, draggable=False, flipHoriz=False, flipVert=False, font='Open Sans', fontFiles=[], height=0.05, italic=False, languageStyle='LTR', name='respp', opacity=1.0, ori=0.0, pos=array([0., 0.]), rgb=UNKNOWN, text=str(...), units='height', win=Window(...), wrapWidth=1)
0.0109 	EXP 	Instructions: autoDraw = True
1.3506 	EXP 	Imported audio_file_paths.csv as conditions, 400 conditions, 1 params
1.3515 	EXP 	Created sequence: sequential, trialTypes=400, nReps=1, seed=None
1.3517 	EXP 	New trial (rep=0, index=0): OrderedDict([('audio', 'block1_trial1_attendright_leadtarget.wav')])
1.3517 	EXP 	New trial (rep=0, index=1): OrderedDict([('audio', 'block1_trial2_attendright_leadmasker.wav')])
1.3518 	EXP 	New trial (rep=0, index=2): OrderedDict([('audio', 'block1_trial3_attendleft_leadmasker.wav')])
1.3518 	EXP 	New trial (rep=0, index=3): OrderedDict([('audio', 'block1_trial4_attendright_leadtarget.wav')])
1.3519 	EXP 	New trial (rep=0, index=4): OrderedDict([('audio', 'block1_trial5_attendleft_leadtarget.wav')])
1.3521 	EXP 	New trial (rep=0, index=5): OrderedDict([('audio', 'block1_trial6_attendright_leadtarget.wav')])
1.3521 	EXP 	New trial (rep=0, index=6): OrderedDict([('audio', 'block1_trial7_attendleft_leadtarget.wav')])
1.3521 	EXP 	New trial (rep=0, index=7): OrderedDict([('audio', 'block1_trial8_attendleft_leadtarget.wav')])
1.3522 	EXP 	New trial (rep=0, index=8): OrderedDict([('audio', 'block1_trial9_attendleft_leadmasker.wav')])
1.3522 	EXP 	New trial (rep=0, index=9): OrderedDict([('audio', 'block1_trial10_attendright_leadmasker.wav')])
1.3523 	EXP 	New trial (rep=0, index=10): OrderedDict([('audio', 'block1_trial11_attendleft_leadtarget.wav')])
1.3523 	EXP 	New trial (rep=0, index=11): OrderedDict([('audio', 'block1_trial12_attendright_leadtarget.wav')])
1.3523 	EXP 	New trial (rep=0, index=12): OrderedDict([('audio', 'block1_trial13_attendleft_leadmasker.wav')])
1.3524 	EXP 	New trial (rep=0, index=13): OrderedDict([('audio', 'block1_trial14_attendright_leadmasker.wav')])
1.3524 	EXP 	New trial (rep=0, index=14): OrderedDict([('audio', 'block1_trial15_attendleft_leadtarget.wav')])
1.3524 	EXP 	New trial (rep=0, index=15): OrderedDict([('audio', 'block1_trial16_attendleft_leadmasker.wav')])
1.3525 	EXP 	New trial (rep=0, index=16): OrderedDict([('audio', 'block1_trial17_attendleft_leadtarget.wav')])
1.3525 	EXP 	New trial (rep=0, index=17): OrderedDict([('audio', 'block1_trial18_attendleft_leadmasker.wav')])
1.3526 	EXP 	New trial (rep=0, index=18): OrderedDict([('audio', 'block1_trial19_attendright_leadmasker.wav')])
1.3526 	EXP 	New trial (rep=0, index=19): OrderedDict([('audio', 'block1_trial20_attendright_leadtarget.wav')])
1.3526 	EXP 	New trial (rep=0, index=20): OrderedDict([('audio', 'block1_trial21_attendright_leadmasker.wav')])
1.3527 	EXP 	New trial (rep=0, index=21): OrderedDict([('audio', 'block1_trial22_attendleft_leadmasker.wav')])
1.3527 	EXP 	New trial (rep=0, index=22): OrderedDict([('audio', 'block1_trial23_attendleft_leadmasker.wav')])
1.3527 	EXP 	New trial (rep=0, index=23): OrderedDict([('audio', 'block1_trial24_attendleft_leadtarget.wav')])
1.3528 	EXP 	New trial (rep=0, index=24): OrderedDict([('audio', 'block1_trial25_attendright_leadmasker.wav')])
1.3528 	EXP 	New trial (rep=0, index=25): OrderedDict([('audio', 'block1_trial26_attendleft_leadmasker.wav')])
1.3528 	EXP 	New trial (rep=0, index=26): OrderedDict([('audio', 'block1_trial27_attendleft_leadmasker.wav')])
1.3529 	EXP 	New trial (rep=0, index=27): OrderedDict([('audio', 'block1_trial28_attendright_leadtarget.wav')])
1.3529 	EXP 	New trial (rep=0, index=28): OrderedDict([('audio', 'block1_trial29_attendleft_leadmasker.wav')])
1.3529 	EXP 	New trial (rep=0, index=29): OrderedDict([('audio', 'block1_trial30_attendleft_leadtarget.wav')])
1.3530 	EXP 	New trial (rep=0, index=30): OrderedDict([('audio', 'block1_trial31_attendright_leadtarget.wav')])
1.3530 	EXP 	New trial (rep=0, index=31): OrderedDict([('audio', 'block1_trial32_attendright_leadmasker.wav')])
1.3530 	EXP 	New trial (rep=0, index=32): OrderedDict([('audio', 'block1_trial33_attendright_leadtarget.wav')])
1.3531 	EXP 	New trial (rep=0, index=33): OrderedDict([('audio', 'block1_trial34_attendright_leadtarget.wav')])
1.3531 	EXP 	New trial (rep=0, index=34): OrderedDict([('audio', 'block1_trial35_attendright_leadmasker.wav')])
1.3531 	EXP 	New trial (rep=0, index=35): OrderedDict([('audio', 'block1_trial36_attendleft_leadtarget.wav')])
1.3532 	EXP 	New trial (rep=0, index=36): OrderedDict([('audio', 'block1_trial37_attendleft_leadtarget.wav')])
1.3532 	EXP 	New trial (rep=0, index=37): OrderedDict([('audio', 'block1_trial38_attendright_leadmasker.wav')])
1.3532 	EXP 	New trial (rep=0, index=38): OrderedDict([('audio', 'block1_trial39_attendright_leadmasker.wav')])
1.3533 	EXP 	New trial (rep=0, index=39): OrderedDict([('audio', 'block1_trial40_attendright_leadtarget.wav')])
1.3533 	EXP 	New trial (rep=0, index=40): OrderedDict([('audio', 'block2_trial1_attendright_leadmasker.wav')])
1.3533 	EXP 	New trial (rep=0, index=41): OrderedDict([('audio', 'block2_trial2_attendleft_leadmasker.wav')])
1.7344 	EXP 	window1: mouseVisible = True
