4.7777 	WARNING 	Requested audio device 'ASIO Fireface USB' that is not available on this hardware. The 'audioDevice' preference should be one of ['3 - DELL U2415 (AMD High Definition Audio Device)', '4 - DELL U2415 (AMD High Definition Audio Device)', 'ADAT (3+4) (RME Fireface UCX II)', 'ADAT (5+6) (RME Fireface UCX II)', 'ADAT (7+8) (RME Fireface UCX II)', 'AES (RME Fireface UCX II)', 'Analog (1+2) (RME Fireface UCX II)', 'Analog (3+4) (RME Fireface UCX II)', 'Analog (5+6) (RME Fireface UCX II)', 'SPDIF coax. (RME Fireface UCX II)', 'SPDIF/ADAT (1+2) (RME Fireface UCX II)', 'Speakers (RME Fireface UCX II)', 'Speakers/Headphones (Realtek(R) Audio)']
11.8350 	WARNING 	User requested fullscreen with size [1536  864], but screen is actually [1920, 1200]. Using actual size
13.7343 	EXP 	Created window1 = Window(allowGUI=True, allowStencil=False, autoLog=True, backendConf=UNKNOWN, backgroundFit=<method-wrapper '__getattribute__' of attributeSetter object at 0x000001911E8F8CA0>, backgroundImage=<method-wrapper '__getattribute__' of attributeSetter object at 0x000001911E8F8C40>, bitsMode=UNKNOWN, blendMode='avg', bpc=(8, 8, 8), color=array([-1., -1., -1.]), colorSpace='rgb', depthBits=8, fullscr=<method-wrapper '__getattribute__' of attributeSetter object at 0x000001911E8F8A90>, gamma=None, gammaErrorPolicy='raise', lms=UNKNOWN, monitor=<psychopy.monitors.calibTools.Monitor object at 0x000001911EC992E0>, multiSample=False, name='window1', numSamples=2, pos=(0, 0), screen=0, size=array([1920, 1200]), stencilBits=0, stereo=False, title='PsychoPy', units='height', useFBO=True, useRetina=False, viewOri=0.0, viewPos=None, viewScale=None, waitBlanking=True, winType='pyglet')
13.7344 	EXP 	window1: mouseVisible = True
13.7344 	EXP 	window1: backgroundImage = ''
13.7344 	EXP 	window1: backgroundFit = 'none'
13.7363 	EXP 	window1: Attempting to measure frame rate of screen (0) ...
13.7363 	EXP 	window1: recordFrameIntervals = False
13.9005 	EXP 	window1: recordFrameIntervals = True
14.0848 	EXP 	Screen (0) actual frame rate measured at 59.73Hz
14.0848 	EXP 	window1: recordFrameIntervals = False
14.0849 	EXP 	window1: mouseVisible = False
18.8940 	EXP 	Trial_mult: status = STARTED
18.8945 	EXP 	window1: mouseVisible = True
18.9871 	EXP 	Created Instructions = TextStim(__class__=<class 'psychopy.visual.text.TextStim'>, alignHoriz=method-wrapper(...), alignText='center', alignVert=method-wrapper(...), anchorHoriz='center', anchorVert='center', antialias=True, autoDraw=False, autoLog=True, bold=False, color=array([1., 1., 1.]), colorSpace='rgb', contrast=1.0, depth=0.0, draggable=False, flipHoriz=False, flipVert=False, font='Open Sans', fontFiles=[], height=0.05, italic=False, languageStyle='LTR', name='Instructions', opacity=1.0, ori=0.0, pos=array([0., 0.]), rgb=UNKNOWN, text=str(...), units='height', win=Window(...), wrapWidth=1)
18.9873 	EXP 	window1: mouseVisible = True
18.9910 	EXP 	Created cross = TextStim(__class__=<class 'psychopy.visual.text.TextStim'>, alignHoriz=method-wrapper(...), alignText='center', alignVert=method-wrapper(...), anchorHoriz='center', anchorVert='center', antialias=True, autoDraw=False, autoLog=True, bold=False, color=array([1., 1., 1.]), colorSpace='rgb', contrast=1.0, depth=0.0, draggable=False, flipHoriz=False, flipVert=False, font='Open Sans', fontFiles=[], height=0.05, italic=False, languageStyle='LTR', name='cross', opacity=1.0, ori=0.0, pos=array([0., 0.]), rgb=UNKNOWN, text='+', units='height', win=Window(...), wrapWidth=1)
19.0242 	EXP 	Sound sound_1 set volume 1.000
19.0243 	EXP 	window1: mouseVisible = True
19.0417 	EXP 	Created respp = TextStim(__class__=<class 'psychopy.visual.text.TextStim'>, alignHoriz=method-wrapper(...), alignText='center', alignVert=method-wrapper(...), anchorHoriz='center', anchorVert='center', antialias=True, autoDraw=False, autoLog=True, bold=False, color=array([1., 1., 1.]), colorSpace='rgb', contrast=1.0, depth=0.0, draggable=False, flipHoriz=False, flipVert=False, font='Open Sans', fontFiles=[], height=0.05, italic=False, languageStyle='LTR', name='respp', opacity=1.0, ori=0.0, pos=array([0., 0.]), rgb=UNKNOWN, text=str(...), units='height', win=Window(...), wrapWidth=1)
0.0299 	EXP 	Instructions: autoDraw = True
1.9898 	EXP 	Imported audio_file_paths.csv as conditions, 400 conditions, 1 params
1.9914 	EXP 	Created sequence: sequential, trialTypes=400, nReps=1, seed=None
1.9916 	EXP 	New trial (rep=0, index=0): OrderedDict([('audio', 'block1_trial1_attendright_leadtarget.wav')])
2.0146 	EXP 	Instructions: autoDraw = False
2.0146 	EXP 	cross: autoDraw = True
3.9833 	EXP 	Sound  started
7.9058 	EXP 	Sound  reached end of file
7.9059 	EXP 	Sound  reached end of file
7.9362 	EXP 	cross: autoDraw = False
13.4907 	EXP 	respp: autoDraw = True
16.4287 	EXP 	New trial (rep=0, index=1): OrderedDict([('audio', 'block1_trial2_attendright_leadmasker.wav')])
16.4429 	EXP 	respp: autoDraw = False
16.4429 	EXP 	cross: autoDraw = True
18.4282 	EXP 	Sound  started
22.1976 	EXP 	cross: autoDraw = False
27.9351 	EXP 	respp: autoDraw = True
30.6555 	EXP 	New trial (rep=0, index=2): OrderedDict([('audio', 'block1_trial3_attendleft_leadmasker.wav')])
30.6706 	EXP 	respp: autoDraw = False
30.6706 	EXP 	cross: autoDraw = True
32.6557 	EXP 	Sound  started
36.5759 	EXP 	Sound  reached end of file
36.5759 	EXP 	Sound  reached end of file
36.6087 	EXP 	cross: autoDraw = False
42.1632 	EXP 	respp: autoDraw = True
46.4011 	EXP 	New trial (rep=0, index=3): OrderedDict([('audio', 'block1_trial4_attendright_leadtarget.wav')])
46.4167 	EXP 	respp: autoDraw = False
46.4167 	EXP 	respp: autoDraw = False
46.4167 	EXP 	cross: autoDraw = True
48.4188 	EXP 	Sound  started
49.0529 	EXP 	Trial_mult: status = STOPPED
49.0691 	EXP 	cross: autoDraw = False
49.0692 	EXP 	Trial_mult: status = STOPPED
49.1209 	EXP 	window1: mouseVisible = True
