5.6025 	WARNING 	User requested fullscreen with size [1536  864], but screen is actually [1920, 1080]. Using actual size
6.4268 	EXP 	Created window1 = Window(allowGUI=True, allowStencil=False, autoLog=True, backendConf=UNKNOWN, backgroundFit=<method-wrapper '__getattribute__' of attributeSetter object at 0x000001DAA65D11C0>, backgroundImage=<method-wrapper '__getattribute__' of attributeSetter object at 0x000001DAA65D1160>, bitsMode=UNKNOWN, blendMode='avg', bpc=(8, 8, 8), color=array([-1., -1., -1.]), colorSpace='rgb', depthBits=8, fullscr=<method-wrapper '__getattribute__' of attributeSetter object at 0x000001DAA64FE8B0>, gamma=None, gammaErrorPolicy='raise', lms=UNKNOWN, monitor=<psychopy.monitors.calibTools.Monitor object at 0x000001DAA6797C10>, multiSample=False, name='window1', numSamples=2, pos=(0, 0), screen=0, size=array([1920, 1080]), stencilBits=0, stereo=False, title='PsychoPy', units='height', useFBO=True, useRetina=False, viewOri=0.0, viewPos=None, viewScale=None, waitBlanking=True, winType='pyglet')
6.4270 	EXP 	window1: mouseVisible = True
6.4270 	EXP 	window1: backgroundImage = ''
6.4270 	EXP 	window1: backgroundFit = 'none'
6.4292 	EXP 	window1: Attempting to measure frame rate of screen (0) ...
6.4292 	EXP 	window1: recordFrameIntervals = False
6.5898 	EXP 	window1: recordFrameIntervals = True
6.7733 	EXP 	Screen (0) actual frame rate measured at 60.32Hz
6.7734 	EXP 	window1: recordFrameIntervals = False
6.7736 	EXP 	window1: mouseVisible = False
8.6168 	EXP 	Trial_mult: status = STARTED
8.6175 	EXP 	window1: mouseVisible = True
8.7064 	EXP 	Created Instructions = TextStim(__class__=<class 'psychopy.visual.text.TextStim'>, alignHoriz=method-wrapper(...), alignText='center', alignVert=method-wrapper(...), anchorHoriz='center', anchorVert='center', antialias=True, autoDraw=False, autoLog=True, bold=False, color=array([1., 1., 1.]), colorSpace='rgb', contrast=1.0, depth=0.0, draggable=False, flipHoriz=False, flipVert=False, font='Open Sans', fontFiles=[], height=0.05, italic=False, languageStyle='LTR', name='Instructions', opacity=1.0, ori=0.0, pos=array([0., 0.]), rgb=UNKNOWN, text=str(...), units='height', win=Window(...), wrapWidth=1)
8.7065 	EXP 	window1: mouseVisible = True
8.7092 	EXP 	Created cross = TextStim(__class__=<class 'psychopy.visual.text.TextStim'>, alignHoriz=method-wrapper(...), alignText='center', alignVert=method-wrapper(...), anchorHoriz='center', anchorVert='center', antialias=True, autoDraw=False, autoLog=True, bold=False, color=array([1., 1., 1.]), colorSpace='rgb', contrast=1.0, depth=0.0, draggable=False, flipHoriz=False, flipVert=False, font='Open Sans', fontFiles=[], height=0.05, italic=False, languageStyle='LTR', name='cross', opacity=1.0, ori=0.0, pos=array([0., 0.]), rgb=UNKNOWN, text='+', units='height', win=Window(...), wrapWidth=1)
9.2982 	EXP 	Sound sound_1 set volume 1.000
9.2984 	EXP 	window1: mouseVisible = True
9.3137 	EXP 	Created respp = TextStim(__class__=<class 'psychopy.visual.text.TextStim'>, alignHoriz=method-wrapper(...), alignText='center', alignVert=method-wrapper(...), anchorHoriz='center', anchorVert='center', antialias=True, autoDraw=False, autoLog=True, bold=False, color=array([1., 1., 1.]), colorSpace='rgb', contrast=1.0, depth=0.0, draggable=False, flipHoriz=False, flipVert=False, font='Open Sans', fontFiles=[], height=0.05, italic=False, languageStyle='LTR', name='respp', opacity=1.0, ori=0.0, pos=array([0., 0.]), rgb=UNKNOWN, text=str(...), units='height', win=Window(...), wrapWidth=1)
0.0109 	EXP 	Instructions: autoDraw = True
1.0049 	EXP 	Imported audio_file_paths.csv as conditions, 400 conditions, 1 params
1.0061 	EXP 	Created sequence: sequential, trialTypes=400, nReps=1, seed=None
1.0063 	EXP 	New trial (rep=0, index=0): OrderedDict([('audio', 'block1_trial1_attendright_leadtarget.wav')])
1.0156 	EXP 	Instructions: autoDraw = False
1.0156 	EXP 	cross: autoDraw = True
2.9462 	EXP 	Sound  started
6.7007 	EXP 	cross: autoDraw = False
12.4350 	EXP 	respp: autoDraw = True
14.4527 	EXP 	New trial (rep=0, index=1): OrderedDict([('audio', 'block1_trial2_attendright_leadmasker.wav')])
14.4629 	EXP 	respp: autoDraw = False
14.4629 	EXP 	cross: autoDraw = True
16.4578 	EXP 	Sound  started
20.3845 	EXP 	Sound  reached end of file
20.3847 	EXP 	Sound  reached end of file
20.3868 	EXP 	cross: autoDraw = False
20.3901 	EXP 	cross: autoDraw = False
25.9646 	EXP 	respp: autoDraw = True
28.2259 	EXP 	New trial (rep=0, index=2): OrderedDict([('audio', 'block1_trial3_attendleft_leadmasker.wav')])
28.2415 	EXP 	respp: autoDraw = False
28.2415 	EXP 	cross: autoDraw = True
30.2370 	EXP 	Sound  started
33.9925 	EXP 	cross: autoDraw = False
34.0092 	EXP 	cross: autoDraw = False
39.7268 	EXP 	respp: autoDraw = True
41.9391 	EXP 	New trial (rep=0, index=3): OrderedDict([('audio', 'block1_trial4_attendright_leadtarget.wav')])
41.9544 	EXP 	respp: autoDraw = False
41.9544 	EXP 	cross: autoDraw = True
43.9500 	EXP 	Sound  started
47.7052 	EXP 	cross: autoDraw = False
47.7225 	EXP 	cross: autoDraw = False
53.4396 	EXP 	respp: autoDraw = True
55.1214 	EXP 	New trial (rep=0, index=4): OrderedDict([('audio', 'block1_trial5_attendleft_leadtarget.wav')])
55.1349 	EXP 	respp: autoDraw = False
55.1349 	EXP 	cross: autoDraw = True
56.1672 	EXP 	Trial_mult: status = STOPPED
56.1821 	EXP 	cross: autoDraw = False
56.1823 	EXP 	Trial_mult: status = STOPPED
56.2909 	EXP 	window1: mouseVisible = True
