20.1161 	WARNING 	User requested fullscreen with size [1536  864], but screen is actually [1920, 1080]. Using actual size
21.1311 	EXP 	Created window1 = Window(allowGUI=True, allowStencil=False, autoLog=True, backendConf=UNKNOWN, backgroundFit=<method-wrapper '__getattribute__' of attributeSetter object at 0x000001AA2E480460>, backgroundImage=<method-wrapper '__getattribute__' of attributeSetter object at 0x000001AA2E480400>, bitsMode=UNKNOWN, blendMode='avg', bpc=(8, 8, 8), color=array([-1., -1., -1.]), colorSpace='rgb', depthBits=8, fullscr=<method-wrapper '__getattribute__' of attributeSetter object at 0x000001AA2E480280>, gamma=None, gammaErrorPolicy='raise', lms=UNKNOWN, monitor=<psychopy.monitors.calibTools.Monitor object at 0x000001AA34784EE0>, multiSample=False, name='window1', numSamples=2, pos=(0, 0), screen=0, size=array([1920, 1080]), stencilBits=0, stereo=False, title='PsychoPy', units='height', useFBO=True, useRetina=False, viewOri=0.0, viewPos=None, viewScale=None, waitBlanking=True, winType='pyglet')
21.1313 	EXP 	window1: mouseVisible = True
21.1314 	EXP 	window1: backgroundImage = ''
21.1314 	EXP 	window1: backgroundFit = 'none'
21.1345 	EXP 	window1: Attempting to measure frame rate of screen (0) ...
21.1345 	EXP 	window1: recordFrameIntervals = False
21.2951 	EXP 	window1: recordFrameIntervals = True
21.4784 	EXP 	Screen (0) actual frame rate measured at 60.21Hz
21.4784 	EXP 	window1: recordFrameIntervals = False
21.4787 	EXP 	window1: mouseVisible = False
23.5814 	EXP 	Trial_mult: status = STARTED
23.5821 	EXP 	window1: mouseVisible = True
23.7077 	EXP 	Created Instructions = TextStim(__class__=<class 'psychopy.visual.text.TextStim'>, alignHoriz=method-wrapper(...), alignText='center', alignVert=method-wrapper(...), anchorHoriz='center', anchorVert='center', antialias=True, autoDraw=False, autoLog=True, bold=False, color=array([1., 1., 1.]), colorSpace='rgb', contrast=1.0, depth=0.0, draggable=False, flipHoriz=False, flipVert=False, font='Open Sans', fontFiles=[], height=0.05, italic=False, languageStyle='LTR', name='Instructions', opacity=1.0, ori=0.0, pos=array([0., 0.]), rgb=UNKNOWN, text=str(...), units='height', win=Window(...), wrapWidth=1)
23.7078 	EXP 	window1: mouseVisible = True
23.7109 	EXP 	Created cross = TextStim(__class__=<class 'psychopy.visual.text.TextStim'>, alignHoriz=method-wrapper(...), alignText='center', alignVert=method-wrapper(...), anchorHoriz='center', anchorVert='center', antialias=True, autoDraw=False, autoLog=True, bold=False, color=array([1., 1., 1.]), colorSpace='rgb', contrast=1.0, depth=0.0, draggable=False, flipHoriz=False, flipVert=False, font='Open Sans', fontFiles=[], height=0.05, italic=False, languageStyle='LTR', name='cross', opacity=1.0, ori=0.0, pos=array([0., 0.]), rgb=UNKNOWN, text='+', units='height', win=Window(...), wrapWidth=1)
24.4094 	EXP 	Sound sound_1 set volume 1.000
24.4096 	EXP 	window1: mouseVisible = True
24.4208 	EXP 	Created breakk = TextStim(__class__=<class 'psychopy.visual.text.TextStim'>, alignHoriz=method-wrapper(...), alignText='center', alignVert=method-wrapper(...), anchorHoriz='center', anchorVert='center', antialias=True, autoDraw=False, autoLog=True, bold=False, color=array([1., 1., 1.]), colorSpace='rgb', contrast=1.0, depth=0.0, draggable=False, flipHoriz=False, flipVert=False, font='Open Sans', fontFiles=[], height=0.05, italic=False, languageStyle='LTR', name='breakk', opacity=1.0, ori=0.0, pos=array([0., 0.]), rgb=UNKNOWN, text=str(...), units='height', win=Window(...), wrapWidth=1)
24.4210 	EXP 	window1: mouseVisible = True
24.4503 	EXP 	Created respp = TextStim(__class__=<class 'psychopy.visual.text.TextStim'>, alignHoriz=method-wrapper(...), alignText='center', alignVert=method-wrapper(...), anchorHoriz='center', anchorVert='center', antialias=True, autoDraw=False, autoLog=True, bold=False, color=array([1., 1., 1.]), colorSpace='rgb', contrast=1.0, depth=0.0, draggable=False, flipHoriz=False, flipVert=False, font='Open Sans', fontFiles=[], height=0.05, italic=False, languageStyle='LTR', name='respp', opacity=1.0, ori=0.0, pos=array([0., 0.]), rgb=UNKNOWN, text=str(...), units='height', win=Window(...), wrapWidth=1)
0.0189 	EXP 	Instructions: autoDraw = True
10.0588 	EXP 	Instructions: autoDraw = False
16.7177 	EXP 	Imported audio_file_paths.csv as conditions, 400 conditions, 1 params
16.7198 	EXP 	Created sequence: sequential, trialTypes=400, nReps=1, seed=None
16.7200 	EXP 	New trial (rep=0, index=0): OrderedDict([('audio', 'block1_trial1_attendright_leadtarget.wav')])
16.7229 	EXP 	Instructions: autoDraw = False
16.7340 	EXP 	cross: autoDraw = True
18.6574 	EXP 	Sound  started
22.4247 	EXP 	cross: autoDraw = False
22.4247 	EXP 	respp: autoDraw = True
24.3882 	EXP 	New trial (rep=0, index=1): OrderedDict([('audio', 'block1_trial2_attendright_leadmasker.wav')])
24.3907 	EXP 	respp: autoDraw = False
24.4025 	EXP 	cross: autoDraw = True
26.3984 	EXP 	Sound  started
30.1536 	EXP 	cross: autoDraw = False
30.1703 	EXP 	cross: autoDraw = False
30.1703 	EXP 	respp: autoDraw = True
32.5501 	EXP 	New trial (rep=0, index=2): OrderedDict([('audio', 'block1_trial3_attendleft_leadmasker.wav')])
32.5636 	EXP 	respp: autoDraw = False
32.5801 	EXP 	cross: autoDraw = True
33.4981 	EXP 	Sound  started
33.4981 	EXP 	Sound  unpaused
33.4985 	EXP 	window1: mouseVisible = True
33.5126 	EXP 	Created Pause = TextStim(__class__=<class 'psychopy.visual.text.TextStim'>, alignHoriz=method-wrapper(...), alignText='center', alignVert=method-wrapper(...), anchorHoriz='center', anchorVert='center', antialias=True, autoDraw=False, autoLog=True, bold=False, color=array([1., 1., 1.]), colorSpace='rgb', contrast=1.0, depth=0.0, draggable=False, flipHoriz=False, flipVert=False, font='Open Sans', fontFiles=[], height=0.05, italic=False, languageStyle='LTR', name='Pause', opacity=1.0, ori=0.0, pos=array([0., 0.]), rgb=UNKNOWN, text="Experiment Paused\n Press 'c' to continue", units='height', win=Window(...), wrapWidth=1)
33.5153 	EXP 	Pause: autoDraw = True
37.5618 	EXP 	window1: mouseVisible = True
