4.8746 	WARNING 	Requested audio device 'ASIO Fireface USB' that is not available on this hardware. The 'audioDevice' preference should be one of ['3 - DELL U2415 (AMD High Definition Audio Device)', '4 - DELL U2415 (AMD High Definition Audio Device)', 'ADAT (3+4) (RME Fireface UCX II)', 'ADAT (5+6) (RME Fireface UCX II)', 'ADAT (7+8) (RME Fireface UCX II)', 'AES (RME Fireface UCX II)', 'Analog (1+2) (RME Fireface UCX II)', 'Analog (3+4) (RME Fireface UCX II)', 'Analog (5+6) (RME Fireface UCX II)', 'SPDIF coax. (RME Fireface UCX II)', 'SPDIF/ADAT (1+2) (RME Fireface UCX II)', 'Speakers (RME Fireface UCX II)', 'Speakers/Headphones (Realtek(R) Audio)']
11.3737 	WARNING 	User requested fullscreen with size [1536  864], but screen is actually [1920, 1200]. Using actual size
13.3526 	EXP 	Created window1 = Window(allowGUI=True, allowStencil=False, autoLog=True, backendConf=UNKNOWN, backgroundFit=<method-wrapper '__getattribute__' of attributeSetter object at 0x0000020D84A4D3D0>, backgroundImage=<method-wrapper '__getattribute__' of attributeSetter object at 0x0000020D84A4D370>, bitsMode=UNKNOWN, blendMode='avg', bpc=(8, 8, 8), color=array([-1., -1., -1.]), colorSpace='rgb', depthBits=8, fullscr=<method-wrapper '__getattribute__' of attributeSetter object at 0x0000020D84A4D1C0>, gamma=None, gammaErrorPolicy='raise', lms=UNKNOWN, monitor=<psychopy.monitors.calibTools.Monitor object at 0x0000020D84DD8EB0>, multiSample=False, name='window1', numSamples=2, pos=(0, 0), screen=0, size=array([1920, 1200]), stencilBits=0, stereo=False, title='PsychoPy', units='height', useFBO=True, useRetina=False, viewOri=0.0, viewPos=None, viewScale=None, waitBlanking=True, winType='pyglet')
13.3527 	EXP 	window1: mouseVisible = True
13.3527 	EXP 	window1: backgroundImage = ''
13.3527 	EXP 	window1: backgroundFit = 'none'
13.3545 	EXP 	window1: Attempting to measure frame rate of screen (0) ...
13.3546 	EXP 	window1: recordFrameIntervals = False
13.5188 	EXP 	window1: recordFrameIntervals = True
13.7027 	EXP 	Screen (0) actual frame rate measured at 59.83Hz
13.7027 	EXP 	window1: recordFrameIntervals = False
13.7029 	EXP 	window1: mouseVisible = False
18.8197 	EXP 	Trial_mult: status = STARTED
18.8202 	EXP 	window1: mouseVisible = True
18.9128 	EXP 	Created Instructions = TextStim(__class__=<class 'psychopy.visual.text.TextStim'>, alignHoriz=method-wrapper(...), alignText='center', alignVert=method-wrapper(...), anchorHoriz='center', anchorVert='center', antialias=True, autoDraw=False, autoLog=True, bold=False, color=array([1., 1., 1.]), colorSpace='rgb', contrast=1.0, depth=0.0, draggable=False, flipHoriz=False, flipVert=False, font='Open Sans', fontFiles=[], height=0.05, italic=False, languageStyle='LTR', name='Instructions', opacity=1.0, ori=0.0, pos=array([0., 0.]), rgb=UNKNOWN, text=str(...), units='height', win=Window(...), wrapWidth=1)
18.9130 	EXP 	window1: mouseVisible = True
18.9165 	EXP 	Created cross = TextStim(__class__=<class 'psychopy.visual.text.TextStim'>, alignHoriz=method-wrapper(...), alignText='center', alignVert=method-wrapper(...), anchorHoriz='center', anchorVert='center', antialias=True, autoDraw=False, autoLog=True, bold=False, color=array([1., 1., 1.]), colorSpace='rgb', contrast=1.0, depth=0.0, draggable=False, flipHoriz=False, flipVert=False, font='Open Sans', fontFiles=[], height=0.05, italic=False, languageStyle='LTR', name='cross', opacity=1.0, ori=0.0, pos=array([0., 0.]), rgb=UNKNOWN, text='+', units='height', win=Window(...), wrapWidth=1)
18.9517 	EXP 	Sound sound_1 set volume 1.000
18.9520 	EXP 	window1: mouseVisible = True
18.9692 	EXP 	Created respp = TextStim(__class__=<class 'psychopy.visual.text.TextStim'>, alignHoriz=method-wrapper(...), alignText='center', alignVert=method-wrapper(...), anchorHoriz='center', anchorVert='center', antialias=True, autoDraw=False, autoLog=True, bold=False, color=array([1., 1., 1.]), colorSpace='rgb', contrast=1.0, depth=0.0, draggable=False, flipHoriz=False, flipVert=False, font='Open Sans', fontFiles=[], height=0.05, italic=False, languageStyle='LTR', name='respp', opacity=1.0, ori=0.0, pos=array([0., 0.]), rgb=UNKNOWN, text=str(...), units='height', win=Window(...), wrapWidth=1)
0.0376 	EXP 	Instructions: autoDraw = True
1.9981 	EXP 	Imported audio_file_paths.csv as conditions, 400 conditions, 1 params
1.9996 	EXP 	Created sequence: sequential, trialTypes=400, nReps=1, seed=None
1.9998 	EXP 	New trial (rep=0, index=0): OrderedDict([('audio', 'block1_trial1_attendright_leadtarget.wav')])
2.0070 	DATA 	Keypress: space
2.0230 	EXP 	Instructions: autoDraw = False
2.0230 	EXP 	cross: autoDraw = True
3.9911 	EXP 	Sound  started
7.7600 	EXP 	cross: autoDraw = False
13.4985 	EXP 	respp: autoDraw = True
15.4359 	DATA 	Keypress: 2
15.7355 	DATA 	Keypress: 1
15.9700 	EXP 	New trial (rep=0, index=1): OrderedDict([('audio', 'block1_trial2_attendright_leadmasker.wav')])
15.9762 	DATA 	Keypress: 3
15.9833 	EXP 	respp: autoDraw = False
15.9833 	EXP 	cross: autoDraw = True
17.1864 	DATA 	Keypress: escape
17.3356 	EXP 	Trial_mult: status = STOPPED
17.3516 	EXP 	cross: autoDraw = False
17.3517 	EXP 	Trial_mult: status = STOPPED
17.4125 	EXP 	window1: mouseVisible = True
