6.6474 	WARNING 	User requested fullscreen with size [1536  864], but screen is actually [1920, 1080]. Using actual size
7.2691 	EXP 	Created window1 = Window(allowGUI=True, allowStencil=False, autoLog=True, backendConf=UNKNOWN, backgroundFit=<method-wrapper '__getattribute__' of attributeSetter object at 0x0000015CF4CCC4F0>, backgroundImage=<method-wrapper '__getattribute__' of attributeSetter object at 0x0000015CF4CCC490>, bitsMode=UNKNOWN, blendMode='avg', bpc=(8, 8, 8), color=array([-1., -1., -1.]), colorSpace='rgb', depthBits=8, fullscr=<method-wrapper '__getattribute__' of attributeSetter object at 0x0000015CF4CCC310>, gamma=None, gammaErrorPolicy='raise', lms=UNKNOWN, monitor=<psychopy.monitors.calibTools.Monitor object at 0x0000015CF4E56100>, multiSample=False, name='window1', numSamples=2, pos=(0, 0), screen=0, size=array([1920, 1080]), stencilBits=0, stereo=False, title='PsychoPy', units='height', useFBO=True, useRetina=False, viewOri=0.0, viewPos=None, viewScale=None, waitBlanking=True, winType='pyglet')
7.2699 	EXP 	window1: mouseVisible = True
7.2699 	EXP 	window1: backgroundImage = ''
7.2700 	EXP 	window1: backgroundFit = 'none'
7.2711 	EXP 	window1: Attempting to measure frame rate of screen (0) ...
7.2711 	EXP 	window1: recordFrameIntervals = False
7.4347 	EXP 	window1: recordFrameIntervals = True
7.6175 	EXP 	Screen (0) actual frame rate measured at 60.23Hz
7.6176 	EXP 	window1: recordFrameIntervals = False
7.6177 	EXP 	window1: mouseVisible = False
9.4032 	EXP 	Trial_mult: status = STARTED
9.4036 	EXP 	window1: mouseVisible = True
9.4522 	EXP 	Created Instructions = TextStim(__class__=<class 'psychopy.visual.text.TextStim'>, alignHoriz=method-wrapper(...), alignText='center', alignVert=method-wrapper(...), anchorHoriz='center', anchorVert='center', antialias=True, autoDraw=False, autoLog=True, bold=False, color=array([1., 1., 1.]), colorSpace='rgb', contrast=1.0, depth=0.0, draggable=False, flipHoriz=False, flipVert=False, font='Open Sans', fontFiles=[], height=0.05, italic=False, languageStyle='LTR', name='Instructions', opacity=1.0, ori=0.0, pos=array([0., 0.]), rgb=UNKNOWN, text=str(...), units='height', win=Window(...), wrapWidth=1)
9.4523 	EXP 	window1: mouseVisible = True
9.4548 	EXP 	Created cross = TextStim(__class__=<class 'psychopy.visual.text.TextStim'>, alignHoriz=method-wrapper(...), alignText='center', alignVert=method-wrapper(...), anchorHoriz='center', anchorVert='center', antialias=True, autoDraw=False, autoLog=True, bold=False, color=array([1., 1., 1.]), colorSpace='rgb', contrast=1.0, depth=0.0, draggable=False, flipHoriz=False, flipVert=False, font='Open Sans', fontFiles=[], height=0.05, italic=False, languageStyle='LTR', name='cross', opacity=1.0, ori=0.0, pos=array([0., 0.]), rgb=UNKNOWN, text='+', units='height', win=Window(...), wrapWidth=1)
10.0796 	EXP 	Sound sound_1 set volume 1.000
10.0798 	EXP 	window1: mouseVisible = True
10.0870 	EXP 	Created breakk = TextStim(__class__=<class 'psychopy.visual.text.TextStim'>, alignHoriz=method-wrapper(...), alignText='center', alignVert=method-wrapper(...), anchorHoriz='center', anchorVert='center', antialias=True, autoDraw=False, autoLog=True, bold=False, color=array([1., 1., 1.]), colorSpace='rgb', contrast=1.0, depth=0.0, draggable=False, flipHoriz=False, flipVert=False, font='Open Sans', fontFiles=[], height=0.05, italic=False, languageStyle='LTR', name='breakk', opacity=1.0, ori=0.0, pos=array([0., 0.]), rgb=UNKNOWN, text=str(...), units='height', win=Window(...), wrapWidth=1)
10.0871 	EXP 	window1: mouseVisible = True
10.0994 	EXP 	Created respp = TextStim(__class__=<class 'psychopy.visual.text.TextStim'>, alignHoriz=method-wrapper(...), alignText='center', alignVert=method-wrapper(...), anchorHoriz='center', anchorVert='center', antialias=True, autoDraw=False, autoLog=True, bold=False, color=array([1., 1., 1.]), colorSpace='rgb', contrast=1.0, depth=0.0, draggable=False, flipHoriz=False, flipVert=False, font='Open Sans', fontFiles=[], height=0.05, italic=False, languageStyle='LTR', name='respp', opacity=1.0, ori=0.0, pos=array([0., 0.]), rgb=UNKNOWN, text=str(...), units='height', win=Window(...), wrapWidth=1)
0.0276 	EXP 	Instructions: autoDraw = True
1.4981 	EXP 	Imported C:\Users\maana\Documents\GitHub\Bash_Dash_Gash\Stimcode\Audio\111\audio_file_paths.csv as conditions, 400 conditions, 1 params
1.4992 	EXP 	Created sequence: sequential, trialTypes=400, nReps=1, seed=None
1.4994 	EXP 	New trial (rep=0, index=0): OrderedDict([('audio', 'block1_trial1_attendleft_leadmasker.wav')])
1.5013 	EXP 	Instructions: autoDraw = False
1.5137 	EXP 	cross: autoDraw = True
3.5185 	EXP 	Sound  started
7.3250 	EXP 	cross: autoDraw = False
7.3250 	EXP 	respp: autoDraw = True
8.1747 	EXP 	New trial (rep=0, index=1): OrderedDict([('audio', 'block1_trial2_attendright_leadmasker.wav')])
8.1886 	EXP 	respp: autoDraw = False
8.2055 	EXP 	cross: autoDraw = True
10.1837 	EXP 	Sound  started
13.9566 	EXP 	cross: autoDraw = False
13.9566 	EXP 	respp: autoDraw = True
14.8397 	EXP 	New trial (rep=0, index=2): OrderedDict([('audio', 'block1_trial3_attendright_leadtarget.wav')])
14.8539 	EXP 	respp: autoDraw = False
14.8704 	EXP 	cross: autoDraw = True
16.8491 	EXP 	Sound  started
20.6219 	EXP 	cross: autoDraw = False
20.6219 	EXP 	respp: autoDraw = True
21.8862 	EXP 	New trial (rep=0, index=3): OrderedDict([('audio', 'block1_trial4_attendleft_leadtarget.wav')])
21.9014 	EXP 	respp: autoDraw = False
21.9179 	EXP 	cross: autoDraw = True
22.8833 	EXP 	Trial_mult: status = STOPPED
22.8986 	EXP 	cross: autoDraw = False
22.8987 	EXP 	Trial_mult: status = STOPPED
23.0319 	EXP 	window1: mouseVisible = True
