5.0326 	WARNING 	Requested audio device 'ASIO Fireface USB' that is not available on this hardware. The 'audioDevice' preference should be one of ['3 - DELL U2415 (AMD High Definition Audio Device)', '4 - DELL U2415 (AMD High Definition Audio Device)', 'ADAT (3+4) (RME Fireface UCX II)', 'ADAT (5+6) (RME Fireface UCX II)', 'ADAT (7+8) (RME Fireface UCX II)', 'AES (RME Fireface UCX II)', 'Analog (1+2) (RME Fireface UCX II)', 'Analog (3+4) (RME Fireface UCX II)', 'Analog (5+6) (RME Fireface UCX II)', 'SPDIF coax. (RME Fireface UCX II)', 'SPDIF/ADAT (1+2) (RME Fireface UCX II)', 'Speakers (RME Fireface UCX II)', 'Speakers/Headphones (Realtek(R) Audio)']
13.5612 	WARNING 	User requested fullscreen with size [1536  864], but screen is actually [1920, 1200]. Using actual size
15.5310 	EXP 	Created window1 = Window(allowGUI=True, allowStencil=False, autoLog=True, backendConf=UNKNOWN, backgroundFit=<method-wrapper '__getattribute__' of attributeSetter object at 0x000002E61CFA6C70>, backgroundImage=<method-wrapper '__getattribute__' of attributeSetter object at 0x000002E61CFA6C10>, bitsMode=UNKNOWN, blendMode='avg', bpc=(8, 8, 8), color=array([-1., -1., -1.]), colorSpace='rgb', depthBits=8, fullscr=<method-wrapper '__getattribute__' of attributeSetter object at 0x000002E61CFA6A60>, gamma=None, gammaErrorPolicy='raise', lms=UNKNOWN, monitor=<psychopy.monitors.calibTools.Monitor object at 0x000002E61D336400>, multiSample=False, name='window1', numSamples=2, pos=(0, 0), screen=0, size=array([1920, 1200]), stencilBits=0, stereo=False, title='PsychoPy', units='height', useFBO=True, useRetina=False, viewOri=0.0, viewPos=None, viewScale=None, waitBlanking=True, winType='pyglet')
15.5311 	EXP 	window1: mouseVisible = True
15.5311 	EXP 	window1: backgroundImage = ''
15.5311 	EXP 	window1: backgroundFit = 'none'
15.5329 	EXP 	window1: Attempting to measure frame rate of screen (0) ...
15.5330 	EXP 	window1: recordFrameIntervals = False
15.6969 	EXP 	window1: recordFrameIntervals = True
15.8805 	EXP 	Screen (0) actual frame rate measured at 60.17Hz
15.8805 	EXP 	window1: recordFrameIntervals = False
15.8807 	EXP 	window1: mouseVisible = False
22.5230 	EXP 	Trial_mult: status = STARTED
22.5234 	EXP 	window1: mouseVisible = True
22.6224 	EXP 	Created Instructions = TextStim(__class__=<class 'psychopy.visual.text.TextStim'>, alignHoriz=method-wrapper(...), alignText='center', alignVert=method-wrapper(...), anchorHoriz='center', anchorVert='center', antialias=True, autoDraw=False, autoLog=True, bold=False, color=array([1., 1., 1.]), colorSpace='rgb', contrast=1.0, depth=0.0, draggable=False, flipHoriz=False, flipVert=False, font='Open Sans', fontFiles=[], height=0.05, italic=False, languageStyle='LTR', name='Instructions', opacity=1.0, ori=0.0, pos=array([0., 0.]), rgb=UNKNOWN, text=str(...), units='height', win=Window(...), wrapWidth=1)
22.6225 	EXP 	window1: mouseVisible = True
22.6261 	EXP 	Created cross = TextStim(__class__=<class 'psychopy.visual.text.TextStim'>, alignHoriz=method-wrapper(...), alignText='center', alignVert=method-wrapper(...), anchorHoriz='center', anchorVert='center', antialias=True, autoDraw=False, autoLog=True, bold=False, color=array([1., 1., 1.]), colorSpace='rgb', contrast=1.0, depth=0.0, draggable=False, flipHoriz=False, flipVert=False, font='Open Sans', fontFiles=[], height=0.05, italic=False, languageStyle='LTR', name='cross', opacity=1.0, ori=0.0, pos=array([0., 0.]), rgb=UNKNOWN, text='+', units='height', win=Window(...), wrapWidth=1)
22.6686 	EXP 	Sound sound_1 set volume 1.000
22.6688 	EXP 	window1: mouseVisible = True
22.6778 	EXP 	Created breakk = TextStim(__class__=<class 'psychopy.visual.text.TextStim'>, alignHoriz=method-wrapper(...), alignText='center', alignVert=method-wrapper(...), anchorHoriz='center', anchorVert='center', antialias=True, autoDraw=False, autoLog=True, bold=False, color=array([1., 1., 1.]), colorSpace='rgb', contrast=1.0, depth=0.0, draggable=False, flipHoriz=False, flipVert=False, font='Open Sans', fontFiles=[], height=0.05, italic=False, languageStyle='LTR', name='breakk', opacity=1.0, ori=0.0, pos=array([0., 0.]), rgb=UNKNOWN, text=str(...), units='height', win=Window(...), wrapWidth=1)
22.6779 	EXP 	window1: mouseVisible = True
22.6947 	EXP 	Created respp = TextStim(__class__=<class 'psychopy.visual.text.TextStim'>, alignHoriz=method-wrapper(...), alignText='center', alignVert=method-wrapper(...), anchorHoriz='center', anchorVert='center', antialias=True, autoDraw=False, autoLog=True, bold=False, color=array([1., 1., 1.]), colorSpace='rgb', contrast=1.0, depth=0.0, draggable=False, flipHoriz=False, flipVert=False, font='Open Sans', fontFiles=[], height=0.05, italic=False, languageStyle='LTR', name='respp', opacity=1.0, ori=0.0, pos=array([0., 0.]), rgb=UNKNOWN, text=str(...), units='height', win=Window(...), wrapWidth=1)
0.0410 	EXP 	Instructions: autoDraw = True
2.5528 	EXP 	Imported C:\Users\Lab User\Documents\GitHub\Bash_Dash_Gash\Stimcode\Audio\111\audio_file_paths.csv as conditions, 400 conditions, 1 params
2.5544 	EXP 	Created sequence: sequential, trialTypes=400, nReps=1, seed=None
2.5546 	EXP 	New trial (rep=0, index=0): OrderedDict([('audio', 'block1_trial1_attendleft_leadmasker.wav')])
2.5555 	DATA 	Keypress: space
2.5609 	EXP 	Instructions: autoDraw = False
2.5931 	EXP 	cross: autoDraw = True
4.5450 	EXP 	Sound  started
8.3310 	EXP 	cross: autoDraw = False
8.3310 	EXP 	respp: autoDraw = True
9.0342 	DATA 	Keypress: 2
9.3513 	DATA 	Keypress: 3
9.6022 	EXP 	New trial (rep=0, index=1): OrderedDict([('audio', 'block1_trial2_attendright_leadmasker.wav')])
9.6030 	DATA 	Keypress: 1
9.6153 	EXP 	respp: autoDraw = False
9.6320 	EXP 	cross: autoDraw = True
11.6175 	EXP 	Sound  started
15.3700 	EXP 	cross: autoDraw = False
15.3700 	EXP 	respp: autoDraw = True
16.0397 	DATA 	Keypress: 2
16.2733 	DATA 	Keypress: 3
16.5231 	EXP 	New trial (rep=0, index=2): OrderedDict([('audio', 'block1_trial3_attendright_leadtarget.wav')])
16.5243 	DATA 	Keypress: 1
16.5376 	EXP 	respp: autoDraw = False
16.5541 	EXP 	cross: autoDraw = True
18.5403 	EXP 	Sound  started
22.2922 	EXP 	cross: autoDraw = False
22.2922 	EXP 	respp: autoDraw = True
23.1625 	DATA 	Keypress: 2
23.3964 	DATA 	Keypress: 2
23.5784 	EXP 	New trial (rep=0, index=3): OrderedDict([('audio', 'block1_trial4_attendleft_leadtarget.wav')])
23.5791 	DATA 	Keypress: 2
23.5932 	EXP 	respp: autoDraw = False
23.6099 	EXP 	cross: autoDraw = True
25.5954 	EXP 	Sound  started
29.3478 	EXP 	cross: autoDraw = False
29.3478 	EXP 	respp: autoDraw = True
30.4516 	DATA 	Keypress: escape
30.5833 	EXP 	Trial_mult: status = STOPPED
30.7880 	EXP 	window1: mouseVisible = True
