3.5679 	ERROR 	Support for the `sounddevice` audio backend is not available this session. Please install `psychopy-sounddevice` and restart the session to enable support.
3.5680 	ERROR 	Failed to load any of the audioLibs: ['sounddevice']. Falling back to PsychToolbox ('ptb') backend for sound. Be sure to add 'ptb' to preferences to avoid seeing this message again.
3.6930 	WARNING 	We strongly recommend you activate the PTB sound engine in PsychoPy prefs as the preferred audio engine. Its timing is vastly superior. Your prefs are currently set to use ['sounddevice'] (in that order).
4.1110 	WARNING 	Requested audio device 'ASIO Fireface USB' that is not available on this hardware. The 'audioDevice' preference should be one of ['3 - DELL U2415 (AMD High Definition Audio Device)', '4 - DELL U2415 (AMD High Definition Audio Device)', 'ADAT (3+4) (RME Fireface UCX II)', 'ADAT (5+6) (RME Fireface UCX II)', 'ADAT (7+8) (RME Fireface UCX II)', 'AES (RME Fireface UCX II)', 'Analog (1+2) (RME Fireface UCX II)', 'Analog (3+4) (RME Fireface UCX II)', 'Analog (5+6) (RME Fireface UCX II)', 'SPDIF coax. (RME Fireface UCX II)', 'SPDIF/ADAT (1+2) (RME Fireface UCX II)', 'Speakers (RME Fireface UCX II)', 'Speakers/Headphones (Realtek(R) Audio)']
15.9339 	EXP 	Created window1 = Window(allowGUI=True, allowStencil=False, autoLog=True, backendConf=UNKNOWN, backgroundFit=<method-wrapper '__getattribute__' of attributeSetter object at 0x00000156888B6BE0>, backgroundImage=<method-wrapper '__getattribute__' of attributeSetter object at 0x00000156888B6B80>, bitsMode=UNKNOWN, blendMode='avg', bpc=(8, 8, 8), color=array([-1., -1., -1.]), colorSpace='rgb', depthBits=8, fullscr=<method-wrapper '__getattribute__' of attributeSetter object at 0x00000156888B69A0>, gamma=None, gammaErrorPolicy='raise', lms=UNKNOWN, monitor=<psychopy.monitors.calibTools.Monitor object at 0x0000015688E2E6D0>, multiSample=False, name='window1', numSamples=2, pos=(0, 0), screen=0, size=array([1920, 1200]), stencilBits=0, stereo=False, title='PsychoPy', units='height', useFBO=True, useRetina=False, viewOri=0.0, viewPos=None, viewScale=None, waitBlanking=True, winType='pyglet')
15.9339 	EXP 	window1: mouseVisible = True
15.9340 	EXP 	window1: backgroundImage = ''
15.9340 	EXP 	window1: backgroundFit = 'none'
15.9358 	EXP 	window1: Attempting to measure frame rate of screen (0) ...
15.9358 	EXP 	window1: recordFrameIntervals = False
16.1004 	EXP 	window1: recordFrameIntervals = True
16.2839 	EXP 	Screen (0) actual frame rate measured at 59.96Hz
16.2840 	EXP 	window1: recordFrameIntervals = False
16.2841 	EXP 	window1: mouseVisible = False
20.5162 	EXP 	Trial_mult: status = STARTED
20.5167 	EXP 	window1: mouseVisible = True
20.6305 	EXP 	Created Instructions = TextStim(__class__=<class 'psychopy.visual.text.TextStim'>, alignHoriz=method-wrapper(...), alignText='center', alignVert=method-wrapper(...), anchorHoriz='center', anchorVert='center', antialias=True, autoDraw=False, autoLog=True, bold=False, color=array([1., 1., 1.]), colorSpace='rgb', contrast=1.0, depth=0.0, draggable=False, flipHoriz=False, flipVert=False, font='Open Sans', fontFiles=[], height=0.05, italic=False, languageStyle='LTR', name='Instructions', opacity=1.0, ori=0.0, pos=array([0., 0.]), rgb=UNKNOWN, text=str(...), units='height', win=Window(...), wrapWidth=1)
20.6306 	EXP 	window1: mouseVisible = True
20.6346 	EXP 	Created cross = TextStim(__class__=<class 'psychopy.visual.text.TextStim'>, alignHoriz=method-wrapper(...), alignText='center', alignVert=method-wrapper(...), anchorHoriz='center', anchorVert='center', antialias=True, autoDraw=False, autoLog=True, bold=False, color=array([1., 1., 1.]), colorSpace='rgb', contrast=1.0, depth=0.0, draggable=False, flipHoriz=False, flipVert=False, font='Open Sans', fontFiles=[], height=0.05, italic=False, languageStyle='LTR', name='cross', opacity=1.0, ori=0.0, pos=array([0., 0.]), rgb=UNKNOWN, text='+', units='height', win=Window(...), wrapWidth=1)
20.6348 	EXP 	window1: mouseVisible = True
20.6426 	EXP 	Created breakk = TextStim(__class__=<class 'psychopy.visual.text.TextStim'>, alignHoriz=method-wrapper(...), alignText='center', alignVert=method-wrapper(...), anchorHoriz='center', anchorVert='center', antialias=True, autoDraw=False, autoLog=True, bold=False, color=array([1., 1., 1.]), colorSpace='rgb', contrast=1.0, depth=0.0, draggable=False, flipHoriz=False, flipVert=False, font='Open Sans', fontFiles=[], height=0.05, italic=False, languageStyle='LTR', name='breakk', opacity=1.0, ori=0.0, pos=array([0., 0.]), rgb=UNKNOWN, text=str(...), units='height', win=Window(...), wrapWidth=1)
20.6427 	EXP 	window1: mouseVisible = True
20.6618 	EXP 	Created respp = TextStim(__class__=<class 'psychopy.visual.text.TextStim'>, alignHoriz=method-wrapper(...), alignText='center', alignVert=method-wrapper(...), anchorHoriz='center', anchorVert='center', antialias=True, autoDraw=False, autoLog=True, bold=False, color=array([1., 1., 1.]), colorSpace='rgb', contrast=1.0, depth=0.0, draggable=False, flipHoriz=False, flipVert=False, font='Open Sans', fontFiles=[], height=0.05, italic=False, languageStyle='LTR', name='respp', opacity=1.0, ori=0.0, pos=array([0., 0.]), rgb=UNKNOWN, text=str(...), units='height', win=Window(...), wrapWidth=1)
0.0416 	EXP 	Instructions: autoDraw = True
4.9955 	EXP 	Imported C:\Users\Lab User\Documents\GitHub\Bash_Dash_Gash\Stimcode\Audio\700\audio_file_paths.csv as conditions, 12 conditions, 2 params
4.9958 	EXP 	Created sequence: sequential, trialTypes=12, nReps=1, seed=None
4.9960 	EXP 	New trial (rep=0, index=0): OrderedDict([('Index', 1), ('audio', 'block1_trial1_attendleft_leadmasker.wav')])
4.9970 	DATA 	Keypress: space
5.0126 	EXP 	Instructions: autoDraw = False
5.0294 	EXP 	cross: autoDraw = True
10.8679 	EXP 	cross: autoDraw = False
10.8679 	EXP 	respp: autoDraw = True
14.9885 	EXP 	New trial (rep=0, index=1): OrderedDict([('Index', 2), ('audio', 'block1_trial2_attendleft_leadtarget.wav')])
15.0040 	EXP 	respp: autoDraw = False
15.0206 	EXP 	cross: autoDraw = True
20.8920 	EXP 	cross: autoDraw = False
20.8920 	EXP 	respp: autoDraw = True
24.9959 	EXP 	New trial (rep=0, index=2): OrderedDict([('Index', 3), ('audio', 'block1_trial3_attendright_leadmasker.wav')])
25.0120 	EXP 	respp: autoDraw = False
25.0287 	EXP 	cross: autoDraw = True
30.8839 	EXP 	cross: autoDraw = False
30.8839 	EXP 	respp: autoDraw = True
34.9873 	EXP 	New trial (rep=0, index=3): OrderedDict([('Index', 4), ('audio', 'block1_trial4_attendright_leadtarget.wav')])
35.0033 	EXP 	respp: autoDraw = False
35.0200 	EXP 	cross: autoDraw = True
40.8580 	EXP 	cross: autoDraw = False
40.8580 	EXP 	respp: autoDraw = True
44.9953 	EXP 	New trial (rep=0, index=4): OrderedDict([('Index', 5), ('audio', 'block1_trial5_attendright_leadtarget.wav')])
45.0115 	EXP 	respp: autoDraw = False
45.0281 	EXP 	cross: autoDraw = True
50.8999 	EXP 	cross: autoDraw = False
50.8999 	EXP 	respp: autoDraw = True
54.9866 	EXP 	New trial (rep=0, index=5): OrderedDict([('Index', 6), ('audio', 'block1_trial6_attendleft_leadmasker.wav')])
55.0027 	EXP 	respp: autoDraw = False
55.0194 	EXP 	cross: autoDraw = True
60.8741 	EXP 	cross: autoDraw = False
60.8741 	EXP 	respp: autoDraw = True
64.9947 	EXP 	New trial (rep=0, index=6): OrderedDict([('Index', 7), ('audio', 'block1_trial7_attendleft_leadtarget.wav')])
65.0107 	EXP 	respp: autoDraw = False
65.0275 	EXP 	cross: autoDraw = True
70.8659 	EXP 	cross: autoDraw = False
70.8659 	EXP 	respp: autoDraw = True
74.9860 	EXP 	New trial (rep=0, index=7): OrderedDict([('Index', 8), ('audio', 'block1_trial8_attendleft_leadtarget.wav')])
75.0020 	EXP 	respp: autoDraw = False
75.0188 	EXP 	cross: autoDraw = True
80.8901 	EXP 	cross: autoDraw = False
80.8901 	EXP 	respp: autoDraw = True
84.9940 	EXP 	New trial (rep=0, index=8): OrderedDict([('Index', 9), ('audio', 'block1_trial9_attendleft_leadmasker.wav')])
85.0102 	EXP 	respp: autoDraw = False
85.0268 	EXP 	cross: autoDraw = True
90.8820 	EXP 	cross: autoDraw = False
90.8820 	EXP 	respp: autoDraw = True
95.0020 	EXP 	New trial (rep=0, index=9): OrderedDict([('Index', 10), ('audio', 'block1_trial10_attendright_leadtarget.wav')])
95.0181 	EXP 	respp: autoDraw = False
95.0348 	EXP 	cross: autoDraw = True
100.8562 	EXP 	cross: autoDraw = False
100.8562 	EXP 	respp: autoDraw = True
104.9933 	EXP 	New trial (rep=0, index=10): OrderedDict([('Index', 11), ('audio', 'block1_trial11_attendright_leadmasker.wav')])
105.0095 	EXP 	respp: autoDraw = False
105.0262 	EXP 	cross: autoDraw = True
110.8981 	EXP 	cross: autoDraw = False
110.8981 	EXP 	respp: autoDraw = True
115.0013 	EXP 	New trial (rep=0, index=11): OrderedDict([('Index', 12), ('audio', 'block1_trial12_attendright_leadmasker.wav')])
115.0175 	EXP 	respp: autoDraw = False
115.0342 	EXP 	cross: autoDraw = True
120.8309 	EXP 	Trial_mult: status = STOPPED
120.8315 	DATA 	Keypress: escape
120.8394 	EXP 	cross: autoDraw = False
120.8395 	EXP 	Trial_mult: status = STOPPED
121.5274 	EXP 	window1: mouseVisible = True
