3.6947 	ERROR 	Support for the `sounddevice` audio backend is not available this session. Please install `psychopy-sounddevice` and restart the session to enable support.
3.6948 	ERROR 	Failed to load any of the audioLibs: ['sounddevice']. Falling back to PsychToolbox ('ptb') backend for sound. Be sure to add 'ptb' to preferences to avoid seeing this message again.
3.8205 	WARNING 	We strongly recommend you activate the PTB sound engine in PsychoPy prefs as the preferred audio engine. Its timing is vastly superior. Your prefs are currently set to use ['sounddevice'] (in that order).
4.2478 	WARNING 	Requested audio device 'ASIO Fireface USB' that is not available on this hardware. The 'audioDevice' preference should be one of ['3 - DELL U2415 (AMD High Definition Audio Device)', '4 - DELL U2415 (AMD High Definition Audio Device)', 'ADAT (3+4) (RME Fireface UCX II)', 'ADAT (5+6) (RME Fireface UCX II)', 'ADAT (7+8) (RME Fireface UCX II)', 'AES (RME Fireface UCX II)', 'Analog (1+2) (RME Fireface UCX II)', 'Analog (3+4) (RME Fireface UCX II)', 'Analog (5+6) (RME Fireface UCX II)', 'SPDIF coax. (RME Fireface UCX II)', 'SPDIF/ADAT (1+2) (RME Fireface UCX II)', 'Speakers (RME Fireface UCX II)', 'Speakers/Headphones (Realtek(R) Audio)']
16.5587 	EXP 	Created window1 = Window(allowGUI=True, allowStencil=False, autoLog=True, backendConf=UNKNOWN, backgroundFit=<method-wrapper '__getattribute__' of attributeSetter object at 0x00000149C4DB6BB0>, backgroundImage=<method-wrapper '__getattribute__' of attributeSetter object at 0x00000149C4DB6B50>, bitsMode=UNKNOWN, blendMode='avg', bpc=(8, 8, 8), color=array([-1., -1., -1.]), colorSpace='rgb', depthBits=8, fullscr=<method-wrapper '__getattribute__' of attributeSetter object at 0x00000149C4DB6970>, gamma=None, gammaErrorPolicy='raise', lms=UNKNOWN, monitor=<psychopy.monitors.calibTools.Monitor object at 0x00000149C532E7C0>, multiSample=False, name='window1', numSamples=2, pos=(0, 0), screen=0, size=array([1920, 1200]), stencilBits=0, stereo=False, title='PsychoPy', units='height', useFBO=True, useRetina=False, viewOri=0.0, viewPos=None, viewScale=None, waitBlanking=True, winType='pyglet')
16.5588 	EXP 	window1: mouseVisible = True
16.5588 	EXP 	window1: backgroundImage = ''
16.5589 	EXP 	window1: backgroundFit = 'none'
16.5607 	EXP 	window1: Attempting to measure frame rate of screen (0) ...
16.5608 	EXP 	window1: recordFrameIntervals = False
16.7245 	EXP 	window1: recordFrameIntervals = True
16.9085 	EXP 	Screen (0) actual frame rate measured at 59.86Hz
16.9085 	EXP 	window1: recordFrameIntervals = False
16.9087 	EXP 	window1: mouseVisible = False
21.1434 	EXP 	Trial_mult: status = STARTED
21.1440 	EXP 	window1: mouseVisible = True
21.2594 	EXP 	Created Instructions = TextStim(__class__=<class 'psychopy.visual.text.TextStim'>, alignHoriz=method-wrapper(...), alignText='center', alignVert=method-wrapper(...), anchorHoriz='center', anchorVert='center', antialias=True, autoDraw=False, autoLog=True, bold=False, color=array([1., 1., 1.]), colorSpace='rgb', contrast=1.0, depth=0.0, draggable=False, flipHoriz=False, flipVert=False, font='Open Sans', fontFiles=[], height=0.05, italic=False, languageStyle='LTR', name='Instructions', opacity=1.0, ori=0.0, pos=array([0., 0.]), rgb=UNKNOWN, text=str(...), units='height', win=Window(...), wrapWidth=1)
21.2596 	EXP 	window1: mouseVisible = True
21.2636 	EXP 	Created cross = TextStim(__class__=<class 'psychopy.visual.text.TextStim'>, alignHoriz=method-wrapper(...), alignText='center', alignVert=method-wrapper(...), anchorHoriz='center', anchorVert='center', antialias=True, autoDraw=False, autoLog=True, bold=False, color=array([1., 1., 1.]), colorSpace='rgb', contrast=1.0, depth=0.0, draggable=False, flipHoriz=False, flipVert=False, font='Open Sans', fontFiles=[], height=0.05, italic=False, languageStyle='LTR', name='cross', opacity=1.0, ori=0.0, pos=array([0., 0.]), rgb=UNKNOWN, text='+', units='height', win=Window(...), wrapWidth=1)
21.2638 	EXP 	window1: mouseVisible = True
21.2718 	EXP 	Created breakk = TextStim(__class__=<class 'psychopy.visual.text.TextStim'>, alignHoriz=method-wrapper(...), alignText='center', alignVert=method-wrapper(...), anchorHoriz='center', anchorVert='center', antialias=True, autoDraw=False, autoLog=True, bold=False, color=array([1., 1., 1.]), colorSpace='rgb', contrast=1.0, depth=0.0, draggable=False, flipHoriz=False, flipVert=False, font='Open Sans', fontFiles=[], height=0.05, italic=False, languageStyle='LTR', name='breakk', opacity=1.0, ori=0.0, pos=array([0., 0.]), rgb=UNKNOWN, text=str(...), units='height', win=Window(...), wrapWidth=1)
21.2720 	EXP 	window1: mouseVisible = True
21.2846 	EXP 	Created respp = TextStim(__class__=<class 'psychopy.visual.text.TextStim'>, alignHoriz=method-wrapper(...), alignText='center', alignVert=method-wrapper(...), anchorHoriz='center', anchorVert='center', antialias=True, autoDraw=False, autoLog=True, bold=False, color=array([1., 1., 1.]), colorSpace='rgb', contrast=1.0, depth=0.0, draggable=False, flipHoriz=False, flipVert=False, font='Open Sans', fontFiles=[], height=0.05, italic=False, languageStyle='LTR', name='respp', opacity=1.0, ori=0.0, pos=array([0., 0.]), rgb=UNKNOWN, text=str(...), units='height', win=Window(...), wrapWidth=1)
0.0434 	EXP 	Instructions: autoDraw = True
10.0848 	EXP 	Instructions: autoDraw = False
31.2063 	EXP 	Imported C:\Users\Lab User\Documents\GitHub\Bash_Dash_Gash\Stimcode\Audio\700\audio_file_paths.csv as conditions, 12 conditions, 2 params
31.2067 	EXP 	Created sequence: sequential, trialTypes=12, nReps=1, seed=None
31.2070 	EXP 	New trial (rep=0, index=0): OrderedDict([('Index', 1), ('audio', 'block1_trial1_attendleft_leadmasker.wav')])
31.2080 	DATA 	Keypress: space
31.2191 	EXP 	Instructions: autoDraw = False
31.2355 	EXP 	cross: autoDraw = True
37.0239 	EXP 	cross: autoDraw = False
37.0239 	EXP 	respp: autoDraw = True
41.1276 	EXP 	New trial (rep=0, index=1): OrderedDict([('Index', 2), ('audio', 'block1_trial2_attendleft_leadtarget.wav')])
41.1430 	EXP 	respp: autoDraw = False
41.1597 	EXP 	cross: autoDraw = True
47.0144 	EXP 	cross: autoDraw = False
47.0144 	EXP 	respp: autoDraw = True
50.9034 	DATA 	Keypress: 2
51.0537 	DATA 	Keypress: 1
51.1352 	EXP 	New trial (rep=0, index=2): OrderedDict([('Index', 3), ('audio', 'block1_trial3_attendright_leadmasker.wav')])
51.1510 	EXP 	respp: autoDraw = False
51.1677 	EXP 	cross: autoDraw = True
51.2194 	DATA 	Keypress: 3
57.0396 	EXP 	cross: autoDraw = False
57.0396 	EXP 	respp: autoDraw = True
59.2265 	DATA 	Keypress: 1
59.3428 	EXP 	New trial (rep=0, index=3): OrderedDict([('Index', 4), ('audio', 'block1_trial4_attendright_leadtarget.wav')])
59.3435 	DATA 	Keypress: 2
59.3577 	EXP 	respp: autoDraw = False
59.3744 	EXP 	cross: autoDraw = True
65.2128 	EXP 	cross: autoDraw = False
65.2128 	EXP 	respp: autoDraw = True
69.3496 	EXP 	New trial (rep=0, index=4): OrderedDict([('Index', 5), ('audio', 'block1_trial5_attendright_leadtarget.wav')])
69.3656 	EXP 	respp: autoDraw = False
69.3825 	EXP 	cross: autoDraw = True
75.1946 	EXP 	Trial_mult: status = STOPPED
75.1952 	DATA 	Keypress: 2
75.1954 	DATA 	Keypress: escape
75.2042 	EXP 	cross: autoDraw = False
75.2042 	EXP 	Trial_mult: status = STOPPED
75.4596 	EXP 	window1: mouseVisible = True
