3.5706 	ERROR 	Support for the `sounddevice` audio backend is not available this session. Please install `psychopy-sounddevice` and restart the session to enable support.
3.5707 	ERROR 	Failed to load any of the audioLibs: ['sounddevice']. Falling back to PsychToolbox ('ptb') backend for sound. Be sure to add 'ptb' to preferences to avoid seeing this message again.
3.6950 	WARNING 	We strongly recommend you activate the PTB sound engine in PsychoPy prefs as the preferred audio engine. Its timing is vastly superior. Your prefs are currently set to use ['sounddevice'] (in that order).
4.1140 	WARNING 	Requested audio device 'ASIO Fireface USB' that is not available on this hardware. The 'audioDevice' preference should be one of ['3 - DELL U2415 (AMD High Definition Audio Device)', '4 - DELL U2415 (AMD High Definition Audio Device)', 'ADAT (3+4) (RME Fireface UCX II)', 'ADAT (5+6) (RME Fireface UCX II)', 'ADAT (7+8) (RME Fireface UCX II)', 'AES (RME Fireface UCX II)', 'Analog (1+2) (RME Fireface UCX II)', 'Analog (3+4) (RME Fireface UCX II)', 'Analog (5+6) (RME Fireface UCX II)', 'SPDIF coax. (RME Fireface UCX II)', 'SPDIF/ADAT (1+2) (RME Fireface UCX II)', 'Speakers (RME Fireface UCX II)', 'Speakers/Headphones (Realtek(R) Audio)']
15.7242 	EXP 	Created window1 = Window(allowGUI=True, allowStencil=False, autoLog=True, backendConf=UNKNOWN, backgroundFit=<method-wrapper '__getattribute__' of attributeSetter object at 0x0000028660C34C40>, backgroundImage=<method-wrapper '__getattribute__' of attributeSetter object at 0x0000028660C34BE0>, bitsMode=UNKNOWN, blendMode='avg', bpc=(8, 8, 8), color=array([-1., -1., -1.]), colorSpace='rgb', depthBits=8, fullscr=<method-wrapper '__getattribute__' of attributeSetter object at 0x0000028660C34A00>, gamma=None, gammaErrorPolicy='raise', lms=UNKNOWN, monitor=<psychopy.monitors.calibTools.Monitor object at 0x00000286611AE850>, multiSample=False, name='window1', numSamples=2, pos=(0, 0), screen=0, size=array([1920, 1200]), stencilBits=0, stereo=False, title='PsychoPy', units='height', useFBO=True, useRetina=False, viewOri=0.0, viewPos=None, viewScale=None, waitBlanking=True, winType='pyglet')
15.7243 	EXP 	window1: mouseVisible = True
15.7243 	EXP 	window1: backgroundImage = ''
15.7243 	EXP 	window1: backgroundFit = 'none'
15.7261 	EXP 	window1: Attempting to measure frame rate of screen (0) ...
15.7261 	EXP 	window1: recordFrameIntervals = False
15.8909 	EXP 	window1: recordFrameIntervals = True
16.0746 	EXP 	Screen (0) actual frame rate measured at 59.75Hz
16.0747 	EXP 	window1: recordFrameIntervals = False
16.0748 	EXP 	window1: mouseVisible = False
20.3139 	EXP 	Trial_mult: status = STARTED
20.3144 	EXP 	window1: mouseVisible = True
20.4403 	EXP 	Created Instructions = TextStim(__class__=<class 'psychopy.visual.text.TextStim'>, alignHoriz=method-wrapper(...), alignText='center', alignVert=method-wrapper(...), anchorHoriz='center', anchorVert='center', antialias=True, autoDraw=False, autoLog=True, bold=False, color=array([1., 1., 1.]), colorSpace='rgb', contrast=1.0, depth=0.0, draggable=False, flipHoriz=False, flipVert=False, font='Open Sans', fontFiles=[], height=0.05, italic=False, languageStyle='LTR', name='Instructions', opacity=1.0, ori=0.0, pos=array([0., 0.]), rgb=UNKNOWN, text=str(...), units='height', win=Window(...), wrapWidth=1)
20.4405 	EXP 	window1: mouseVisible = True
20.4446 	EXP 	Created cross = TextStim(__class__=<class 'psychopy.visual.text.TextStim'>, alignHoriz=method-wrapper(...), alignText='center', alignVert=method-wrapper(...), anchorHoriz='center', anchorVert='center', antialias=True, autoDraw=False, autoLog=True, bold=False, color=array([1., 1., 1.]), colorSpace='rgb', contrast=1.0, depth=0.0, draggable=False, flipHoriz=False, flipVert=False, font='Open Sans', fontFiles=[], height=0.05, italic=False, languageStyle='LTR', name='cross', opacity=1.0, ori=0.0, pos=array([0., 0.]), rgb=UNKNOWN, text='+', units='height', win=Window(...), wrapWidth=1)
20.4448 	EXP 	window1: mouseVisible = True
20.4533 	EXP 	Created breakk = TextStim(__class__=<class 'psychopy.visual.text.TextStim'>, alignHoriz=method-wrapper(...), alignText='center', alignVert=method-wrapper(...), anchorHoriz='center', anchorVert='center', antialias=True, autoDraw=False, autoLog=True, bold=False, color=array([1., 1., 1.]), colorSpace='rgb', contrast=1.0, depth=0.0, draggable=False, flipHoriz=False, flipVert=False, font='Open Sans', fontFiles=[], height=0.05, italic=False, languageStyle='LTR', name='breakk', opacity=1.0, ori=0.0, pos=array([0., 0.]), rgb=UNKNOWN, text=str(...), units='height', win=Window(...), wrapWidth=1)
20.4535 	EXP 	window1: mouseVisible = True
20.4666 	EXP 	Created respp = TextStim(__class__=<class 'psychopy.visual.text.TextStim'>, alignHoriz=method-wrapper(...), alignText='center', alignVert=method-wrapper(...), anchorHoriz='center', anchorVert='center', antialias=True, autoDraw=False, autoLog=True, bold=False, color=array([1., 1., 1.]), colorSpace='rgb', contrast=1.0, depth=0.0, draggable=False, flipHoriz=False, flipVert=False, font='Open Sans', fontFiles=[], height=0.05, italic=False, languageStyle='LTR', name='respp', opacity=1.0, ori=0.0, pos=array([0., 0.]), rgb=UNKNOWN, text=str(...), units='height', win=Window(...), wrapWidth=1)
0.0616 	EXP 	Instructions: autoDraw = True
1.1396 	EXP 	Imported C:\Users\Lab User\Documents\GitHub\Bash_Dash_Gash\Stimcode\Audio\719\audio_file_paths.csv as conditions, 400 conditions, 2 params
1.1412 	EXP 	Created sequence: sequential, trialTypes=400, nReps=1, seed=None
1.1415 	EXP 	New trial (rep=0, index=0): OrderedDict([('Index', 1), ('audio', 'block1_trial1_attendright_leadmasker.wav')])
1.1424 	DATA 	Keypress: space
1.1622 	EXP 	Instructions: autoDraw = False
1.1789 	EXP 	cross: autoDraw = True
7.0172 	EXP 	cross: autoDraw = False
7.0172 	EXP 	respp: autoDraw = True
8.0536 	DATA 	Keypress: 2
8.2203 	DATA 	Keypress: 1
8.4989 	DATA 	Keypress: 3
10.4893 	EXP 	New trial (rep=0, index=1): OrderedDict([('Index', 2), ('audio', 'block1_trial2_attendright_leadmasker.wav')])
10.5035 	EXP 	respp: autoDraw = False
10.5204 	EXP 	cross: autoDraw = True
16.3916 	EXP 	cross: autoDraw = False
16.3916 	EXP 	respp: autoDraw = True
17.0440 	DATA 	Keypress: 1
17.2443 	DATA 	Keypress: 2
17.4537 	DATA 	Keypress: 3
19.4443 	EXP 	New trial (rep=0, index=2): OrderedDict([('Index', 3), ('audio', 'block1_trial3_attendright_leadtarget.wav')])
19.4601 	EXP 	respp: autoDraw = False
19.4768 	EXP 	cross: autoDraw = True
25.3477 	EXP 	cross: autoDraw = False
25.3477 	EXP 	respp: autoDraw = True
26.4518 	DATA 	Keypress: 2
26.6855 	DATA 	Keypress: 1
27.0445 	DATA 	Keypress: 3
29.0352 	EXP 	New trial (rep=0, index=3): OrderedDict([('Index', 4), ('audio', 'block1_trial4_attendright_leadmasker.wav')])
29.0513 	EXP 	respp: autoDraw = False
29.0679 	EXP 	cross: autoDraw = True
34.9226 	EXP 	cross: autoDraw = False
34.9226 	EXP 	respp: autoDraw = True
36.0760 	DATA 	Keypress: 1
36.2433 	DATA 	Keypress: 2
36.4858 	DATA 	Keypress: 3
38.4770 	EXP 	New trial (rep=0, index=4): OrderedDict([('Index', 5), ('audio', 'block1_trial5_attendright_leadmasker.wav')])
38.4921 	EXP 	respp: autoDraw = False
38.5091 	EXP 	cross: autoDraw = True
44.3470 	EXP 	cross: autoDraw = False
44.3470 	EXP 	respp: autoDraw = True
50.4844 	EXP 	New trial (rep=0, index=5): OrderedDict([('Index', 6), ('audio', 'block1_trial6_attendleft_leadtarget.wav')])
50.5023 	EXP 	respp: autoDraw = False
54.3383 	EXP 	cross: autoDraw = True
54.3710 	EXP 	cross: autoDraw = False
54.3710 	EXP 	respp: autoDraw = True
56.9591 	DATA 	Keypress: escape
57.1410 	EXP 	Trial_mult: status = STOPPED
57.2206 	EXP 	window1: mouseVisible = True
