3.5672 	ERROR 	Support for the `sounddevice` audio backend is not available this session. Please install `psychopy-sounddevice` and restart the session to enable support.
3.5673 	ERROR 	Failed to load any of the audioLibs: ['sounddevice']. Falling back to PsychToolbox ('ptb') backend for sound. Be sure to add 'ptb' to preferences to avoid seeing this message again.
3.6914 	WARNING 	We strongly recommend you activate the PTB sound engine in PsychoPy prefs as the preferred audio engine. Its timing is vastly superior. Your prefs are currently set to use ['sounddevice'] (in that order).
4.1151 	WARNING 	Requested audio device 'ASIO Fireface USB' that is not available on this hardware. The 'audioDevice' preference should be one of ['3 - DELL U2415 (AMD High Definition Audio Device)', '4 - DELL U2415 (AMD High Definition Audio Device)', 'ADAT (3+4) (RME Fireface UCX II)', 'ADAT (5+6) (RME Fireface UCX II)', 'ADAT (7+8) (RME Fireface UCX II)', 'AES (RME Fireface UCX II)', 'Analog (1+2) (RME Fireface UCX II)', 'Analog (3+4) (RME Fireface UCX II)', 'Analog (5+6) (RME Fireface UCX II)', 'SPDIF coax. (RME Fireface UCX II)', 'SPDIF/ADAT (1+2) (RME Fireface UCX II)', 'Speakers (RME Fireface UCX II)', 'Speakers/Headphones (Realtek(R) Audio)']
29.3630 	EXP 	Created window1 = Window(allowGUI=True, allowStencil=False, autoLog=True, backendConf=UNKNOWN, backgroundFit=<method-wrapper '__getattribute__' of attributeSetter object at 0x0000024AEF151E80>, backgroundImage=<method-wrapper '__getattribute__' of attributeSetter object at 0x0000024AEF151E20>, bitsMode=UNKNOWN, blendMode='avg', bpc=(8, 8, 8), color=array([-1., -1., -1.]), colorSpace='rgb', depthBits=8, fullscr=<method-wrapper '__getattribute__' of attributeSetter object at 0x0000024AEF151C40>, gamma=None, gammaErrorPolicy='raise', lms=UNKNOWN, monitor=<psychopy.monitors.calibTools.Monitor object at 0x0000024AEF6BEA90>, multiSample=False, name='window1', numSamples=2, pos=(0, 0), screen=0, size=array([1920, 1200]), stencilBits=0, stereo=False, title='PsychoPy', units='height', useFBO=True, useRetina=False, viewOri=0.0, viewPos=None, viewScale=None, waitBlanking=True, winType='pyglet')
29.3631 	EXP 	window1: mouseVisible = True
29.3631 	EXP 	window1: backgroundImage = ''
29.3631 	EXP 	window1: backgroundFit = 'none'
29.3650 	EXP 	window1: Attempting to measure frame rate of screen (0) ...
29.3650 	EXP 	window1: recordFrameIntervals = False
29.5289 	EXP 	window1: recordFrameIntervals = True
29.7125 	EXP 	Screen (0) actual frame rate measured at 59.94Hz
29.7126 	EXP 	window1: recordFrameIntervals = False
29.7127 	EXP 	window1: mouseVisible = False
33.9871 	EXP 	Trial_mult: status = STARTED
33.9876 	EXP 	window1: mouseVisible = True
34.0756 	EXP 	Created Instructions = TextStim(__class__=<class 'psychopy.visual.text.TextStim'>, alignHoriz=method-wrapper(...), alignText='center', alignVert=method-wrapper(...), anchorHoriz='center', anchorVert='center', antialias=True, autoDraw=False, autoLog=True, bold=False, color=array([1., 1., 1.]), colorSpace='rgb', contrast=1.0, depth=0.0, draggable=False, flipHoriz=False, flipVert=False, font='Open Sans', fontFiles=[], height=0.05, italic=False, languageStyle='LTR', name='Instructions', opacity=1.0, ori=0.0, pos=array([0., 0.]), rgb=UNKNOWN, text=str(...), units='height', win=Window(...), wrapWidth=1)
34.0758 	EXP 	window1: mouseVisible = True
34.0796 	EXP 	Created cross = TextStim(__class__=<class 'psychopy.visual.text.TextStim'>, alignHoriz=method-wrapper(...), alignText='center', alignVert=method-wrapper(...), anchorHoriz='center', anchorVert='center', antialias=True, autoDraw=False, autoLog=True, bold=False, color=array([1., 1., 1.]), colorSpace='rgb', contrast=1.0, depth=0.0, draggable=False, flipHoriz=False, flipVert=False, font='Open Sans', fontFiles=[], height=0.05, italic=False, languageStyle='LTR', name='cross', opacity=1.0, ori=0.0, pos=array([0., 0.]), rgb=UNKNOWN, text='+', units='height', win=Window(...), wrapWidth=1)
34.0797 	EXP 	window1: mouseVisible = True
34.0877 	EXP 	Created breakk = TextStim(__class__=<class 'psychopy.visual.text.TextStim'>, alignHoriz=method-wrapper(...), alignText='center', alignVert=method-wrapper(...), anchorHoriz='center', anchorVert='center', antialias=True, autoDraw=False, autoLog=True, bold=False, color=array([1., 1., 1.]), colorSpace='rgb', contrast=1.0, depth=0.0, draggable=False, flipHoriz=False, flipVert=False, font='Open Sans', fontFiles=[], height=0.05, italic=False, languageStyle='LTR', name='breakk', opacity=1.0, ori=0.0, pos=array([0., 0.]), rgb=UNKNOWN, text=str(...), units='height', win=Window(...), wrapWidth=1)
34.0879 	EXP 	window1: mouseVisible = True
34.1004 	EXP 	Created respp = TextStim(__class__=<class 'psychopy.visual.text.TextStim'>, alignHoriz=method-wrapper(...), alignText='center', alignVert=method-wrapper(...), anchorHoriz='center', anchorVert='center', antialias=True, autoDraw=False, autoLog=True, bold=False, color=array([1., 1., 1.]), colorSpace='rgb', contrast=1.0, depth=0.0, draggable=False, flipHoriz=False, flipVert=False, font='Open Sans', fontFiles=[], height=0.05, italic=False, languageStyle='LTR', name='respp', opacity=1.0, ori=0.0, pos=array([0., 0.]), rgb=UNKNOWN, text=str(...), units='height', win=Window(...), wrapWidth=1)
0.0512 	EXP 	Instructions: autoDraw = True
1.0943 	EXP 	Imported C:\Users\Lab User\Documents\GitHub\Bash_Dash_Gash\Stimcode\Audio\720\audio_file_paths.csv as conditions, 400 conditions, 2 params
1.0959 	EXP 	Created sequence: sequential, trialTypes=400, nReps=1, seed=None
1.0961 	EXP 	New trial (rep=0, index=0): OrderedDict([('Index', 1), ('audio', 'block1_trial1_attendright_leadmasker.wav')])
1.1165 	EXP 	Instructions: autoDraw = False
1.1503 	EXP 	cross: autoDraw = True
6.9544 	EXP 	cross: autoDraw = False
6.9544 	EXP 	respp: autoDraw = True
8.0082 	EXP 	New trial (rep=0, index=1): OrderedDict([('Index', 2), ('audio', 'block1_trial2_attendright_leadmasker.wav')])
8.0219 	EXP 	respp: autoDraw = False
8.0386 	EXP 	cross: autoDraw = True
13.8770 	EXP 	cross: autoDraw = False
13.8770 	EXP 	respp: autoDraw = True
15.4965 	EXP 	New trial (rep=0, index=2): OrderedDict([('Index', 3), ('audio', 'block1_trial3_attendright_leadtarget.wav')])
15.5113 	EXP 	respp: autoDraw = False
15.5279 	EXP 	cross: autoDraw = True
21.3993 	EXP 	cross: autoDraw = False
21.3993 	EXP 	respp: autoDraw = True
23.2027 	EXP 	New trial (rep=0, index=3): OrderedDict([('Index', 4), ('audio', 'block1_trial4_attendright_leadmasker.wav')])
23.2175 	EXP 	respp: autoDraw = False
23.2341 	EXP 	cross: autoDraw = True
29.1055 	EXP 	cross: autoDraw = False
29.1055 	EXP 	respp: autoDraw = True
30.1248 	EXP 	New trial (rep=0, index=4): OrderedDict([('Index', 5), ('audio', 'block1_trial5_attendright_leadmasker.wav')])
30.1398 	EXP 	respp: autoDraw = False
30.1565 	EXP 	cross: autoDraw = True
36.0127 	EXP 	New trial (rep=0, index=5): OrderedDict([('Index', 6), ('audio', 'block1_trial6_attendleft_leadtarget.wav')])
36.0276 	EXP 	cross: autoDraw = False
36.0276 	EXP 	respp: autoDraw = True
36.0276 	EXP 	respp: autoDraw = False
36.0444 	EXP 	cross: autoDraw = True
41.8829 	EXP 	cross: autoDraw = False
41.8829 	EXP 	respp: autoDraw = True
42.9852 	EXP 	New trial (rep=0, index=6): OrderedDict([('Index', 7), ('audio', 'block1_trial7_attendleft_leadtarget.wav')])
42.9999 	EXP 	respp: autoDraw = False
43.0166 	EXP 	cross: autoDraw = True
48.8880 	EXP 	cross: autoDraw = False
48.8880 	EXP 	respp: autoDraw = True
49.4397 	EXP 	Trial_mult: status = STOPPED
49.4888 	EXP 	window1: mouseVisible = True
